#
# There is insufficient memory for the Java Runtime Environment to continue.
# Native memory allocation (mmap) failed to map 65536 bytes for Failed to commit metaspace.
# Possible reasons:
#   The system is out of physical RAM or swap space
#   The process is running with CompressedOops enabled, and the Java Heap may be blocking the growth of the native heap
# Possible solutions:
#   Reduce memory load on the system
#   Increase physical memory or swap space
#   Check if swap backing store is full
#   Decrease Java heap size (-Xmx/-Xms)
#   Decrease number of Java threads
#   Decrease Java thread stack sizes (-Xss)
#   Set larger code cache with -XX:ReservedCodeCacheSize=
#   JVM is running with Unscaled Compressed Oops mode in which the Java heap is
#     placed in the first 4GB address space. The Java Heap base address is the
#     maximum limit for the native heap growth. Please use -XX:HeapBaseMinAddress
#     to set the Java Heap base and to place the Java Heap above 4GB virtual address.
# This output file may be truncated or incomplete.
#
#  Out of Memory Error (virtualSpaceNode.cpp:108), pid=2136, tid=4356
#
# JRE version: Java(TM) SE Runtime Environment (16.0+36) (build 16+36-2231)
# Java VM: Java HotSpot(TM) 64-Bit Server VM (16+36-2231, mixed mode, sharing, tiered, compressed oops, g1 gc, windows-amd64)
# No core dump will be written. Minidumps are not enabled by default on client versions of Windows
#

---------------  S U M M A R Y ------------

Command Line: -Dapplication.home=C:\Program Files\Java\jdk-16 --add-modules=ALL-DEFAULT -Xms8m -Djdk.module.main=jdk.compiler jdk.compiler/com.sun.tools.javac.Main -d C:\Users\admin\Documents\NetBeansProjects\travel management system\build\classes -classpath C:\Users\admin\Documents\NetBeansProjects\travel management system\build\classes;C:\Users\admin\Documents\NetBeansProjects\mysql-connector-java-8.0.25\mysql-connector-java-8.0.25.jar -sourcepath C:\Users\admin\Documents\NetBeansProjects\travel management system\src -target 16 -encoding UTF-8 -g -processorpath C:\Users\admin\Documents\NetBeansProjects\mysql-connector-java-8.0.25\mysql-connector-java-8.0.25.jar;C:\Users\admin\Documents\NetBeansProjects\travel management system\build\empty -s C:\Users\admin\Documents\NetBeansProjects\travel management system\build\generated-sources\ap-source-output -source 16 C:\Users\admin\Documents\NetBeansProjects\travel management system\src\travel\management\system\dashboard.java

Host: Intel(R) Core(TM) i3-7020U CPU @ 2.30GHz, 4 cores, 3G,  Windows 10 , 64 bit Build 18362 (10.0.18362.329)
Time: Wed Jun 23 00:00:40 2021 India Standard Time elapsed time: 0.767294 seconds (0d 0h 0m 0s)

---------------  T H R E A D  ---------------

Current thread (0x000001ef5c0e44b0):  JavaThread "main" [_thread_in_vm, id=4356, stack(0x000000ecb1a00000,0x000000ecb1b00000)]

Stack: [0x000000ecb1a00000,0x000000ecb1b00000]
Native frames: (J=compiled Java code, j=interpreted, Vv=VM code, C=native code)
V  [jvm.dll+0x6681da]
V  [jvm.dll+0x7c9d99]
V  [jvm.dll+0x7cb4d3]
V  [jvm.dll+0x7cbb33]
V  [jvm.dll+0x242ee5]
V  [jvm.dll+0x7c642b]
V  [jvm.dll+0x60de46]
V  [jvm.dll+0x1be92e]
V  [jvm.dll+0x6105a1]
V  [jvm.dll+0x60e741]
V  [jvm.dll+0x238680]
V  [jvm.dll+0x1ea52f]
V  [jvm.dll+0x1df891]
V  [jvm.dll+0x536168]
V  [jvm.dll+0x742a01]
V  [jvm.dll+0x4071af]
V  [jvm.dll+0x40d4d2]
C  [java.dll+0x194d]

Java frames: (J=compiled Java code, j=interpreted, Vv=VM code)
J 535  java.lang.ClassLoader.defineClass2(Ljava/lang/ClassLoader;Ljava/lang/String;Ljava/nio/ByteBuffer;IILjava/security/ProtectionDomain;Ljava/lang/String;)Ljava/lang/Class; java.base@16 (0 bytes) @ 0x000001ef6b33a80b [0x000001ef6b33a740+0x00000000000000cb]
J 528 c1 java.lang.ClassLoader.defineClass(Ljava/lang/String;Ljava/nio/ByteBuffer;Ljava/security/ProtectionDomain;)Ljava/lang/Class; java.base@16 (108 bytes) @ 0x000001ef63ea88ac [0x000001ef63ea8100+0x00000000000007ac]
J 503 c1 java.security.SecureClassLoader.defineClass(Ljava/lang/String;Ljava/nio/ByteBuffer;Ljava/security/CodeSource;)Ljava/lang/Class; java.base@16 (12 bytes) @ 0x000001ef63e97ffc [0x000001ef63e97f40+0x00000000000000bc]
J 479 c1 jdk.internal.loader.BuiltinClassLoader.defineClass(Ljava/lang/String;Ljdk/internal/loader/BuiltinClassLoader$LoadedModule;)Ljava/lang/Class; java.base@16 (162 bytes) @ 0x000001ef63e859cc [0x000001ef63e83f20+0x0000000000001aac]
J 319 c1 jdk.internal.loader.BuiltinClassLoader.loadClassOrNull(Ljava/lang/String;Z)Ljava/lang/Class; java.base@16 (143 bytes) @ 0x000001ef63e3f1d4 [0x000001ef63e3ebc0+0x0000000000000614]
J 481 c1 jdk.internal.loader.ClassLoaders$AppClassLoader.loadClass(Ljava/lang/String;Z)Ljava/lang/Class; java.base@16 (40 bytes) @ 0x000001ef63e87e8c [0x000001ef63e87860+0x000000000000062c]
J 330 c1 java.lang.ClassLoader.loadClass(Ljava/lang/String;)Ljava/lang/Class; java.base@16 (7 bytes) @ 0x000001ef63e4424c [0x000001ef63e44140+0x000000000000010c]
v  ~StubRoutines::call_stub
j  com.sun.tools.javac.main.JavaCompiler.<init>(Lcom/sun/tools/javac/util/Context;)V+301 jdk.compiler@16
j  com.sun.tools.javac.main.JavaCompiler.instance(Lcom/sun/tools/javac/util/Context;)Lcom/sun/tools/javac/main/JavaCompiler;+20 jdk.compiler@16
j  com.sun.tools.javac.processing.JavacProcessingEnvironment.<init>(Lcom/sun/tools/javac/util/Context;)V+125 jdk.compiler@16
j  com.sun.tools.javac.processing.JavacProcessingEnvironment.instance(Lcom/sun/tools/javac/util/Context;)Lcom/sun/tools/javac/processing/JavacProcessingEnvironment;+19 jdk.compiler@16
j  com.sun.tools.javac.api.BasicJavacTask.initPlugins(Ljava/util/Set;)V+154 jdk.compiler@16
j  com.sun.tools.javac.main.Main.compile([Ljava/lang/String;Lcom/sun/tools/javac/util/Context;)Lcom/sun/tools/javac/main/Main$Result;+468 jdk.compiler@16
j  com.sun.tools.javac.main.Main.compile([Ljava/lang/String;)Lcom/sun/tools/javac/main/Main$Result;+15 jdk.compiler@16
j  com.sun.tools.javac.Main.compile([Ljava/lang/String;)I+12 jdk.compiler@16
j  com.sun.tools.javac.Main.main([Ljava/lang/String;)V+1 jdk.compiler@16
v  ~StubRoutines::call_stub

---------------  P R O C E S S  ---------------

Threads class SMR info:
_java_thread_list=0x000001ef77c810b0, length=12, elements={
0x000001ef5c0e44b0, 0x000001ef5c19b110, 0x000001ef5c19cef0, 0x000001ef771d21f0,
0x000001ef771d2b00, 0x000001ef771d3410, 0x000001ef771dbd30, 0x000001ef771dfe70,
0x000001ef771e6bf0, 0x000001ef77201930, 0x000001ef771cc8a0, 0x000001ef77c9d720
}

Java Threads: ( => current thread )
=>0x000001ef5c0e44b0 JavaThread "main" [_thread_in_vm, id=4356, stack(0x000000ecb1a00000,0x000000ecb1b00000)]
  0x000001ef5c19b110 JavaThread "Reference Handler" daemon [_thread_blocked, id=8128, stack(0x000000ecb2100000,0x000000ecb2200000)]
  0x000001ef5c19cef0 JavaThread "Finalizer" daemon [_thread_blocked, id=17556, stack(0x000000ecb2200000,0x000000ecb2300000)]
  0x000001ef771d21f0 JavaThread "Signal Dispatcher" daemon [_thread_blocked, id=5808, stack(0x000000ecb2300000,0x000000ecb2400000)]
  0x000001ef771d2b00 JavaThread "Attach Listener" daemon [_thread_blocked, id=11152, stack(0x000000ecb2400000,0x000000ecb2500000)]
  0x000001ef771d3410 JavaThread "Service Thread" daemon [_thread_blocked, id=8964, stack(0x000000ecb2500000,0x000000ecb2600000)]
  0x000001ef771dbd30 JavaThread "Monitor Deflation Thread" daemon [_thread_blocked, id=12416, stack(0x000000ecb2600000,0x000000ecb2700000)]
  0x000001ef771dfe70 JavaThread "C2 CompilerThread0" daemon [_thread_blocked, id=12012, stack(0x000000ecb2700000,0x000000ecb2800000)]
  0x000001ef771e6bf0 JavaThread "C1 CompilerThread0" daemon [_thread_blocked, id=8384, stack(0x000000ecb2800000,0x000000ecb2900000)]
  0x000001ef77201930 JavaThread "Sweeper thread" daemon [_thread_blocked, id=18888, stack(0x000000ecb2900000,0x000000ecb2a00000)]
  0x000001ef771cc8a0 JavaThread "Common-Cleaner" daemon [_thread_blocked, id=8300, stack(0x000000ecb2a00000,0x000000ecb2b00000)]
  0x000001ef77c9d720 JavaThread "Notification Thread" daemon [_thread_blocked, id=12000, stack(0x000000ecb2b00000,0x000000ecb2c00000)]

Other Threads:
  0x000001ef5c1961e0 VMThread "VM Thread" [stack: 0x000000ecb2000000,0x000000ecb2100000] [id=17420]
  0x000001ef77caec50 WatcherThread [stack: 0x000000ecb2c00000,0x000000ecb2d00000] [id=13500]
  0x000001ef5c10d440 GCTaskThread "GC Thread#0" [stack: 0x000000ecb1b00000,0x000000ecb1c00000] [id=14876]
  0x000001ef77e3dbc0 GCTaskThread "GC Thread#1" [stack: 0x000000ecb2d00000,0x000000ecb2e00000] [id=9276]
  0x000001ef77f234b0 GCTaskThread "GC Thread#2" [stack: 0x000000ecb2e00000,0x000000ecb2f00000] [id=14944]
  0x000001ef77f237c0 GCTaskThread "GC Thread#3" [stack: 0x000000ecb2f00000,0x000000ecb3000000] [id=19488]
  0x000001ef5c116190 ConcurrentGCThread "G1 Main Marker" [stack: 0x000000ecb1c00000,0x000000ecb1d00000] [id=10804]
  0x000001ef5c118340 ConcurrentGCThread "G1 Conc#0" [stack: 0x000000ecb1d00000,0x000000ecb1e00000] [id=20288]
  0x000001ef5c1692d0 ConcurrentGCThread "G1 Refine#0" [stack: 0x000000ecb1e00000,0x000000ecb1f00000] [id=17324]
  0x000001ef5c169ce0 ConcurrentGCThread "G1 Service" [stack: 0x000000ecb1f00000,0x000000ecb2000000] [id=19924]

Threads with active compile tasks:

VM state: not at safepoint (normal execution)

VM Mutex/Monitor currently owned by a thread:  ([mutex/lock_event])
[0x000001ef5c0de9e0] MetaspaceExpand_lock - owner thread: 0x000001ef5c0e44b0

Heap address: 0x00000000c1800000, size: 1000 MB, Compressed Oops mode: 32-bit
CDS archive(s) mapped at: [0x0000000800000000-0x0000000800bb0000-0x0000000800bb0000), size 12255232, SharedBaseAddress: 0x0000000800000000, ArchiveRelocationMode: 0.
Compressed class space mapped at: 0x0000000800c00000-0x0000000840c00000, reserved size: 1073741824
Narrow klass base: 0x0000000800000000, Narrow klass shift: 3, Narrow klass range: 0x100000000

GC Precious Log:
 CPUs: 4 total, 4 available
 Memory: 3993M
 Large Page Support: Disabled
 NUMA Support: Disabled
 Compressed Oops: Enabled (32-bit)
 Heap Region Size: 1M
 Heap Min Capacity: 8M
 Heap Initial Capacity: 8M
 Heap Max Capacity: 1000M
 Pre-touch: Disabled
 Parallel Workers: 4
 Concurrent Workers: 1
 Concurrent Refinement Workers: 4
 Periodic GC: Disabled

Heap:
 garbage-first heap   total 8192K, used 1941K [0x00000000c1800000, 0x0000000100000000)
  region size 1024K, 2 young (2048K), 1 survivors (1024K)
 Metaspace       used 6737K, committed 6912K, reserved 1064960K
  class space    used 798K, committed 896K, reserved 1048576K

Heap Regions: E=young(eden), S=young(survivor), O=old, HS=humongous(starts), HC=humongous(continues), CS=collection set, F=free, OA=open archive, CA=closed archive, TAMS=top-at-mark-start (previous, next)
|   0|0x00000000c1800000, 0x00000000c1900000, 0x00000000c1900000|100%| O|  |TAMS 0x00000000c1800000, 0x00000000c1800000| Untracked 
|   1|0x00000000c1900000, 0x00000000c1910600, 0x00000000c1a00000|  6%| O|  |TAMS 0x00000000c1900000, 0x00000000c1900000| Untracked 
|   2|0x00000000c1a00000, 0x00000000c1a00000, 0x00000000c1b00000|  0%| F|  |TAMS 0x00000000c1a00000, 0x00000000c1a00000| Untracked 
|   3|0x00000000c1b00000, 0x00000000c1b00000, 0x00000000c1c00000|  0%| F|  |TAMS 0x00000000c1b00000, 0x00000000c1b00000| Untracked 
|   4|0x00000000c1c00000, 0x00000000c1c00000, 0x00000000c1d00000|  0%| F|  |TAMS 0x00000000c1c00000, 0x00000000c1c00000| Untracked 
|   5|0x00000000c1d00000, 0x00000000c1dd50d0, 0x00000000c1e00000| 83%| S|CS|TAMS 0x00000000c1d00000, 0x00000000c1d00000| Complete 
|   6|0x00000000c1e00000, 0x00000000c1e00000, 0x00000000c1f00000|  0%| F|  |TAMS 0x00000000c1e00000, 0x00000000c1e00000| Untracked 
|   7|0x00000000c1f00000, 0x00000000c1fb6660, 0x00000000c2000000| 71%| E|  |TAMS 0x00000000c1f00000, 0x00000000c1f00000| Complete 

Card table byte_map: [0x000001ef72a40000,0x000001ef72c40000] _byte_map_base: 0x000001ef72434000

Marking Bits (Prev, Next): (CMBitMap*) 0x000001ef5c10da40, (CMBitMap*) 0x000001ef5c10da80
 Prev Bits: [0x000001ef72e40000, 0x000001ef73de0000)
 Next Bits: [0x000001ef73de0000, 0x000001ef74d80000)

Polling page: 0x000001ef59ed0000

Metaspace:

Usage:
  Non-class:      5.80 MB used.
      Class:    798.15 KB used.
       Both:      6.58 MB used.

Virtual space:
  Non-class space:       16.00 MB reserved,       5.88 MB ( 37%) committed,  2 nodes.
      Class space:        1.00 GB reserved,     896.00 KB ( <1%) committed,  1 nodes.
              Both:        1.02 GB reserved,       6.75 MB ( <1%) committed. 

Chunk freelists:
   Non-Class:  3.36 MB
       Class:  3.03 MB
        Both:  6.39 MB

MaxMetaspaceSize: 17179869184.00 GB
CompressedClassSpaceSize: 1.00 GB
 - commit_granule_bytes: 65536.
 - commit_granule_words: 8192.
 - virtual_space_node_default_size: 1048576.
 - enlarge_chunks_in_place: 1.
 - new_chunks_are_fully_committed: 0.
 - uncommit_free_chunks: 1.
 - use_allocation_guard: 0.
 - handle_deallocations: 1.


Internal statistics:

num_allocs_failed_limit: 0.
num_arena_births: 52.
num_arena_deaths: 0.
num_vsnodes_births: 3.
num_vsnodes_deaths: 0.
num_space_committed: 108.
num_space_uncommitted: 0.
num_chunks_returned_to_freelist: 0.
num_chunks_taken_from_freelist: 288.
num_chunk_merges: 0.
num_chunk_splits: 200.
num_chunks_enlarged: 153.
num_purges: 0.

CodeHeap 'non-profiled nmethods': size=120000Kb used=189Kb max_used=189Kb free=119810Kb
 bounds [0x000001ef6b310000, 0x000001ef6b580000, 0x000001ef72840000]
CodeHeap 'profiled nmethods': size=120000Kb used=903Kb max_used=903Kb free=119096Kb
 bounds [0x000001ef63de0000, 0x000001ef64050000, 0x000001ef6b310000]
CodeHeap 'non-nmethods': size=5760Kb used=1137Kb max_used=1151Kb free=4622Kb
 bounds [0x000001ef63840000, 0x000001ef63ab0000, 0x000001ef63de0000]
 total_blobs=1021 nmethods=603 adapters=331
 compilation: enabled
              stopped_count=0, restarted_count=0
 full_count=0

Compilation events (20 events):
Event: 0.637 Thread 0x000001ef771e6bf0  594       3       jdk.internal.org.objectweb.asm.ByteVector::enlarge (51 bytes)
Event: 0.637 Thread 0x000001ef771e6bf0 nmethod 594 0x000001ef63ebed90 code [0x000001ef63ebef40, 0x000001ef63ebf268]
Event: 0.637 Thread 0x000001ef771e6bf0  595       1       java.util.ArrayList::size (5 bytes)
Event: 0.637 Thread 0x000001ef771e6bf0 nmethod 595 0x000001ef6b33eb90 code [0x000001ef6b33ed20, 0x000001ef6b33edf8]
Event: 0.637 Thread 0x000001ef771e6bf0  596       1       java.lang.invoke.InfoFromMemberName::getReferenceKind (5 bytes)
Event: 0.638 Thread 0x000001ef771e6bf0 nmethod 596 0x000001ef6b33ee90 code [0x000001ef6b33f020, 0x000001ef6b33f0f8]
Event: 0.639 Thread 0x000001ef771e6bf0  597       3       java.lang.invoke.MemberName::flagsMods (73 bytes)
Event: 0.639 Thread 0x000001ef771e6bf0 nmethod 597 0x000001ef63ebf390 code [0x000001ef63ebf520, 0x000001ef63ebf658]
Event: 0.639 Thread 0x000001ef771e6bf0  598       3       java.lang.invoke.MemberName::init (67 bytes)
Event: 0.639 Thread 0x000001ef771e6bf0 nmethod 598 0x000001ef63ebf710 code [0x000001ef63ebf8c0, 0x000001ef63ebfaf8]
Event: 0.660 Thread 0x000001ef771e6bf0  599       3       com.sun.tools.javac.util.Names::fromString (9 bytes)
Event: 0.660 Thread 0x000001ef771e6bf0 nmethod 599 0x000001ef63ebfb90 code [0x000001ef63ebfd40, 0x000001ef63ebff08]
Event: 0.660 Thread 0x000001ef771e6bf0  601       3       com.sun.tools.javac.util.SharedNameTable::fromChars (187 bytes)
Event: 0.661 Thread 0x000001ef771e6bf0 nmethod 601 0x000001ef63ec0010 code [0x000001ef63ec0240, 0x000001ef63ec0b58]
Event: 0.661 Thread 0x000001ef771e6bf0  603       1       com.sun.tools.javac.util.SharedNameTable$NameImpl::getIndex (5 bytes)
Event: 0.661 Thread 0x000001ef771e6bf0 nmethod 603 0x000001ef6b33f190 code [0x000001ef6b33f320, 0x000001ef6b33f3f8]
Event: 0.661 Thread 0x000001ef771e6bf0  600       3       com.sun.tools.javac.util.Name$Table::fromString (14 bytes)
Event: 0.662 Thread 0x000001ef771e6bf0 nmethod 600 0x000001ef63ec0e90 code [0x000001ef63ec1080, 0x000001ef63ec1448]
Event: 0.662 Thread 0x000001ef771e6bf0  602       3       com.sun.tools.javac.util.ArrayUtils::ensureCapacity (30 bytes)
Event: 0.662 Thread 0x000001ef771e6bf0 nmethod 602 0x000001ef63ec1610 code [0x000001ef63ec17e0, 0x000001ef63ec1b88]

GC Heap History (6 events):
Event: 0.360 GC heap before
{Heap before GC invocations=0 (full 0):
 garbage-first heap   total 8192K, used 3072K [0x00000000c1800000, 0x0000000100000000)
  region size 1024K, 3 young (3072K), 0 survivors (0K)
 Metaspace       used 2478K, committed 2688K, reserved 1056768K
  class space    used 270K, committed 384K, reserved 1048576K
}
Event: 0.367 GC heap after
{Heap after GC invocations=1 (full 0):
 garbage-first heap   total 8192K, used 1098K [0x00000000c1800000, 0x0000000100000000)
  region size 1024K, 1 young (1024K), 1 survivors (1024K)
 Metaspace       used 2478K, committed 2688K, reserved 1056768K
  class space    used 270K, committed 384K, reserved 1048576K
}
Event: 0.461 GC heap before
{Heap before GC invocations=1 (full 0):
 garbage-first heap   total 8192K, used 2122K [0x00000000c1800000, 0x0000000100000000)
  region size 1024K, 2 young (2048K), 1 survivors (1024K)
 Metaspace       used 3894K, committed 4096K, reserved 1056768K
  class space    used 482K, committed 576K, reserved 1048576K
}
Event: 0.466 GC heap after
{Heap after GC invocations=2 (full 0):
 garbage-first heap   total 8192K, used 1620K [0x00000000c1800000, 0x0000000100000000)
  region size 1024K, 1 young (1024K), 1 survivors (1024K)
 Metaspace       used 3894K, committed 4096K, reserved 1056768K
  class space    used 482K, committed 576K, reserved 1048576K
}
Event: 0.593 GC heap before
{Heap before GC invocations=2 (full 0):
 garbage-first heap   total 8192K, used 2644K [0x00000000c1800000, 0x0000000100000000)
  region size 1024K, 2 young (2048K), 1 survivors (1024K)
 Metaspace       used 5952K, committed 6080K, reserved 1064960K
  class space    used 687K, committed 768K, reserved 1048576K
}
Event: 0.596 GC heap after
{Heap after GC invocations=3 (full 0):
 garbage-first heap   total 8192K, used 1941K [0x00000000c1800000, 0x0000000100000000)
  region size 1024K, 1 young (1024K), 1 survivors (1024K)
 Metaspace       used 5952K, committed 6080K, reserved 1064960K
  class space    used 687K, committed 768K, reserved 1048576K
}

Deoptimization events (16 events):
Event: 0.265 Thread 0x000001ef5c0e44b0 Uncommon trap: trap_request=0xffffffde fr.pc=0x000001ef6b31c3ec relative=0x000000000000046c
Event: 0.265 Thread 0x000001ef5c0e44b0 Uncommon trap: reason=class_check action=maybe_recompile pc=0x000001ef6b31c3ec method=java.util.HashMap.putVal(ILjava/lang/Object;Ljava/lang/Object;ZZ)Ljava/lang/Object; @ 253 c2
Event: 0.265 Thread 0x000001ef5c0e44b0 DEOPT PACKING pc=0x000001ef6b31c3ec sp=0x000000ecb1afe9c0
Event: 0.265 Thread 0x000001ef5c0e44b0 DEOPT UNPACKING pc=0x000001ef6388d72e sp=0x000000ecb1afe970 mode 2
Event: 0.265 Thread 0x000001ef5c0e44b0 Uncommon trap: trap_request=0xffffff45 fr.pc=0x000001ef6b31c880 relative=0x0000000000000900
Event: 0.265 Thread 0x000001ef5c0e44b0 Uncommon trap: reason=unstable_if action=reinterpret pc=0x000001ef6b31c880 method=java.util.HashMap.putVal(ILjava/lang/Object;Ljava/lang/Object;ZZ)Ljava/lang/Object; @ 181 c2
Event: 0.265 Thread 0x000001ef5c0e44b0 DEOPT PACKING pc=0x000001ef6b31c880 sp=0x000000ecb1afe9c0
Event: 0.265 Thread 0x000001ef5c0e44b0 DEOPT UNPACKING pc=0x000001ef6388d72e sp=0x000000ecb1afe970 mode 2
Event: 0.327 Thread 0x000001ef5c0e44b0 Uncommon trap: trap_request=0xffffff45 fr.pc=0x000001ef6b31ee04 relative=0x0000000000000064
Event: 0.327 Thread 0x000001ef5c0e44b0 Uncommon trap: reason=unstable_if action=reinterpret pc=0x000001ef6b31ee04 method=java.nio.Buffer.hasRemaining()Z @ 8 c2
Event: 0.327 Thread 0x000001ef5c0e44b0 DEOPT PACKING pc=0x000001ef6b31ee04 sp=0x000000ecb1afe050
Event: 0.327 Thread 0x000001ef5c0e44b0 DEOPT UNPACKING pc=0x000001ef6388d72e sp=0x000000ecb1afdfe8 mode 2
Event: 0.349 Thread 0x000001ef5c0e44b0 DEOPT PACKING pc=0x000001ef63e0cae7 sp=0x000000ecb1afd3e0
Event: 0.349 Thread 0x000001ef5c0e44b0 DEOPT UNPACKING pc=0x000001ef6388dece sp=0x000000ecb1afc800 mode 0
Event: 0.388 Thread 0x000001ef5c0e44b0 DEOPT PACKING pc=0x000001ef63e0a751 sp=0x000000ecb1afa5d0
Event: 0.388 Thread 0x000001ef5c0e44b0 DEOPT UNPACKING pc=0x000001ef6388dece sp=0x000000ecb1af9a48 mode 0

Classes unloaded (0 events):
No events

Classes redefined (0 events):
No events

Internal exceptions (17 events):
Event: 0.187 Thread 0x000001ef5c0e44b0 Exception <a 'java/lang/NoSuchMethodError'{0x00000000c1e91e20}: 'java.lang.Object java.lang.invoke.DirectMethodHandle$Holder.invokeStatic(java.lang.Object)'> (0x00000000c1e91e20) 
thrown [t:\workspace\open\src\hotspot\share\interpreter\linkResolver.cpp, line 790]
Event: 0.247 Thread 0x000001ef5c0e44b0 Exception <a 'java/lang/NoSuchMethodError'{0x00000000c1effb40}: 'void java.lang.invoke.DirectMethodHandle$Holder.invokeSpecial(java.lang.Object, java.lang.Object, java.lang.Object)'> (0x00000000c1effb40) 
thrown [t:\workspace\open\src\hotspot\share\interpreter\linkResolver.cpp, line 790]
Event: 0.307 Thread 0x000001ef5c0e44b0 Exception <a 'java/lang/NoSuchMethodError'{0x00000000c1d69f48}: 'java.lang.Object java.lang.invoke.DirectMethodHandle$Holder.invokeVirtual(java.lang.Object, java.lang.Object, java.lang.Object)'> (0x00000000c1d69f48) 
thrown [t:\workspace\open\src\hotspot\share\interpreter\linkResolver.cpp, line 790]
Event: 0.311 Thread 0x000001ef5c0e44b0 Exception <a 'java/lang/NoSuchMethodError'{0x00000000c1d757e8}: 'int java.lang.invoke.DirectMethodHandle$Holder.invokeInterface(java.lang.Object, java.lang.Object)'> (0x00000000c1d757e8) 
thrown [t:\workspace\open\src\hotspot\share\interpreter\linkResolver.cpp, line 790]
Event: 0.343 Thread 0x000001ef5c0e44b0 Exception <a 'sun/nio/fs/WindowsException'{0x00000000c1dc62c8}> (0x00000000c1dc62c8) 
thrown [t:\workspace\open\src\hotspot\share\prims\jni.cpp, line 579]
Event: 0.344 Thread 0x000001ef5c0e44b0 Exception <a 'sun/nio/fs/WindowsException'{0x00000000c1dc6af8}> (0x00000000c1dc6af8) 
thrown [t:\workspace\open\src\hotspot\share\prims\jni.cpp, line 579]
Event: 0.345 Thread 0x000001ef5c0e44b0 Exception <a 'sun/nio/fs/WindowsException'{0x00000000c1dc77d8}> (0x00000000c1dc77d8) 
thrown [t:\workspace\open\src\hotspot\share\prims\jni.cpp, line 579]
Event: 0.346 Thread 0x000001ef5c0e44b0 Exception <a 'sun/nio/fs/WindowsException'{0x00000000c1dc7b28}> (0x00000000c1dc7b28) 
thrown [t:\workspace\open\src\hotspot\share\prims\jni.cpp, line 579]
Event: 0.347 Thread 0x000001ef5c0e44b0 Exception <a 'java/lang/NoSuchMethodError'{0x00000000c1dccf50}: 'int java.lang.invoke.DirectMethodHandle$Holder.invokeVirtual(java.lang.Object, java.lang.Object, java.lang.Object)'> (0x00000000c1dccf50) 
thrown [t:\workspace\open\src\hotspot\share\interpreter\linkResolver.cpp, line 790]
Event: 0.348 Thread 0x000001ef5c0e44b0 Exception <a 'java/lang/NoSuchMethodError'{0x00000000c1dd3a88}: 'void java.lang.invoke.DirectMethodHandle$Holder.invokeInterface(java.lang.Object, java.lang.Object, java.lang.Object)'> (0x00000000c1dd3a88) 
thrown [t:\workspace\open\src\hotspot\share\interpreter\linkResolver.cpp, line 790]
Event: 0.495 Thread 0x000001ef5c0e44b0 Exception <a 'java/lang/NoSuchMethodError'{0x00000000c1f22b28}: 'int java.lang.invoke.DirectMethodHandle$Holder.invokeStaticInit(java.lang.Object, java.lang.Object)'> (0x00000000c1f22b28) 
thrown [t:\workspace\open\src\hotspot\share\interpreter\linkResolver.cpp, line 790]
Event: 0.588 Thread 0x000001ef5c0e44b0 Exception <a 'java/lang/NoSuchMethodError'{0x00000000c1fecce8}: 'int java.lang.invoke.DirectMethodHandle$Holder.invokeVirtual(java.lang.Object, java.lang.Object)'> (0x00000000c1fecce8) 
thrown [t:\workspace\open\src\hotspot\share\interpreter\linkResolver.cpp, line 790]
Event: 0.601 Thread 0x000001ef5c0e44b0 Exception <a 'java/lang/NoSuchMethodError'{0x00000000c1f15d90}: 'java.lang.Object java.lang.invoke.DirectMethodHandle$Holder.newInvokeSpecial(java.lang.Object, java.lang.Object, java.lang.Object, java.lang.Object, java.lang.Object)'> (0x00000000c1f15d90) 
thrown [t:\workspace\open\src\hotspot\share\interpreter\linkResolver.cpp, line 790]
Event: 0.605 Thread 0x000001ef5c0e44b0 Exception <a 'java/lang/NoSuchMethodError'{0x00000000c1f25ee0}: 'java.lang.Object java.lang.invoke.DirectMethodHandle$Holder.newInvokeSpecial(java.lang.Object, java.lang.Object, java.lang.Object, java.lang.Object, java.lang.Object, java.lang.Object)'> (0x00000000c1f25ee0) 
thrown [t:\workspace\open\src\hotspot\share\interpreter\linkResolver.cpp, line 790]
Event: 0.634 Thread 0x000001ef5c0e44b0 Exception <a 'sun/nio/fs/WindowsException'{0x00000000c1f7c7b0}> (0x00000000c1f7c7b0) 
thrown [t:\workspace\open\src\hotspot\share\prims\jni.cpp, line 579]
Event: 0.634 Thread 0x000001ef5c0e44b0 Exception <a 'sun/nio/fs/WindowsException'{0x00000000c1f7c9e0}> (0x00000000c1f7c9e0) 
thrown [t:\workspace\open\src\hotspot\share\prims\jni.cpp, line 579]
Event: 0.636 Thread 0x000001ef5c0e44b0 Exception <a 'java/lang/NoSuchMethodError'{0x00000000c1f7e788}: 'java.lang.Object java.lang.invoke.DirectMethodHandle$Holder.invokeStaticInit(java.lang.Object)'> (0x00000000c1f7e788) 
thrown [t:\workspace\open\src\hotspot\share\interpreter\linkResolver.cpp, line 790]

Events (20 events):
Event: 0.556 loading class java/lang/CloneNotSupportedException
Event: 0.556 loading class java/lang/CloneNotSupportedException done
Event: 0.593 Executing  VM operation: G1CollectForAllocation
Event: 0.596 Executing  VM operation: G1CollectForAllocation done
Event: 0.635 loading class jdk/internal/jrtfs/JrtFileSystem
Event: 0.635 loading class jdk/internal/jrtfs/JrtFileSystem done
Event: 0.635 loading class jdk/internal/jrtfs/JrtPath
Event: 0.636 loading class jdk/internal/jrtfs/JrtPath done
Event: 0.636 loading class jdk/internal/jrtfs/SystemImage
Event: 0.636 loading class jdk/internal/jrtfs/SystemImage done
Event: 0.637 loading class java/security/AllPermissionCollection
Event: 0.638 loading class java/security/AllPermissionCollection done
Event: 0.638 loading class jdk/internal/jrtfs/SystemImage$2
Event: 0.638 loading class jdk/internal/jrtfs/SystemImage$2 done
Event: 0.638 loading class jdk/internal/jimage/ImageReader$Directory
Event: 0.638 loading class jdk/internal/jimage/ImageReader$Node
Event: 0.638 loading class jdk/internal/jimage/ImageReader$Node done
Event: 0.638 loading class jdk/internal/jimage/ImageReader$Directory done
Event: 0.638 loading class jdk/internal/jrtfs/SystemImage$1
Event: 0.639 loading class jdk/internal/jrtfs/SystemImage$1 done


Dynamic libraries:
0x00007ff6763d0000 - 0x00007ff6763d8000 	C:\Program Files\Java\jdk-16\bin\javac.exe
0x00007ff8e14a0000 - 0x00007ff8e1690000 	C:\WINDOWS\SYSTEM32\ntdll.dll
0x00007ff8e03c0000 - 0x00007ff8e0472000 	C:\WINDOWS\System32\KERNEL32.DLL
0x00007ff8df0e0000 - 0x00007ff8df383000 	C:\WINDOWS\System32\KERNELBASE.dll
0x00007ff8de710000 - 0x00007ff8de80a000 	C:\WINDOWS\System32\ucrtbase.dll
0x00007ff8d0b90000 - 0x00007ff8d0ba9000 	C:\Program Files\Java\jdk-16\bin\VCRUNTIME140.dll
0x00007ff8ce070000 - 0x00007ff8ce088000 	C:\Program Files\Java\jdk-16\bin\jli.dll
0x00007ff8df7a0000 - 0x00007ff8df843000 	C:\WINDOWS\System32\ADVAPI32.dll
0x00007ff8df700000 - 0x00007ff8df79e000 	C:\WINDOWS\System32\msvcrt.dll
0x00007ff8e1130000 - 0x00007ff8e11c7000 	C:\WINDOWS\System32\sechost.dll
0x00007ff8e0b30000 - 0x00007ff8e0c50000 	C:\WINDOWS\System32\RPCRT4.dll
0x00007ff8e0480000 - 0x00007ff8e0614000 	C:\WINDOWS\System32\USER32.dll
0x00007ff8df480000 - 0x00007ff8df4a1000 	C:\WINDOWS\System32\win32u.dll
0x00007ff8e11d0000 - 0x00007ff8e11f6000 	C:\WINDOWS\System32\GDI32.dll
0x00007ff8bd260000 - 0x00007ff8bd4e5000 	C:\WINDOWS\WinSxS\amd64_microsoft.windows.common-controls_6595b64144ccf1df_6.0.18362.535_none_e6c3b34713100821\COMCTL32.dll
0x00007ff8de540000 - 0x00007ff8de6d4000 	C:\WINDOWS\System32\gdi32full.dll
0x00007ff8dff40000 - 0x00007ff8e0276000 	C:\WINDOWS\System32\combase.dll
0x00007ff8df390000 - 0x00007ff8df42e000 	C:\WINDOWS\System32\msvcp_win.dll
0x00007ff8df4d0000 - 0x00007ff8df550000 	C:\WINDOWS\System32\bcryptPrimitives.dll
0x00007ff8d01a0000 - 0x00007ff8d01aa000 	C:\WINDOWS\SYSTEM32\VERSION.dll
0x00007ff8df550000 - 0x00007ff8df57e000 	C:\WINDOWS\System32\IMM32.DLL
0x00007ff8ceda0000 - 0x00007ff8cedac000 	C:\Program Files\Java\jdk-16\bin\vcruntime140_1.dll
0x00007ff8b68f0000 - 0x00007ff8b6981000 	C:\Program Files\Java\jdk-16\bin\msvcp140.dll
0x00007ff8a0cd0000 - 0x00007ff8a187b000 	C:\Program Files\Java\jdk-16\bin\server\jvm.dll
0x00007ff8e0a50000 - 0x00007ff8e0a58000 	C:\WINDOWS\System32\PSAPI.DLL
0x00007ff8d6700000 - 0x00007ff8d6709000 	C:\WINDOWS\SYSTEM32\WSOCK32.dll
0x00007ff8d7e90000 - 0x00007ff8d7eb4000 	C:\WINDOWS\SYSTEM32\WINMM.dll
0x00007ff8e0960000 - 0x00007ff8e09cf000 	C:\WINDOWS\System32\WS2_32.dll
0x00007ff8d7e60000 - 0x00007ff8d7e8d000 	C:\WINDOWS\SYSTEM32\winmmbase.dll
0x00007ff8df430000 - 0x00007ff8df47a000 	C:\WINDOWS\System32\cfgmgr32.dll
0x00007ff8de410000 - 0x00007ff8de421000 	C:\WINDOWS\System32\kernel.appcore.dll
0x00007ff8ccfa0000 - 0x00007ff8ccfaa000 	C:\Program Files\Java\jdk-16\bin\jimage.dll
0x00007ff8d9d10000 - 0x00007ff8d9f04000 	C:\WINDOWS\SYSTEM32\DBGHELP.DLL
0x00007ff8c1080000 - 0x00007ff8c10aa000 	C:\WINDOWS\SYSTEM32\dbgcore.DLL
0x00007ff8ccfe0000 - 0x00007ff8cd005000 	C:\Program Files\Java\jdk-16\bin\java.dll
0x00007ff8df850000 - 0x00007ff8dff35000 	C:\WINDOWS\System32\SHELL32.dll
0x00007ff8e13b0000 - 0x00007ff8e1459000 	C:\WINDOWS\System32\shcore.dll
0x00007ff8de960000 - 0x00007ff8df0df000 	C:\WINDOWS\System32\windows.storage.dll
0x00007ff8de3f0000 - 0x00007ff8de40f000 	C:\WINDOWS\System32\profapi.dll
0x00007ff8de380000 - 0x00007ff8de3ca000 	C:\WINDOWS\System32\powrprof.dll
0x00007ff8de370000 - 0x00007ff8de380000 	C:\WINDOWS\System32\UMPDC.dll
0x00007ff8e0900000 - 0x00007ff8e0952000 	C:\WINDOWS\System32\shlwapi.dll
0x00007ff8df4b0000 - 0x00007ff8df4c7000 	C:\WINDOWS\System32\cryptsp.dll
0x00007ff8ca650000 - 0x00007ff8ca669000 	C:\Program Files\Java\jdk-16\bin\net.dll
0x00007ff8cf480000 - 0x00007ff8cf570000 	C:\WINDOWS\SYSTEM32\WINHTTP.dll
0x00007ff8ddbe0000 - 0x00007ff8ddc47000 	C:\WINDOWS\system32\mswsock.dll
0x00007ff8c8bc0000 - 0x00007ff8c8bd3000 	C:\Program Files\Java\jdk-16\bin\nio.dll
0x00007ff8c8ba0000 - 0x00007ff8c8bb8000 	C:\Program Files\Java\jdk-16\bin\zip.dll

dbghelp: loaded successfully - version: 4.0.5 - missing functions: none
symbol engine: initialized successfully - sym options: 0x614 - pdb path: .;C:\Program Files\Java\jdk-16\bin;C:\WINDOWS\SYSTEM32;C:\WINDOWS\WinSxS\amd64_microsoft.windows.common-controls_6595b64144ccf1df_6.0.18362.535_none_e6c3b34713100821;C:\Program Files\Java\jdk-16\bin\server

VM Arguments:
jvm_args: -Dapplication.home=C:\Program Files\Java\jdk-16 --add-modules=ALL-DEFAULT -Xms8m -Djdk.module.main=jdk.compiler 
java_command: jdk.compiler/com.sun.tools.javac.Main -d C:\Users\admin\Documents\NetBeansProjects\travel management system\build\classes -classpath C:\Users\admin\Documents\NetBeansProjects\travel management system\build\classes;C:\Users\admin\Documents\NetBeansProjects\mysql-connector-java-8.0.25\mysql-connector-java-8.0.25.jar -sourcepath C:\Users\admin\Documents\NetBeansProjects\travel management system\src -target 16 -encoding UTF-8 -g -processorpath C:\Users\admin\Documents\NetBeansProjects\mysql-connector-java-8.0.25\mysql-connector-java-8.0.25.jar;C:\Users\admin\Documents\NetBeansProjects\travel management system\build\empty -s C:\Users\admin\Documents\NetBeansProjects\travel management system\build\generated-sources\ap-source-output -source 16 C:\Users\admin\Documents\NetBeansProjects\travel management system\src\travel\management\system\dashboard.java
java_class_path (initial): <not set>
Launcher Type: SUN_STANDARD

[Global flags]
     intx CICompilerCount                          = 3                                         {product} {ergonomic}
     uint ConcGCThreads                            = 1                                         {product} {ergonomic}
     uint G1ConcRefinementThreads                  = 4                                         {product} {ergonomic}
   size_t G1HeapRegionSize                         = 1048576                                   {product} {ergonomic}
    uintx GCDrainStackTargetSize                   = 64                                        {product} {ergonomic}
   size_t InitialHeapSize                          = 8388608                                   {product} {command line}
   size_t MarkStackSize                            = 4194304                                   {product} {ergonomic}
   size_t MaxHeapSize                              = 1048576000                                {product} {ergonomic}
   size_t MaxNewSize                               = 629145600                                 {product} {ergonomic}
   size_t MinHeapDeltaBytes                        = 1048576                                   {product} {ergonomic}
   size_t MinHeapSize                              = 8388608                                   {product} {command line}
    uintx NonNMethodCodeHeapSize                   = 5832780                                {pd product} {ergonomic}
    uintx NonProfiledCodeHeapSize                  = 122912730                              {pd product} {ergonomic}
    uintx ProfiledCodeHeapSize                     = 122912730                              {pd product} {ergonomic}
    uintx ReservedCodeCacheSize                    = 251658240                              {pd product} {ergonomic}
     bool SegmentedCodeCache                       = true                                      {product} {ergonomic}
   size_t SoftMaxHeapSize                          = 1048576000                             {manageable} {ergonomic}
     bool UseCompressedClassPointers               = true                           {product lp64_product} {ergonomic}
     bool UseCompressedOops                        = true                           {product lp64_product} {ergonomic}
     bool UseG1GC                                  = true                                      {product} {ergonomic}
     bool UseLargePagesIndividualAllocation        = false                                  {pd product} {ergonomic}

Logging:
Log output configuration:
 #0: stdout all=warning uptime,level,tags
 #1: stderr all=off uptime,level,tags

Environment Variables:
PATH=C:\Program Files\Common Files\Oracle\Java\javapath;C:\WINDOWS\system32;C:\WINDOWS;C:\WINDOWS\System32\Wbem;C:\WINDOWS\System32\WindowsPowerShell\v1.0\;C:\WINDOWS\System32\OpenSSH\;C:\Program Files\Microsoft SQL Server\120\Tools\Binn\;C:\Program Files (x86)\Java\jdk1.7.0_76\bin;C:\Users\admin\AppData\Local\Programs\Python\Python38-32;C:\Users\admin\AppData\Local\Programs\Python\Python38-32\Scripts;C:\Program Files (x86)\Intel\Intel(R) Management Engine Components\DAL;C:\Program Files\Intel\Intel(R) Management Engine Components\DAL;C:\WINDOWS\system32\config\systemprofile\.dnx\bin;C:\Program Files\Microsoft DNX\Dnvm\;C:\Program Files\Java\jdk-16\bin;C:\Program Files\MySQL\MySQL Server 5.5\bin;C:\Program Files (x86)\Java\jre7\bin;C:\Program Files\JetBrains\PyCharm Community Edition 2020.1.2\bin;;C:\xampp new\php;C:\Users\admin\AppData\Local\Programs\Microsoft VS Code\bin
USERNAME=admin
OS=Windows_NT
PROCESSOR_IDENTIFIER=Intel64 Family 6 Model 142 Stepping 9, GenuineIntel



---------------  S Y S T E M  ---------------

OS:
 Windows 10 , 64 bit Build 18362 (10.0.18362.329)
OS uptime: 1 days 14:20 hours

CPU: total 4 (initial active 4) (2 cores per cpu, 2 threads per core) family 6 model 142 stepping 9 microcode 0xca, cx8, cmov, fxsr, ht, mmx, 3dnowpref, sse, sse2, sse3, ssse3, sse4.1, sse4.2, popcnt, lzcnt, tsc, tscinvbit, avx, avx2, aes, erms, clmul, bmi1, bmi2, adx, fma, vzeroupper, clflush, clflushopt

Memory: 4k page, system-wide physical 3993M (404M free)
TotalPageFile size 16281M (AvailPageFile size 3M)
current process WorkingSet (physical memory assigned to process): 52M, peak: 52M
current process commit charge ("private bytes"): 87M, peak: 87M

vm_info: Java HotSpot(TM) 64-Bit Server VM (16+36-2231) for windows-amd64 JRE (16+36-2231), built on Feb  8 2021 11:43:10 by "mach5one" with MS VC++ 16.7 (VS2019)

END.
