#
# There is insufficient memory for the Java Runtime Environment to continue.
# Native memory allocation (mmap) failed to map 59768832 bytes for G1 virtual space
# Possible reasons:
#   The system is out of physical RAM or swap space
#   The process is running with CompressedOops enabled, and the Java Heap may be blocking the growth of the native heap
# Possible solutions:
#   Reduce memory load on the system
#   Increase physical memory or swap space
#   Check if swap backing store is full
#   Decrease Java heap size (-Xmx/-Xms)
#   Decrease number of Java threads
#   Decrease Java thread stack sizes (-Xss)
#   Set larger code cache with -XX:ReservedCodeCacheSize=
#   JVM is running with Unscaled Compressed Oops mode in which the Java heap is
#     placed in the first 4GB address space. The Java Heap base address is the
#     maximum limit for the native heap growth. Please use -XX:HeapBaseMinAddress
#     to set the Java Heap base and to place the Java Heap above 4GB virtual address.
# This output file may be truncated or incomplete.
#
#  Out of Memory Error (os_windows.cpp:3466), pid=17468, tid=16628
#
# JRE version: Java(TM) SE Runtime Environment (16.0+36) (build 16+36-2231)
# Java VM: Java HotSpot(TM) 64-Bit Server VM (16+36-2231, mixed mode, sharing, tiered, compressed oops, g1 gc, windows-amd64)
# No core dump will be written. Minidumps are not enabled by default on client versions of Windows
#

---------------  S U M M A R Y ------------

Command Line: -Dfile.encoding=UTF-8 travel.management.system.splash

Host: Intel(R) Core(TM) i3-7020U CPU @ 2.30GHz, 4 cores, 3G,  Windows 10 , 64 bit Build 18362 (10.0.18362.329)
Time: Mon Jun 21 19:08:37 2021 India Standard Time elapsed time: 3.064380 seconds (0d 0h 0m 3s)

---------------  T H R E A D  ---------------

Current thread (0x00000263c1501000):  VMThread "VM Thread" [stack: 0x000000a48cc00000,0x000000a48cd00000] [id=16628]

Stack: [0x000000a48cc00000,0x000000a48cd00000]
Native frames: (J=compiled Java code, j=interpreted, Vv=VM code, C=native code)
V  [jvm.dll+0x6681da]
V  [jvm.dll+0x7c9d99]
V  [jvm.dll+0x7cb4d3]
V  [jvm.dll+0x7cbb33]
V  [jvm.dll+0x242ee5]
V  [jvm.dll+0x664f99]
V  [jvm.dll+0x659b85]
V  [jvm.dll+0x2fbfcb]
V  [jvm.dll+0x3031c6]
V  [jvm.dll+0x352a0e]
V  [jvm.dll+0x352c3f]
V  [jvm.dll+0x2d3038]
V  [jvm.dll+0x2d0bc5]
V  [jvm.dll+0x2d01fc]
V  [jvm.dll+0x3156a3]
V  [jvm.dll+0x7cff2b]
V  [jvm.dll+0x7d0c24]
V  [jvm.dll+0x7d1129]
V  [jvm.dll+0x7d13e4]
V  [jvm.dll+0x7d14b0]
V  [jvm.dll+0x77952a]
V  [jvm.dll+0x667076]
C  [ucrtbase.dll+0x20e72]
C  [KERNEL32.DLL+0x17bd4]
C  [ntdll.dll+0x6ced1]

VM_Operation (0x000000a48e0fd930): G1TryInitiateConcMark, mode: safepoint, requested by thread 0x00000263dd285a50


---------------  P R O C E S S  ---------------

Threads class SMR info:
_java_thread_list=0x00000263dd39cfa0, length=18, elements={
0x00000263c1449f30, 0x00000263c1507b80, 0x00000263c1508950, 0x00000263c1513970,
0x00000263c1516690, 0x00000263c1516fa0, 0x00000263dc545fc0, 0x00000263dc566c10,
0x00000263dc569570, 0x00000263dc57beb0, 0x00000263dd07f750, 0x00000263dd08d7c0,
0x00000263dd2cb940, 0x00000263dd2ba570, 0x00000263dd2ce920, 0x00000263dd355020,
0x00000263dd285a50, 0x00000263ddf7aa00
}

Java Threads: ( => current thread )
  0x00000263c1449f30 JavaThread "main" [_thread_blocked, id=17476, stack(0x000000a48c600000,0x000000a48c700000)]
  0x00000263c1507b80 JavaThread "Reference Handler" daemon [_thread_blocked, id=17280, stack(0x000000a48cd00000,0x000000a48ce00000)]
  0x00000263c1508950 JavaThread "Finalizer" daemon [_thread_blocked, id=18360, stack(0x000000a48ce00000,0x000000a48cf00000)]
  0x00000263c1513970 JavaThread "Signal Dispatcher" daemon [_thread_blocked, id=17516, stack(0x000000a48cf00000,0x000000a48d000000)]
  0x00000263c1516690 JavaThread "Attach Listener" daemon [_thread_blocked, id=16460, stack(0x000000a48d000000,0x000000a48d100000)]
  0x00000263c1516fa0 JavaThread "Service Thread" daemon [_thread_blocked, id=15384, stack(0x000000a48d100000,0x000000a48d200000)]
  0x00000263dc545fc0 JavaThread "Monitor Deflation Thread" daemon [_thread_blocked, id=7892, stack(0x000000a48d200000,0x000000a48d300000)]
  0x00000263dc566c10 JavaThread "C2 CompilerThread0" daemon [_thread_blocked, id=18048, stack(0x000000a48d300000,0x000000a48d400000)]
  0x00000263dc569570 JavaThread "C1 CompilerThread0" daemon [_thread_blocked, id=12696, stack(0x000000a48d400000,0x000000a48d500000)]
  0x00000263dc57beb0 JavaThread "Sweeper thread" daemon [_thread_blocked, id=15660, stack(0x000000a48d500000,0x000000a48d600000)]
  0x00000263dd07f750 JavaThread "Notification Thread" daemon [_thread_blocked, id=1760, stack(0x000000a48d600000,0x000000a48d700000)]
  0x00000263dd08d7c0 JavaThread "Common-Cleaner" daemon [_thread_blocked, id=15316, stack(0x000000a48d800000,0x000000a48d900000)]
  0x00000263dd2cb940 JavaThread "Java2D Disposer" daemon [_thread_blocked, id=13780, stack(0x000000a48d900000,0x000000a48da00000)]
  0x00000263dd2ba570 JavaThread "AWT-Shutdown" [_thread_blocked, id=15244, stack(0x000000a48da00000,0x000000a48db00000)]
  0x00000263dd2ce920 JavaThread "AWT-Windows" daemon [_thread_blocked, id=9316, stack(0x000000a48db00000,0x000000a48dc00000)]
  0x00000263dd355020 JavaThread "Image Fetcher 0" daemon [_thread_blocked, id=9516, stack(0x000000a48dc00000,0x000000a48dd00000)]
  0x00000263dd285a50 JavaThread "AWT-EventQueue-0" [_thread_blocked, id=13968, stack(0x000000a48e000000,0x000000a48e100000)]
  0x00000263ddf7aa00 JavaThread "Thread-0" [_thread_blocked, id=10764, stack(0x000000a48e100000,0x000000a48e200000)]

Other Threads:
=>0x00000263c1501000 VMThread "VM Thread" [stack: 0x000000a48cc00000,0x000000a48cd00000] [id=16628]
  0x00000263dd0830a0 WatcherThread [stack: 0x000000a48d700000,0x000000a48d800000] [id=12504]
  0x00000263c1477ef0 GCTaskThread "GC Thread#0" [stack: 0x000000a48c700000,0x000000a48c800000] [id=16992]
  0x00000263dd38fa80 GCTaskThread "GC Thread#1" [stack: 0x000000a48dd00000,0x000000a48de00000] [id=16412]
  0x00000263dd38fd90 GCTaskThread "GC Thread#2" [stack: 0x000000a48de00000,0x000000a48df00000] [id=15768]
  0x00000263dd3900a0 GCTaskThread "GC Thread#3" [stack: 0x000000a48df00000,0x000000a48e000000] [id=17188]
  0x00000263c1483060 ConcurrentGCThread "G1 Main Marker" [stack: 0x000000a48c800000,0x000000a48c900000] [id=15908]
  0x00000263c1483a60 ConcurrentGCThread "G1 Conc#0" [stack: 0x000000a48c900000,0x000000a48ca00000] [id=13320]
  0x00000263c14d5f90 ConcurrentGCThread "G1 Refine#0" [stack: 0x000000a48ca00000,0x000000a48cb00000] [id=18060]
  0x00000263c14d69a0 ConcurrentGCThread "G1 Service" [stack: 0x000000a48cb00000,0x000000a48cc00000] [id=8600]

Threads with active compile tasks:

VM state: at safepoint (normal execution)

VM Mutex/Monitor currently owned by a thread:  ([mutex/lock_event])
[0x00000263c1446590] Threads_lock - owner thread: 0x00000263c1501000
[0x00000263c1446350] Heap_lock - owner thread: 0x00000263dd285a50

Heap address: 0x00000000c1800000, size: 1000 MB, Compressed Oops mode: 32-bit
CDS archive(s) mapped at: [0x0000000800000000-0x0000000800bb0000-0x0000000800bb0000), size 12255232, SharedBaseAddress: 0x0000000800000000, ArchiveRelocationMode: 0.
Compressed class space mapped at: 0x0000000800c00000-0x0000000840c00000, reserved size: 1073741824
Narrow klass base: 0x0000000800000000, Narrow klass shift: 3, Narrow klass range: 0x100000000

GC Precious Log:
 CPUs: 4 total, 4 available
 Memory: 3993M
 Large Page Support: Disabled
 NUMA Support: Disabled
 Compressed Oops: Enabled (32-bit)
 Heap Region Size: 1M
 Heap Min Capacity: 8M
 Heap Initial Capacity: 64M
 Heap Max Capacity: 1000M
 Pre-touch: Disabled
 Parallel Workers: 4
 Concurrent Workers: 1
 Concurrent Refinement Workers: 4
 Periodic GC: Disabled

Heap:
 garbage-first heap   total 99328K, used 36472K [0x00000000c1800000, 0x0000000100000000)
  region size 1024K, 1 young (1024K), 1 survivors (1024K)
 Metaspace       used 7028K, committed 7232K, reserved 1056768K
  class space    used 706K, committed 832K, reserved 1048576K

Heap Regions: E=young(eden), S=young(survivor), O=old, HS=humongous(starts), HC=humongous(continues), CS=collection set, F=free, OA=open archive, CA=closed archive, TAMS=top-at-mark-start (previous, next)
|   0|0x00000000c1800000, 0x00000000c1900000, 0x00000000c1900000|100%|HS|  |TAMS 0x00000000c1900000, 0x00000000c1900000| Complete 
|   1|0x00000000c1900000, 0x00000000c1a00000, 0x00000000c1a00000|100%|HC|  |TAMS 0x00000000c1a00000, 0x00000000c1a00000| Complete 
|   2|0x00000000c1a00000, 0x00000000c1b00000, 0x00000000c1b00000|100%|HC|  |TAMS 0x00000000c1b00000, 0x00000000c1b00000| Complete 
|   3|0x00000000c1b00000, 0x00000000c1c00000, 0x00000000c1c00000|100%|HC|  |TAMS 0x00000000c1c00000, 0x00000000c1c00000| Complete 
|   4|0x00000000c1c00000, 0x00000000c1d00000, 0x00000000c1d00000|100%|HC|  |TAMS 0x00000000c1d00000, 0x00000000c1d00000| Complete 
|   5|0x00000000c1d00000, 0x00000000c1e00000, 0x00000000c1e00000|100%|HC|  |TAMS 0x00000000c1e00000, 0x00000000c1e00000| Complete 
|   6|0x00000000c1e00000, 0x00000000c1f00000, 0x00000000c1f00000|100%|HC|  |TAMS 0x00000000c1f00000, 0x00000000c1f00000| Complete 
|   7|0x00000000c1f00000, 0x00000000c2000000, 0x00000000c2000000|100%|HC|  |TAMS 0x00000000c2000000, 0x00000000c2000000| Complete 
|   8|0x00000000c2000000, 0x00000000c2100000, 0x00000000c2100000|100%|HC|  |TAMS 0x00000000c2100000, 0x00000000c2100000| Complete 
|   9|0x00000000c2100000, 0x00000000c2200000, 0x00000000c2200000|100%| O|  |TAMS 0x00000000c2148600, 0x00000000c2200000| Untracked 
|  10|0x00000000c2200000, 0x00000000c2300000, 0x00000000c2300000|100%|HS|  |TAMS 0x00000000c2300000, 0x00000000c2300000| Complete 
|  11|0x00000000c2300000, 0x00000000c2400000, 0x00000000c2400000|100%|HC|  |TAMS 0x00000000c2400000, 0x00000000c2400000| Complete 
|  12|0x00000000c2400000, 0x00000000c2500000, 0x00000000c2500000|100%|HC|  |TAMS 0x00000000c2500000, 0x00000000c2500000| Complete 
|  13|0x00000000c2500000, 0x00000000c2600000, 0x00000000c2600000|100%|HC|  |TAMS 0x00000000c2600000, 0x00000000c2600000| Complete 
|  14|0x00000000c2600000, 0x00000000c2700000, 0x00000000c2700000|100%|HS|  |TAMS 0x00000000c2600000, 0x00000000c2700000| Complete 
|  15|0x00000000c2700000, 0x00000000c2800000, 0x00000000c2800000|100%|HC|  |TAMS 0x00000000c2700000, 0x00000000c2800000| Complete 
|  16|0x00000000c2800000, 0x00000000c2900000, 0x00000000c2900000|100%|HC|  |TAMS 0x00000000c2800000, 0x00000000c2900000| Complete 
|  17|0x00000000c2900000, 0x00000000c2a00000, 0x00000000c2a00000|100%|HC|  |TAMS 0x00000000c2900000, 0x00000000c2a00000| Complete 
|  18|0x00000000c2a00000, 0x00000000c2b00000, 0x00000000c2b00000|100%|HS|  |TAMS 0x00000000c2a00000, 0x00000000c2b00000| Complete 
|  19|0x00000000c2b00000, 0x00000000c2c00000, 0x00000000c2c00000|100%|HC|  |TAMS 0x00000000c2b00000, 0x00000000c2c00000| Complete 
|  20|0x00000000c2c00000, 0x00000000c2d00000, 0x00000000c2d00000|100%|HC|  |TAMS 0x00000000c2c00000, 0x00000000c2d00000| Complete 
|  21|0x00000000c2d00000, 0x00000000c2e00000, 0x00000000c2e00000|100%|HC|  |TAMS 0x00000000c2d00000, 0x00000000c2e00000| Complete 
|  22|0x00000000c2e00000, 0x00000000c2f00000, 0x00000000c2f00000|100%|HS|  |TAMS 0x00000000c2e00000, 0x00000000c2f00000| Complete 
|  23|0x00000000c2f00000, 0x00000000c3000000, 0x00000000c3000000|100%|HC|  |TAMS 0x00000000c2f00000, 0x00000000c3000000| Complete 
|  24|0x00000000c3000000, 0x00000000c3100000, 0x00000000c3100000|100%|HC|  |TAMS 0x00000000c3000000, 0x00000000c3100000| Complete 
|  25|0x00000000c3100000, 0x00000000c3200000, 0x00000000c3200000|100%|HC|  |TAMS 0x00000000c3100000, 0x00000000c3200000| Complete 
|  26|0x00000000c3200000, 0x00000000c3200000, 0x00000000c3300000|  0%| F|  |TAMS 0x00000000c3200000, 0x00000000c3200000| Untracked 
|  27|0x00000000c3300000, 0x00000000c3300000, 0x00000000c3400000|  0%| F|  |TAMS 0x00000000c3300000, 0x00000000c3300000| Untracked 
|  28|0x00000000c3400000, 0x00000000c3500000, 0x00000000c3500000|100%| O|  |TAMS 0x00000000c3400000, 0x00000000c3500000| Untracked 
|  29|0x00000000c3500000, 0x00000000c3547400, 0x00000000c3600000| 27%| O|  |TAMS 0x00000000c3500000, 0x00000000c3547400| Untracked 
|  30|0x00000000c3600000, 0x00000000c3700000, 0x00000000c3700000|100%|HS|  |TAMS 0x00000000c3600000, 0x00000000c3700000| Complete 
|  31|0x00000000c3700000, 0x00000000c3800000, 0x00000000c3800000|100%|HC|  |TAMS 0x00000000c3700000, 0x00000000c3800000| Complete 
|  32|0x00000000c3800000, 0x00000000c3900000, 0x00000000c3900000|100%|HC|  |TAMS 0x00000000c3800000, 0x00000000c3900000| Complete 
|  33|0x00000000c3900000, 0x00000000c3a00000, 0x00000000c3a00000|100%|HC|  |TAMS 0x00000000c3900000, 0x00000000c3a00000| Complete 
|  34|0x00000000c3a00000, 0x00000000c3b00000, 0x00000000c3b00000|100%|HS|  |TAMS 0x00000000c3a00000, 0x00000000c3b00000| Complete 
|  35|0x00000000c3b00000, 0x00000000c3c00000, 0x00000000c3c00000|100%|HC|  |TAMS 0x00000000c3b00000, 0x00000000c3c00000| Complete 
|  36|0x00000000c3c00000, 0x00000000c3d00000, 0x00000000c3d00000|100%|HC|  |TAMS 0x00000000c3c00000, 0x00000000c3d00000| Complete 
|  37|0x00000000c3d00000, 0x00000000c3e00000, 0x00000000c3e00000|100%|HC|  |TAMS 0x00000000c3d00000, 0x00000000c3e00000| Complete 
|  38|0x00000000c3e00000, 0x00000000c3e00000, 0x00000000c3f00000|  0%| F|  |TAMS 0x00000000c3e00000, 0x00000000c3e00000| Untracked 
|  39|0x00000000c3f00000, 0x00000000c3f00000, 0x00000000c4000000|  0%| F|  |TAMS 0x00000000c3f00000, 0x00000000c3f00000| Untracked 
|  40|0x00000000c4000000, 0x00000000c4000000, 0x00000000c4100000|  0%| F|  |TAMS 0x00000000c4000000, 0x00000000c4000000| Untracked 
|  41|0x00000000c4100000, 0x00000000c4100000, 0x00000000c4200000|  0%| F|  |TAMS 0x00000000c4100000, 0x00000000c4100000| Untracked 
|  42|0x00000000c4200000, 0x00000000c4200000, 0x00000000c4300000|  0%| F|  |TAMS 0x00000000c4200000, 0x00000000c4200000| Untracked 
|  43|0x00000000c4300000, 0x00000000c4300000, 0x00000000c4400000|  0%| F|  |TAMS 0x00000000c4300000, 0x00000000c4300000| Untracked 
|  44|0x00000000c4400000, 0x00000000c4400000, 0x00000000c4500000|  0%| F|  |TAMS 0x00000000c4400000, 0x00000000c4400000| Untracked 
|  45|0x00000000c4500000, 0x00000000c4500000, 0x00000000c4600000|  0%| F|  |TAMS 0x00000000c4500000, 0x00000000c4500000| Untracked 
|  46|0x00000000c4600000, 0x00000000c4600000, 0x00000000c4700000|  0%| F|  |TAMS 0x00000000c4600000, 0x00000000c4600000| Untracked 
|  47|0x00000000c4700000, 0x00000000c4700000, 0x00000000c4800000|  0%| F|  |TAMS 0x00000000c4700000, 0x00000000c4700000| Untracked 
|  48|0x00000000c4800000, 0x00000000c4800000, 0x00000000c4900000|  0%| F|  |TAMS 0x00000000c4800000, 0x00000000c4800000| Untracked 
|  49|0x00000000c4900000, 0x00000000c4900000, 0x00000000c4a00000|  0%| F|  |TAMS 0x00000000c4900000, 0x00000000c4900000| Untracked 
|  50|0x00000000c4a00000, 0x00000000c4a00000, 0x00000000c4b00000|  0%| F|  |TAMS 0x00000000c4a00000, 0x00000000c4a00000| Untracked 
|  51|0x00000000c4b00000, 0x00000000c4b00000, 0x00000000c4c00000|  0%| F|  |TAMS 0x00000000c4b00000, 0x00000000c4b00000| Untracked 
|  52|0x00000000c4c00000, 0x00000000c4c00000, 0x00000000c4d00000|  0%| F|  |TAMS 0x00000000c4c00000, 0x00000000c4c00000| Untracked 
|  53|0x00000000c4d00000, 0x00000000c4d00000, 0x00000000c4e00000|  0%| F|  |TAMS 0x00000000c4d00000, 0x00000000c4d00000| Untracked 
|  54|0x00000000c4e00000, 0x00000000c4e00000, 0x00000000c4f00000|  0%| F|  |TAMS 0x00000000c4e00000, 0x00000000c4e00000| Untracked 
|  55|0x00000000c4f00000, 0x00000000c4f00000, 0x00000000c5000000|  0%| F|  |TAMS 0x00000000c4f00000, 0x00000000c4f00000| Untracked 
|  56|0x00000000c5000000, 0x00000000c5000000, 0x00000000c5100000|  0%| F|  |TAMS 0x00000000c5000000, 0x00000000c5000000| Untracked 
|  57|0x00000000c5100000, 0x00000000c5100000, 0x00000000c5200000|  0%| F|  |TAMS 0x00000000c5100000, 0x00000000c5100000| Untracked 
|  58|0x00000000c5200000, 0x00000000c5200000, 0x00000000c5300000|  0%| F|  |TAMS 0x00000000c5200000, 0x00000000c5200000| Untracked 
|  59|0x00000000c5300000, 0x00000000c5300000, 0x00000000c5400000|  0%| F|  |TAMS 0x00000000c5300000, 0x00000000c5300000| Untracked 
|  60|0x00000000c5400000, 0x00000000c5400000, 0x00000000c5500000|  0%| F|  |TAMS 0x00000000c5400000, 0x00000000c5400000| Untracked 
|  61|0x00000000c5500000, 0x00000000c5500000, 0x00000000c5600000|  0%| F|  |TAMS 0x00000000c5500000, 0x00000000c5500000| Untracked 
|  62|0x00000000c5600000, 0x00000000c5600000, 0x00000000c5700000|  0%| F|  |TAMS 0x00000000c5600000, 0x00000000c5600000| Untracked 
|  63|0x00000000c5700000, 0x00000000c5700000, 0x00000000c5800000|  0%| F|  |TAMS 0x00000000c5700000, 0x00000000c5700000| Untracked 
|  64|0x00000000c5800000, 0x00000000c5800000, 0x00000000c5900000|  0%| F|  |TAMS 0x00000000c5800000, 0x00000000c5800000| Untracked 
|  65|0x00000000c5900000, 0x00000000c5900000, 0x00000000c5a00000|  0%| F|  |TAMS 0x00000000c5900000, 0x00000000c5900000| Untracked 
|  66|0x00000000c5a00000, 0x00000000c5a00000, 0x00000000c5b00000|  0%| F|  |TAMS 0x00000000c5a00000, 0x00000000c5a00000| Untracked 
|  67|0x00000000c5b00000, 0x00000000c5b00000, 0x00000000c5c00000|  0%| F|  |TAMS 0x00000000c5b00000, 0x00000000c5b00000| Untracked 
|  68|0x00000000c5c00000, 0x00000000c5c00000, 0x00000000c5d00000|  0%| F|  |TAMS 0x00000000c5c00000, 0x00000000c5c00000| Untracked 
|  69|0x00000000c5d00000, 0x00000000c5d00000, 0x00000000c5e00000|  0%| F|  |TAMS 0x00000000c5d00000, 0x00000000c5d00000| Untracked 
|  70|0x00000000c5e00000, 0x00000000c5e00000, 0x00000000c5f00000|  0%| F|  |TAMS 0x00000000c5e00000, 0x00000000c5e00000| Untracked 
|  71|0x00000000c5f00000, 0x00000000c5f00000, 0x00000000c6000000|  0%| F|  |TAMS 0x00000000c5f00000, 0x00000000c5f00000| Untracked 
|  72|0x00000000c6000000, 0x00000000c6000000, 0x00000000c6100000|  0%| F|  |TAMS 0x00000000c6000000, 0x00000000c6000000| Untracked 
|  73|0x00000000c6100000, 0x00000000c6100000, 0x00000000c6200000|  0%| F|  |TAMS 0x00000000c6100000, 0x00000000c6100000| Untracked 
|  74|0x00000000c6200000, 0x00000000c6200000, 0x00000000c6300000|  0%| F|  |TAMS 0x00000000c6200000, 0x00000000c6200000| Untracked 
|  75|0x00000000c6300000, 0x00000000c6300000, 0x00000000c6400000|  0%| F|  |TAMS 0x00000000c6300000, 0x00000000c6300000| Untracked 
|  76|0x00000000c6400000, 0x00000000c6400000, 0x00000000c6500000|  0%| F|  |TAMS 0x00000000c6400000, 0x00000000c6400000| Untracked 
|  77|0x00000000c6500000, 0x00000000c6500000, 0x00000000c6600000|  0%| F|  |TAMS 0x00000000c6500000, 0x00000000c6500000| Untracked 
|  78|0x00000000c6600000, 0x00000000c6600000, 0x00000000c6700000|  0%| F|  |TAMS 0x00000000c6600000, 0x00000000c6600000| Untracked 
|  79|0x00000000c6700000, 0x00000000c6700000, 0x00000000c6800000|  0%| F|  |TAMS 0x00000000c6700000, 0x00000000c6700000| Untracked 
|  80|0x00000000c6800000, 0x00000000c6800000, 0x00000000c6900000|  0%| F|  |TAMS 0x00000000c6800000, 0x00000000c6800000| Untracked 
|  81|0x00000000c6900000, 0x00000000c6900000, 0x00000000c6a00000|  0%| F|  |TAMS 0x00000000c6900000, 0x00000000c6900000| Untracked 
|  82|0x00000000c6a00000, 0x00000000c6a00000, 0x00000000c6b00000|  0%| F|  |TAMS 0x00000000c6a00000, 0x00000000c6a00000| Untracked 
|  83|0x00000000c6b00000, 0x00000000c6b00000, 0x00000000c6c00000|  0%| F|  |TAMS 0x00000000c6b00000, 0x00000000c6b00000| Untracked 
|  84|0x00000000c6c00000, 0x00000000c6c00000, 0x00000000c6d00000|  0%| F|  |TAMS 0x00000000c6c00000, 0x00000000c6c00000| Untracked 
|  85|0x00000000c6d00000, 0x00000000c6d00000, 0x00000000c6e00000|  0%| F|  |TAMS 0x00000000c6d00000, 0x00000000c6d00000| Untracked 
|  86|0x00000000c6e00000, 0x00000000c6e00000, 0x00000000c6f00000|  0%| F|  |TAMS 0x00000000c6e00000, 0x00000000c6e00000| Untracked 
|  87|0x00000000c6f00000, 0x00000000c6f00000, 0x00000000c7000000|  0%| F|  |TAMS 0x00000000c6f00000, 0x00000000c6f00000| Untracked 
|  88|0x00000000c7000000, 0x00000000c7000000, 0x00000000c7100000|  0%| F|  |TAMS 0x00000000c7000000, 0x00000000c7000000| Untracked 
|  89|0x00000000c7100000, 0x00000000c7100000, 0x00000000c7200000|  0%| F|  |TAMS 0x00000000c7100000, 0x00000000c7100000| Untracked 
|  90|0x00000000c7200000, 0x00000000c7200000, 0x00000000c7300000|  0%| F|  |TAMS 0x00000000c7200000, 0x00000000c7200000| Untracked 
|  91|0x00000000c7300000, 0x00000000c7300000, 0x00000000c7400000|  0%| F|  |TAMS 0x00000000c7300000, 0x00000000c7300000| Untracked 
|  92|0x00000000c7400000, 0x00000000c7400000, 0x00000000c7500000|  0%| F|  |TAMS 0x00000000c7400000, 0x00000000c7400000| Untracked 
|  93|0x00000000c7500000, 0x00000000c7556d40, 0x00000000c7600000| 33%| S|CS|TAMS 0x00000000c7500000, 0x00000000c7500000| Complete 
|  94|0x00000000c7600000, 0x00000000c7600000, 0x00000000c7700000|  0%| F|  |TAMS 0x00000000c7600000, 0x00000000c7600000| Untracked 
|  95|0x00000000c7700000, 0x00000000c7700000, 0x00000000c7800000|  0%| F|  |TAMS 0x00000000c7700000, 0x00000000c7700000| Untracked 
|  96|0x00000000c7800000, 0x00000000c7800000, 0x00000000c7900000|  0%| F|  |TAMS 0x00000000c7800000, 0x00000000c7800000| Untracked 

Card table byte_map: [0x00000263d7db0000,0x00000263d7fb0000] _byte_map_base: 0x00000263d77a4000

Marking Bits (Prev, Next): (CMBitMap*) 0x00000263c147a950, (CMBitMap*) 0x00000263c147a910
 Prev Bits: [0x00000263d9150000, 0x00000263da0f0000)
 Next Bits: [0x00000263d81b0000, 0x00000263d9150000)

Polling page: 0x00000263bf2d0000

Metaspace:

Usage:
  Non-class:      6.17 MB used.
      Class:    706.57 KB used.
       Both:      6.86 MB used.

Virtual space:
  Non-class space:        8.00 MB reserved,       6.25 MB ( 78%) committed,  1 nodes.
      Class space:        1.00 GB reserved,     832.00 KB ( <1%) committed,  1 nodes.
              Both:        1.01 GB reserved,       7.06 MB ( <1%) committed. 

Chunk freelists:
   Non-Class:  1.00 MB
       Class:  3.24 MB
        Both:  4.24 MB

MaxMetaspaceSize: 17179869184.00 GB
CompressedClassSpaceSize: 1.00 GB
 - commit_granule_bytes: 65536.
 - commit_granule_words: 8192.
 - virtual_space_node_default_size: 1048576.
 - enlarge_chunks_in_place: 1.
 - new_chunks_are_fully_committed: 0.
 - uncommit_free_chunks: 1.
 - use_allocation_guard: 0.
 - handle_deallocations: 1.


Internal statistics:

num_allocs_failed_limit: 0.
num_arena_births: 120.
num_arena_deaths: 0.
num_vsnodes_births: 2.
num_vsnodes_deaths: 0.
num_space_committed: 113.
num_space_uncommitted: 0.
num_chunks_returned_to_freelist: 0.
num_chunks_taken_from_freelist: 151.
num_chunk_merges: 0.
num_chunk_splits: 91.
num_chunks_enlarged: 41.
num_purges: 0.

CodeHeap 'non-profiled nmethods': size=120000Kb used=306Kb max_used=306Kb free=119693Kb
 bounds [0x00000263d0680000, 0x00000263d08f0000, 0x00000263d7bb0000]
CodeHeap 'profiled nmethods': size=120000Kb used=1976Kb max_used=1976Kb free=118023Kb
 bounds [0x00000263c9150000, 0x00000263c93c0000, 0x00000263d0680000]
CodeHeap 'non-nmethods': size=5760Kb used=1271Kb max_used=1287Kb free=4488Kb
 bounds [0x00000263c8bb0000, 0x00000263c8e20000, 0x00000263c9150000]
 total_blobs=1755 nmethods=1166 adapters=501
 compilation: enabled
              stopped_count=0, restarted_count=0
 full_count=0

Compilation events (20 events):
Event: 2.825 Thread 0x00000263dc569570 1158       3       sun.java2d.SurfaceData::validatePipe (785 bytes)
Event: 2.828 Thread 0x00000263dc569570 nmethod 1158 0x00000263c9335510 code [0x00000263c93359a0, 0x00000263c9338a48]
Event: 2.829 Thread 0x00000263dc569570 1162   !   3       sun.awt.image.SurfaceManager::getManager (47 bytes)
Event: 2.829 Thread 0x00000263dc569570 nmethod 1162 0x00000263c9338c10 code [0x00000263c9338e20, 0x00000263c93395f8]
Event: 2.829 Thread 0x00000263dc569570 1163       3       java.awt.Image$1::getSurfaceManager (5 bytes)
Event: 2.830 Thread 0x00000263dc569570 nmethod 1163 0x00000263c9339910 code [0x00000263c9339aa0, 0x00000263c9339bb8]
Event: 2.830 Thread 0x00000263dc569570 1159       3       sun.java2d.SurfaceData::canRenderParallelograms (137 bytes)
Event: 2.830 Thread 0x00000263dc569570 nmethod 1159 0x00000263c9339c90 code [0x00000263c9339ea0, 0x00000263c933a6b8]
Event: 2.831 Thread 0x00000263dc569570 1160       3       sun.java2d.SurfaceData::getTextPipe (120 bytes)
Event: 2.831 Thread 0x00000263dc569570 nmethod 1160 0x00000263c933a890 code [0x00000263c933aaa0, 0x00000263c933af88]
Event: 2.831 Thread 0x00000263dc569570 1161       3       sun.awt.image.BufImgSurfaceData::getRenderLoops (26 bytes)
Event: 2.832 Thread 0x00000263dc569570 nmethod 1161 0x00000263c933b090 code [0x00000263c933b240, 0x00000263c933b428]
Event: 2.844 Thread 0x00000263dc569570 1164       3       java.util.ArrayList::contains (14 bytes)
Event: 2.845 Thread 0x00000263dc569570 nmethod 1164 0x00000263c933b510 code [0x00000263c933b6c0, 0x00000263c933b8c8]
Event: 2.845 Thread 0x00000263dc569570 1165       3       javax.swing.RepaintManager::collectDirtyComponents (344 bytes)
Event: 2.848 Thread 0x00000263dc569570 nmethod 1165 0x00000263c933b990 code [0x00000263c933bd00, 0x00000263c933d6f8]
Event: 2.848 Thread 0x00000263dc569570 1166       3       java.awt.Rectangle::setBounds (21 bytes)
Event: 2.848 Thread 0x00000263dc569570 nmethod 1166 0x00000263c933df90 code [0x00000263c933e140, 0x00000263c933e2a8]
Event: 2.872 Thread 0x00000263dc566c10 1167       4       java.awt.geom.Rectangle2D$Float::getHeight (6 bytes)
Event: 2.873 Thread 0x00000263dc566c10 nmethod 1167 0x00000263d06cc790 code [0x00000263d06cc900, 0x00000263d06cc978]

GC Heap History (20 events):
Event: 1.824 GC heap after
{Heap after GC invocations=2 (full 0):
 garbage-first heap   total 65536K, used 30510K [0x00000000c1800000, 0x0000000100000000)
  region size 1024K, 1 young (1024K), 1 survivors (1024K)
 Metaspace       used 6861K, committed 7040K, reserved 1056768K
  class space    used 706K, committed 832K, reserved 1048576K
}
Event: 1.844 GC heap before
{Heap before GC invocations=3 (full 0):
 garbage-first heap   total 65536K, used 32558K [0x00000000c1800000, 0x0000000100000000)
  region size 1024K, 2 young (2048K), 1 survivors (1024K)
 Metaspace       used 6863K, committed 7040K, reserved 1056768K
  class space    used 706K, committed 832K, reserved 1048576K
}
Event: 1.846 GC heap after
{Heap after GC invocations=4 (full 0):
 garbage-first heap   total 65536K, used 20119K [0x00000000c1800000, 0x0000000100000000)
  region size 1024K, 1 young (1024K), 1 survivors (1024K)
 Metaspace       used 6863K, committed 7040K, reserved 1056768K
  class space    used 706K, committed 832K, reserved 1048576K
}
Event: 1.945 GC heap before
{Heap before GC invocations=4 (full 0):
 garbage-first heap   total 65536K, used 28311K [0x00000000c1800000, 0x0000000100000000)
  region size 1024K, 2 young (2048K), 1 survivors (1024K)
 Metaspace       used 6863K, committed 7040K, reserved 1056768K
  class space    used 706K, committed 832K, reserved 1048576K
}
Event: 1.946 GC heap after
{Heap after GC invocations=5 (full 0):
 garbage-first heap   total 65536K, used 26234K [0x00000000c1800000, 0x0000000100000000)
  region size 1024K, 1 young (1024K), 1 survivors (1024K)
 Metaspace       used 6863K, committed 7040K, reserved 1056768K
  class space    used 706K, committed 832K, reserved 1048576K
}
Event: 1.969 GC heap before
{Heap before GC invocations=5 (full 0):
 garbage-first heap   total 65536K, used 28282K [0x00000000c1800000, 0x0000000100000000)
  region size 1024K, 2 young (2048K), 1 survivors (1024K)
 Metaspace       used 6871K, committed 7040K, reserved 1056768K
  class space    used 706K, committed 832K, reserved 1048576K
}
Event: 1.971 GC heap after
{Heap after GC invocations=6 (full 0):
 garbage-first heap   total 99328K, used 20112K [0x00000000c1800000, 0x0000000100000000)
  region size 1024K, 1 young (1024K), 1 survivors (1024K)
 Metaspace       used 6871K, committed 7040K, reserved 1056768K
  class space    used 706K, committed 832K, reserved 1048576K
}
Event: 2.327 GC heap before
{Heap before GC invocations=6 (full 0):
 garbage-first heap   total 99328K, used 44688K [0x00000000c1800000, 0x0000000100000000)
  region size 1024K, 3 young (3072K), 1 survivors (1024K)
 Metaspace       used 6910K, committed 7104K, reserved 1056768K
  class space    used 706K, committed 832K, reserved 1048576K
}
Event: 2.328 GC heap after
{Heap after GC invocations=7 (full 0):
 garbage-first heap   total 99328K, used 41592K [0x00000000c1800000, 0x0000000100000000)
  region size 1024K, 1 young (1024K), 1 survivors (1024K)
 Metaspace       used 6910K, committed 7104K, reserved 1056768K
  class space    used 706K, committed 832K, reserved 1048576K
}
Event: 2.352 GC heap before
{Heap before GC invocations=7 (full 0):
 garbage-first heap   total 99328K, used 44664K [0x00000000c1800000, 0x0000000100000000)
  region size 1024K, 2 young (2048K), 1 survivors (1024K)
 Metaspace       used 6910K, committed 7104K, reserved 1056768K
  class space    used 706K, committed 832K, reserved 1048576K
}
Event: 2.354 GC heap after
{Heap after GC invocations=8 (full 0):
 garbage-first heap   total 99328K, used 22140K [0x00000000c1800000, 0x0000000100000000)
  region size 1024K, 1 young (1024K), 1 survivors (1024K)
 Metaspace       used 6910K, committed 7104K, reserved 1056768K
  class space    used 706K, committed 832K, reserved 1048576K
}
Event: 2.564 GC heap before
{Heap before GC invocations=8 (full 0):
 garbage-first heap   total 99328K, used 44668K [0x00000000c1800000, 0x0000000100000000)
  region size 1024K, 3 young (3072K), 1 survivors (1024K)
 Metaspace       used 6927K, committed 7104K, reserved 1056768K
  class space    used 706K, committed 832K, reserved 1048576K
}
Event: 2.566 GC heap after
{Heap after GC invocations=9 (full 0):
 garbage-first heap   total 99328K, used 40579K [0x00000000c1800000, 0x0000000100000000)
  region size 1024K, 1 young (1024K), 1 survivors (1024K)
 Metaspace       used 6927K, committed 7104K, reserved 1056768K
  class space    used 706K, committed 832K, reserved 1048576K
}
Event: 2.588 GC heap before
{Heap before GC invocations=9 (full 0):
 garbage-first heap   total 99328K, used 43651K [0x00000000c1800000, 0x0000000100000000)
  region size 1024K, 2 young (2048K), 1 survivors (1024K)
 Metaspace       used 6931K, committed 7104K, reserved 1056768K
  class space    used 706K, committed 832K, reserved 1048576K
}
Event: 2.589 GC heap after
{Heap after GC invocations=10 (full 0):
 garbage-first heap   total 99328K, used 22122K [0x00000000c1800000, 0x0000000100000000)
  region size 1024K, 1 young (1024K), 1 survivors (1024K)
 Metaspace       used 6931K, committed 7104K, reserved 1056768K
  class space    used 706K, committed 832K, reserved 1048576K
}
Event: 2.798 GC heap before
{Heap before GC invocations=10 (full 0):
 garbage-first heap   total 99328K, used 44650K [0x00000000c1800000, 0x0000000100000000)
  region size 1024K, 3 young (3072K), 1 survivors (1024K)
 Metaspace       used 7014K, committed 7232K, reserved 1056768K
  class space    used 706K, committed 832K, reserved 1048576K
}
Event: 2.800 GC heap after
{Heap after GC invocations=11 (full 0):
 garbage-first heap   total 99328K, used 40566K [0x00000000c1800000, 0x0000000100000000)
  region size 1024K, 1 young (1024K), 1 survivors (1024K)
 Metaspace       used 7014K, committed 7232K, reserved 1056768K
  class space    used 706K, committed 832K, reserved 1048576K
}
Event: 2.820 GC heap before
{Heap before GC invocations=11 (full 0):
 garbage-first heap   total 99328K, used 44662K [0x00000000c1800000, 0x0000000100000000)
  region size 1024K, 2 young (2048K), 1 survivors (1024K)
 Metaspace       used 7015K, committed 7232K, reserved 1056768K
  class space    used 706K, committed 832K, reserved 1048576K
}
Event: 2.822 GC heap after
{Heap after GC invocations=12 (full 0):
 garbage-first heap   total 99328K, used 24181K [0x00000000c1800000, 0x0000000100000000)
  region size 1024K, 1 young (1024K), 1 survivors (1024K)
 Metaspace       used 7015K, committed 7232K, reserved 1056768K
  class space    used 706K, committed 832K, reserved 1048576K
}
Event: 2.986 GC heap before
{Heap before GC invocations=12 (full 0):
 garbage-first heap   total 99328K, used 41589K [0x00000000c1800000, 0x0000000100000000)
  region size 1024K, 3 young (3072K), 1 survivors (1024K)
 Metaspace       used 7028K, committed 7232K, reserved 1056768K
  class space    used 706K, committed 832K, reserved 1048576K
}

Deoptimization events (20 events):
Event: 0.566 Thread 0x00000263dd355020 DEOPT PACKING pc=0x00000263c9250cb1 sp=0x000000a48dcfe610
Event: 0.566 Thread 0x00000263dd355020 DEOPT UNPACKING pc=0x00000263c8bfdece sp=0x000000a48dcfdaa0 mode 0
Event: 0.567 Thread 0x00000263dd355020 DEOPT PACKING pc=0x00000263c9250cb1 sp=0x000000a48dcfe610
Event: 0.567 Thread 0x00000263dd355020 DEOPT UNPACKING pc=0x00000263c8bfdece sp=0x000000a48dcfdaa0 mode 0
Event: 0.568 Thread 0x00000263dd355020 DEOPT PACKING pc=0x00000263c9250cb1 sp=0x000000a48dcfe610
Event: 0.568 Thread 0x00000263dd355020 DEOPT UNPACKING pc=0x00000263c8bfdece sp=0x000000a48dcfdaa0 mode 0
Event: 0.569 Thread 0x00000263dd355020 DEOPT PACKING pc=0x00000263c9250cb1 sp=0x000000a48dcfe610
Event: 0.569 Thread 0x00000263dd355020 DEOPT UNPACKING pc=0x00000263c8bfdece sp=0x000000a48dcfdaa0 mode 0
Event: 0.569 Thread 0x00000263dd355020 DEOPT PACKING pc=0x00000263c9250cb1 sp=0x000000a48dcfe610
Event: 0.569 Thread 0x00000263dd355020 DEOPT UNPACKING pc=0x00000263c8bfdece sp=0x000000a48dcfdaa0 mode 0
Event: 0.570 Thread 0x00000263dd355020 DEOPT PACKING pc=0x00000263c9250cb1 sp=0x000000a48dcfe610
Event: 0.570 Thread 0x00000263dd355020 DEOPT UNPACKING pc=0x00000263c8bfdece sp=0x000000a48dcfdaa0 mode 0
Event: 0.642 Thread 0x00000263c1449f30 Uncommon trap: trap_request=0xffffff45 fr.pc=0x00000263d06a4f80 relative=0x0000000000000360
Event: 0.642 Thread 0x00000263c1449f30 Uncommon trap: reason=unstable_if action=reinterpret pc=0x00000263d06a4f80 method=java.lang.StringUTF16.compress([CI[BII)I @ 20 c2
Event: 0.642 Thread 0x00000263c1449f30 DEOPT PACKING pc=0x00000263d06a4f80 sp=0x000000a48c6fd010
Event: 0.642 Thread 0x00000263c1449f30 DEOPT UNPACKING pc=0x00000263c8bfd72e sp=0x000000a48c6fcf90 mode 2
Event: 0.711 Thread 0x00000263dd285a50 Uncommon trap: trap_request=0xffffff45 fr.pc=0x00000263d06b0f80 relative=0x0000000000000820
Event: 0.711 Thread 0x00000263dd285a50 Uncommon trap: reason=unstable_if action=reinterpret pc=0x00000263d06b0f80 method=java.util.HashMap.putVal(ILjava/lang/Object;Ljava/lang/Object;ZZ)Ljava/lang/Object; @ 181 c2
Event: 0.711 Thread 0x00000263dd285a50 DEOPT PACKING pc=0x00000263d06b0f80 sp=0x000000a48e0fce90
Event: 0.711 Thread 0x00000263dd285a50 DEOPT UNPACKING pc=0x00000263c8bfd72e sp=0x000000a48e0fcdd8 mode 2

Classes unloaded (0 events):
No events

Classes redefined (0 events):
No events

Internal exceptions (14 events):
Event: 0.090 Thread 0x00000263c1449f30 Exception <a 'java/lang/NoSuchMethodError'{0x00000000c564c910}: 'void java.lang.invoke.DirectMethodHandle$Holder.invokeSpecial(java.lang.Object, java.lang.Object, java.lang.Object)'> (0x00000000c564c910) 
thrown [t:\workspace\open\src\hotspot\share\interpreter\linkResolver.cpp, line 790]
Event: 0.106 Thread 0x00000263c1449f30 Exception <a 'java/lang/ClassNotFoundException'{0x00000000c5669e28}: sun/awt/resources/spi/awtProvider> (0x00000000c5669e28) 
thrown [t:\workspace\open\src\hotspot\share\classfile\systemDictionary.cpp, line 256]
Event: 0.137 Thread 0x00000263c1449f30 Exception <a 'java/io/FileNotFoundException'{0x00000000c56c3888}> (0x00000000c56c3888) 
thrown [t:\workspace\open\src\hotspot\share\prims\jni.cpp, line 579]
Event: 0.149 Thread 0x00000263c1449f30 Exception <a 'java/io/FileNotFoundException'{0x00000000c56f23c8}> (0x00000000c56f23c8) 
thrown [t:\workspace\open\src\hotspot\share\prims\jni.cpp, line 579]
Event: 0.150 Thread 0x00000263c1449f30 Exception <a 'java/lang/NoSuchMethodError'{0x00000000c56f35b0}: 'java.lang.Object java.lang.invoke.DirectMethodHandle$Holder.invokeStatic(java.lang.Object)'> (0x00000000c56f35b0) 
thrown [t:\workspace\open\src\hotspot\share\interpreter\linkResolver.cpp, line 790]
Event: 0.201 Thread 0x00000263c1449f30 Exception <a 'java/lang/NoSuchMethodError'{0x00000000c5549130}: 'java.lang.Object java.lang.invoke.DirectMethodHandle$Holder.invokeStaticInit(java.lang.Object)'> (0x00000000c5549130) 
thrown [t:\workspace\open\src\hotspot\share\interpreter\linkResolver.cpp, line 790]
Event: 0.292 Thread 0x00000263c1449f30 Exception <a 'java/lang/NoSuchMethodError'{0x00000000c55fce70}: 'java.lang.Object java.lang.invoke.DirectMethodHandle$Holder.newInvokeSpecial(java.lang.Object, java.lang.Object, java.lang.Object, java.lang.Object, java.lang.Object)'> (0x00000000c55fce70) 
thrown [t:\workspace\open\src\hotspot\share\interpreter\linkResolver.cpp, line 790]
Event: 0.295 Thread 0x00000263c1449f30 Exception <a 'java/lang/NoSuchMethodError'{0x00000000c5408df8}: 'java.lang.Object java.lang.invoke.DirectMethodHandle$Holder.invokeStatic(java.lang.Object, int, java.lang.Object, java.lang.Object, java.lang.Object, java.lang.Object)'> (0x00000000c5408df8) 
thrown [t:\workspace\open\src\hotspot\share\interpreter\linkResolver.cpp, line 790]
Event: 0.301 Thread 0x00000263c1449f30 Exception <a 'java/lang/NoSuchMethodError'{0x00000000c542eec0}: 'java.lang.Object java.lang.invoke.DirectMethodHandle$Holder.invokeStatic(java.lang.Object, int, java.lang.Object)'> (0x00000000c542eec0) 
thrown [t:\workspace\open\src\hotspot\share\interpreter\linkResolver.cpp, line 790]
Event: 0.340 Thread 0x00000263c1449f30 Exception <a 'java/lang/ClassNotFoundException'{0x00000000c54e83d0}: com/sun/swing/internal/plaf/metal/resources/spi/metalProvider> (0x00000000c54e83d0) 
thrown [t:\workspace\open\src\hotspot\share\classfile\systemDictionary.cpp, line 256]
Event: 0.341 Thread 0x00000263c1449f30 Exception <a 'java/lang/ClassNotFoundException'{0x00000000c54ec6c8}: com/sun/swing/internal/plaf/basic/resources/spi/basicProvider> (0x00000000c54ec6c8) 
thrown [t:\workspace\open\src\hotspot\share\classfile\systemDictionary.cpp, line 256]
Event: 0.440 Thread 0x00000263dd355020 Exception <a 'java/lang/NoSuchMethodError'{0x00000000c52bd188}: 'java.lang.Object java.lang.invoke.DirectMethodHandle$Holder.newInvokeSpecial(java.lang.Object, java.lang.Object, java.lang.Object, int, int, int, int, int)'> (0x00000000c52bd188) 
thrown [t:\workspace\open\src\hotspot\share\interpreter\linkResolver.cpp, line 790]
Event: 0.603 Thread 0x00000263dd2ce920 Exception <a 'java/lang/NoSuchMethodError'{0x00000000c5201de0}: 'void java.lang.invoke.DirectMethodHandle$Holder.invokeVirtual(java.lang.Object, java.lang.Object)'> (0x00000000c5201de0) 
thrown [t:\workspace\open\src\hotspot\share\interpreter\linkResolver.cpp, line 790]
Event: 0.625 Thread 0x00000263c1449f30 Exception <a 'java/lang/NoSuchMethodError'{0x00000000c5263a18}: 'void java.lang.invoke.DirectMethodHandle$Holder.invokeStaticInit(java.lang.Object)'> (0x00000000c5263a18) 
thrown [t:\workspace\open\src\hotspot\share\interpreter\linkResolver.cpp, line 790]

Events (20 events):
Event: 1.835 Executing  VM operation: G1Concurrent done
Event: 1.844 Executing  VM operation: G1TryInitiateConcMark
Event: 1.846 Executing  VM operation: G1TryInitiateConcMark done
Event: 1.945 Executing  VM operation: G1TryInitiateConcMark
Event: 1.947 Executing  VM operation: G1TryInitiateConcMark done
Event: 1.969 Executing  VM operation: G1TryInitiateConcMark
Event: 1.971 Executing  VM operation: G1TryInitiateConcMark done
Event: 2.327 Executing  VM operation: G1TryInitiateConcMark
Event: 2.329 Executing  VM operation: G1TryInitiateConcMark done
Event: 2.352 Executing  VM operation: G1TryInitiateConcMark
Event: 2.354 Executing  VM operation: G1TryInitiateConcMark done
Event: 2.564 Executing  VM operation: G1TryInitiateConcMark
Event: 2.566 Executing  VM operation: G1TryInitiateConcMark done
Event: 2.588 Executing  VM operation: G1TryInitiateConcMark
Event: 2.589 Executing  VM operation: G1TryInitiateConcMark done
Event: 2.797 Executing  VM operation: G1TryInitiateConcMark
Event: 2.800 Executing  VM operation: G1TryInitiateConcMark done
Event: 2.820 Executing  VM operation: G1TryInitiateConcMark
Event: 2.822 Executing  VM operation: G1TryInitiateConcMark done
Event: 2.986 Executing  VM operation: G1TryInitiateConcMark


Dynamic libraries:
0x00007ff6082e0000 - 0x00007ff6082f0000 	C:\Program Files\Java\jdk-16\bin\java.exe
0x00007ff8e14a0000 - 0x00007ff8e1690000 	C:\WINDOWS\SYSTEM32\ntdll.dll
0x00007ff8e03c0000 - 0x00007ff8e0472000 	C:\WINDOWS\System32\KERNEL32.DLL
0x00007ff8df0e0000 - 0x00007ff8df383000 	C:\WINDOWS\System32\KERNELBASE.dll
0x00007ff8de710000 - 0x00007ff8de80a000 	C:\WINDOWS\System32\ucrtbase.dll
0x00007ff8d7ef0000 - 0x00007ff8d7f09000 	C:\Program Files\Java\jdk-16\bin\VCRUNTIME140.dll
0x00007ff8ce700000 - 0x00007ff8ce718000 	C:\Program Files\Java\jdk-16\bin\jli.dll
0x00007ff8df7a0000 - 0x00007ff8df843000 	C:\WINDOWS\System32\ADVAPI32.dll
0x00007ff8df700000 - 0x00007ff8df79e000 	C:\WINDOWS\System32\msvcrt.dll
0x00007ff8e1130000 - 0x00007ff8e11c7000 	C:\WINDOWS\System32\sechost.dll
0x00007ff8e0b30000 - 0x00007ff8e0c50000 	C:\WINDOWS\System32\RPCRT4.dll
0x00007ff8e0480000 - 0x00007ff8e0614000 	C:\WINDOWS\System32\USER32.dll
0x00007ff8bd260000 - 0x00007ff8bd4e5000 	C:\WINDOWS\WinSxS\amd64_microsoft.windows.common-controls_6595b64144ccf1df_6.0.18362.535_none_e6c3b34713100821\COMCTL32.dll
0x00007ff8df480000 - 0x00007ff8df4a1000 	C:\WINDOWS\System32\win32u.dll
0x00007ff8dff40000 - 0x00007ff8e0276000 	C:\WINDOWS\System32\combase.dll
0x00007ff8e11d0000 - 0x00007ff8e11f6000 	C:\WINDOWS\System32\GDI32.dll
0x00007ff8de540000 - 0x00007ff8de6d4000 	C:\WINDOWS\System32\gdi32full.dll
0x00007ff8df4d0000 - 0x00007ff8df550000 	C:\WINDOWS\System32\bcryptPrimitives.dll
0x00007ff8df390000 - 0x00007ff8df42e000 	C:\WINDOWS\System32\msvcp_win.dll
0x00007ff8d01a0000 - 0x00007ff8d01aa000 	C:\WINDOWS\SYSTEM32\VERSION.dll
0x00007ff8df550000 - 0x00007ff8df57e000 	C:\WINDOWS\System32\IMM32.DLL
0x00007ff8d7ee0000 - 0x00007ff8d7eec000 	C:\Program Files\Java\jdk-16\bin\vcruntime140_1.dll
0x00007ff8b3380000 - 0x00007ff8b3411000 	C:\Program Files\Java\jdk-16\bin\msvcp140.dll
0x00007ff88bf00000 - 0x00007ff88caab000 	C:\Program Files\Java\jdk-16\bin\server\jvm.dll
0x00007ff8e0a50000 - 0x00007ff8e0a58000 	C:\WINDOWS\System32\PSAPI.DLL
0x00007ff8d7f10000 - 0x00007ff8d7f19000 	C:\WINDOWS\SYSTEM32\WSOCK32.dll
0x00007ff8d7e90000 - 0x00007ff8d7eb4000 	C:\WINDOWS\SYSTEM32\WINMM.dll
0x00007ff8e0960000 - 0x00007ff8e09cf000 	C:\WINDOWS\System32\WS2_32.dll
0x00007ff8d7e60000 - 0x00007ff8d7e8d000 	C:\WINDOWS\SYSTEM32\WINMMBASE.dll
0x00007ff8df430000 - 0x00007ff8df47a000 	C:\WINDOWS\System32\cfgmgr32.dll
0x00007ff8de410000 - 0x00007ff8de421000 	C:\WINDOWS\System32\kernel.appcore.dll
0x00007ff8d7ed0000 - 0x00007ff8d7eda000 	C:\Program Files\Java\jdk-16\bin\jimage.dll
0x00007ff8d9d10000 - 0x00007ff8d9f04000 	C:\WINDOWS\SYSTEM32\DBGHELP.DLL
0x00007ff8c1080000 - 0x00007ff8c10aa000 	C:\WINDOWS\SYSTEM32\dbgcore.DLL
0x00007ff8ce420000 - 0x00007ff8ce445000 	C:\Program Files\Java\jdk-16\bin\java.dll
0x00007ff8df850000 - 0x00007ff8dff35000 	C:\WINDOWS\System32\SHELL32.dll
0x00007ff8e13b0000 - 0x00007ff8e1459000 	C:\WINDOWS\System32\shcore.dll
0x00007ff8de960000 - 0x00007ff8df0df000 	C:\WINDOWS\System32\windows.storage.dll
0x00007ff8de3f0000 - 0x00007ff8de40f000 	C:\WINDOWS\System32\profapi.dll
0x00007ff8de380000 - 0x00007ff8de3ca000 	C:\WINDOWS\System32\powrprof.dll
0x00007ff8de370000 - 0x00007ff8de380000 	C:\WINDOWS\System32\UMPDC.dll
0x00007ff8e0900000 - 0x00007ff8e0952000 	C:\WINDOWS\System32\shlwapi.dll
0x00007ff8df4b0000 - 0x00007ff8df4c7000 	C:\WINDOWS\System32\cryptsp.dll
0x00007ff8ce400000 - 0x00007ff8ce419000 	C:\Program Files\Java\jdk-16\bin\net.dll
0x00007ff8cf480000 - 0x00007ff8cf570000 	C:\WINDOWS\SYSTEM32\WINHTTP.dll
0x00007ff8ddbe0000 - 0x00007ff8ddc47000 	C:\WINDOWS\system32\mswsock.dll
0x00007ff8c84c0000 - 0x00007ff8c84d3000 	C:\Program Files\Java\jdk-16\bin\nio.dll
0x00007ff8c6bf0000 - 0x00007ff8c6c08000 	C:\Program Files\Java\jdk-16\bin\zip.dll
0x00007ff8a0b60000 - 0x00007ff8a0ce0000 	C:\Program Files\Java\jdk-16\bin\awt.dll
0x00007ff8df580000 - 0x00007ff8df644000 	C:\WINDOWS\System32\OLEAUT32.dll
0x00007ff8d86f0000 - 0x00007ff8d877f000 	C:\WINDOWS\SYSTEM32\apphelp.dll
0x00007ff8d91b0000 - 0x00007ff8d91dd000 	C:\WINDOWS\system32\DWMAPI.DLL
0x00007ff8d87e0000 - 0x00007ff8d8879000 	C:\WINDOWS\system32\uxtheme.dll
0x00007ff8c9ba0000 - 0x00007ff8c9cf6000 	C:\WINDOWS\system32\opengl32.dll
0x00007ff8ca8b0000 - 0x00007ff8ca8dc000 	C:\WINDOWS\SYSTEM32\GLU32.dll
0x00007ff8dd050000 - 0x00007ff8dd070000 	C:\WINDOWS\SYSTEM32\dxcore.dll
0x00007ff8e0280000 - 0x00007ff8e03b5000 	C:\WINDOWS\System32\MSCTF.dll
0x00007ff8e0620000 - 0x00007ff8e0776000 	C:\WINDOWS\System32\ole32.dll
0x00007ff8cde40000 - 0x00007ff8cde6d000 	C:\Program Files\Java\jdk-16\bin\javajpeg.dll
0x00007ff8ac5b0000 - 0x00007ff8ac639000 	C:\Program Files\Java\jdk-16\bin\freetype.dll
0x00007ff8a9cf0000 - 0x00007ff8a9de6000 	C:\Program Files\Java\jdk-16\bin\harfbuzz.dll
0x00007ff8c5ef0000 - 0x00007ff8c5f02000 	C:\Program Files\Java\jdk-16\bin\fontmanager.dll
0x00007ff8c9fa0000 - 0x00007ff8ca03e000 	C:\WINDOWS\System32\TextInputFramework.dll
0x00007ff8d84e0000 - 0x00007ff8d85b4000 	C:\WINDOWS\System32\CoreMessaging.dll
0x00007ff8d63d0000 - 0x00007ff8d66fa000 	C:\WINDOWS\System32\CoreUIComponents.dll
0x00007ff8dd3d0000 - 0x00007ff8dd401000 	C:\WINDOWS\SYSTEM32\ntmarta.dll
0x00007ff8d6960000 - 0x00007ff8d6ab3000 	C:\WINDOWS\SYSTEM32\wintypes.dll
0x00007ff8c70e0000 - 0x00007ff8c7386000 	C:\WINDOWS\System32\iertutil.dll

dbghelp: loaded successfully - version: 4.0.5 - missing functions: none
symbol engine: initialized successfully - sym options: 0x614 - pdb path: .;C:\Program Files\Java\jdk-16\bin;C:\WINDOWS\SYSTEM32;C:\WINDOWS\WinSxS\amd64_microsoft.windows.common-controls_6595b64144ccf1df_6.0.18362.535_none_e6c3b34713100821;C:\Program Files\Java\jdk-16\bin\server

VM Arguments:
jvm_args: -Dfile.encoding=UTF-8 
java_command: travel.management.system.splash
java_class_path (initial): C:\Users\admin\Documents\NetBeansProjects\mysql-connector-java-8.0.25\mysql-connector-java-8.0.25.jar;C:\Users\admin\Documents\NetBeansProjects\travel management system\build\classes
Launcher Type: SUN_STANDARD

[Global flags]
     intx CICompilerCount                          = 3                                         {product} {ergonomic}
     uint ConcGCThreads                            = 1                                         {product} {ergonomic}
     uint G1ConcRefinementThreads                  = 4                                         {product} {ergonomic}
   size_t G1HeapRegionSize                         = 1048576                                   {product} {ergonomic}
    uintx GCDrainStackTargetSize                   = 64                                        {product} {ergonomic}
   size_t InitialHeapSize                          = 67108864                                  {product} {ergonomic}
   size_t MarkStackSize                            = 4194304                                   {product} {ergonomic}
   size_t MaxHeapSize                              = 1048576000                                {product} {ergonomic}
   size_t MaxNewSize                               = 629145600                                 {product} {ergonomic}
   size_t MinHeapDeltaBytes                        = 1048576                                   {product} {ergonomic}
   size_t MinHeapSize                              = 8388608                                   {product} {ergonomic}
    uintx NonNMethodCodeHeapSize                   = 5832780                                {pd product} {ergonomic}
    uintx NonProfiledCodeHeapSize                  = 122912730                              {pd product} {ergonomic}
    uintx ProfiledCodeHeapSize                     = 122912730                              {pd product} {ergonomic}
    uintx ReservedCodeCacheSize                    = 251658240                              {pd product} {ergonomic}
     bool SegmentedCodeCache                       = true                                      {product} {ergonomic}
   size_t SoftMaxHeapSize                          = 1048576000                             {manageable} {ergonomic}
     bool UseCompressedClassPointers               = true                           {product lp64_product} {ergonomic}
     bool UseCompressedOops                        = true                           {product lp64_product} {ergonomic}
     bool UseG1GC                                  = true                                      {product} {ergonomic}
     bool UseLargePagesIndividualAllocation        = false                                  {pd product} {ergonomic}

Logging:
Log output configuration:
 #0: stdout all=warning uptime,level,tags
 #1: stderr all=off uptime,level,tags

Environment Variables:
PATH=C:\Program Files\Common Files\Oracle\Java\javapath;C:\WINDOWS\system32;C:\WINDOWS;C:\WINDOWS\System32\Wbem;C:\WINDOWS\System32\WindowsPowerShell\v1.0\;C:\WINDOWS\System32\OpenSSH\;C:\Program Files\Microsoft SQL Server\120\Tools\Binn\;C:\Program Files (x86)\Java\jdk1.7.0_76\bin;C:\Users\admin\AppData\Local\Programs\Python\Python38-32;C:\Users\admin\AppData\Local\Programs\Python\Python38-32\Scripts;C:\Program Files (x86)\Intel\Intel(R) Management Engine Components\DAL;C:\Program Files\Intel\Intel(R) Management Engine Components\DAL;C:\WINDOWS\system32\config\systemprofile\.dnx\bin;C:\Program Files\Microsoft DNX\Dnvm\;C:\Program Files\Java\jdk-16\bin;C:\Program Files\MySQL\MySQL Server 5.5\bin;C:\Program Files (x86)\Java\jre7\bin;C:\Program Files\JetBrains\PyCharm Community Edition 2020.1.2\bin;;C:\xampp new\php;C:\Users\admin\AppData\Local\Programs\Microsoft VS Code\bin
USERNAME=admin
OS=Windows_NT
PROCESSOR_IDENTIFIER=Intel64 Family 6 Model 142 Stepping 9, GenuineIntel



---------------  S Y S T E M  ---------------

OS:
 Windows 10 , 64 bit Build 18362 (10.0.18362.329)
OS uptime: 0 days 9:28 hours

CPU: total 4 (initial active 4) (2 cores per cpu, 2 threads per core) family 6 model 142 stepping 9 microcode 0xca, cx8, cmov, fxsr, ht, mmx, 3dnowpref, sse, sse2, sse3, ssse3, sse4.1, sse4.2, popcnt, lzcnt, tsc, tscinvbit, avx, avx2, aes, erms, clmul, bmi1, bmi2, adx, fma, vzeroupper, clflush, clflushopt

Memory: 4k page, system-wide physical 3993M (287M free)
TotalPageFile size 16281M (AvailPageFile size 33M)
current process WorkingSet (physical memory assigned to process): 129M, peak: 133M
current process commit charge ("private bytes"): 199M, peak: 255M

vm_info: Java HotSpot(TM) 64-Bit Server VM (16+36-2231) for windows-amd64 JRE (16+36-2231), built on Feb  8 2021 11:43:10 by "mach5one" with MS VC++ 16.7 (VS2019)

END.
