#
# There is insufficient memory for the Java Runtime Environment to continue.
# Native memory allocation (mmap) failed to map 3145728 bytes for G1 virtual space
# Possible reasons:
#   The system is out of physical RAM or swap space
#   The process is running with CompressedOops enabled, and the Java Heap may be blocking the growth of the native heap
# Possible solutions:
#   Reduce memory load on the system
#   Increase physical memory or swap space
#   Check if swap backing store is full
#   Decrease Java heap size (-Xmx/-Xms)
#   Decrease number of Java threads
#   Decrease Java thread stack sizes (-Xss)
#   Set larger code cache with -XX:ReservedCodeCacheSize=
#   JVM is running with Unscaled Compressed Oops mode in which the Java heap is
#     placed in the first 4GB address space. The Java Heap base address is the
#     maximum limit for the native heap growth. Please use -XX:HeapBaseMinAddress
#     to set the Java Heap base and to place the Java Heap above 4GB virtual address.
# This output file may be truncated or incomplete.
#
#  Out of Memory Error (os_windows.cpp:3466), pid=12236, tid=17732
#
# JRE version: Java(TM) SE Runtime Environment (16.0+36) (build 16+36-2231)
# Java VM: Java HotSpot(TM) 64-Bit Server VM (16+36-2231, mixed mode, sharing, tiered, compressed oops, g1 gc, windows-amd64)
# No core dump will be written. Minidumps are not enabled by default on client versions of Windows
#

---------------  S U M M A R Y ------------

Command Line: -Dapplication.home=C:\Program Files\Java\jdk-16 --add-modules=ALL-DEFAULT -Xms8m -Djdk.module.main=jdk.compiler jdk.compiler/com.sun.tools.javac.Main -d C:\Users\admin\Documents\NetBeansProjects\travel management system\build\classes -classpath C:\Users\admin\Documents\NetBeansProjects\travel management system\build\classes;C:\Users\admin\Documents\NetBeansProjects\mysql-connector-java-8.0.25\mysql-connector-java-8.0.25.jar -sourcepath C:\Users\admin\Documents\NetBeansProjects\travel management system\src -target 16 -encoding UTF-8 -g -processorpath C:\Users\admin\Documents\NetBeansProjects\mysql-connector-java-8.0.25\mysql-connector-java-8.0.25.jar;C:\Users\admin\Documents\NetBeansProjects\travel management system\build\empty -s C:\Users\admin\Documents\NetBeansProjects\travel management system\build\generated-sources\ap-source-output -source 16 C:\Users\admin\Documents\NetBeansProjects\travel management system\src\travel\management\system\splash.java

Host: Intel(R) Core(TM) i3-7020U CPU @ 2.30GHz, 4 cores, 3G,  Windows 10 , 64 bit Build 18362 (10.0.18362.329)
Time: Thu Jun 17 20:42:19 2021 India Standard Time elapsed time: 0.629548 seconds (0d 0h 0m 0s)

---------------  T H R E A D  ---------------

Current thread (0x000002dbd6a06430):  VMThread "VM Thread" [stack: 0x000000e011c00000,0x000000e011d00000] [id=17732]

Stack: [0x000000e011c00000,0x000000e011d00000]
Native frames: (J=compiled Java code, j=interpreted, Vv=VM code, C=native code)
V  [jvm.dll+0x6681da]
V  [jvm.dll+0x7c9d99]
V  [jvm.dll+0x7cb4d3]
V  [jvm.dll+0x7cbb33]
V  [jvm.dll+0x242ee5]
V  [jvm.dll+0x664f99]
V  [jvm.dll+0x659b85]
V  [jvm.dll+0x2fbfcb]
V  [jvm.dll+0x3031c6]
V  [jvm.dll+0x352a0e]
V  [jvm.dll+0x352c3f]
V  [jvm.dll+0x2d3038]
V  [jvm.dll+0x2d0bc5]
V  [jvm.dll+0x2d01fc]
V  [jvm.dll+0x3152e2]
V  [jvm.dll+0x7cff2b]
V  [jvm.dll+0x7d0c24]
V  [jvm.dll+0x7d1129]
V  [jvm.dll+0x7d13e4]
V  [jvm.dll+0x7d14b0]
V  [jvm.dll+0x77952a]
V  [jvm.dll+0x667076]
C  [ucrtbase.dll+0x20e72]
C  [KERNEL32.DLL+0x17bd4]
C  [ntdll.dll+0x6ced1]

VM_Operation (0x000000e0116fe9a0): G1CollectForAllocation, mode: safepoint, requested by thread 0x000002dbd6941360


---------------  P R O C E S S  ---------------

Threads class SMR info:
_java_thread_list=0x000002dbf44308a0, length=12, elements={
0x000002dbd6941360, 0x000002dbd6a0dea0, 0x000002dbf392cf60, 0x000002dbf393ca80,
0x000002dbf393f5a0, 0x000002dbf39442d0, 0x000002dbf3947160, 0x000002dbf395a120,
0x000002dbf395faa0, 0x000002dbf3962400, 0x000002dbf3946170, 0x000002dbf3945c20
}

Java Threads: ( => current thread )
  0x000002dbd6941360 JavaThread "main" [_thread_blocked, id=2280, stack(0x000000e011600000,0x000000e011700000)]
  0x000002dbd6a0dea0 JavaThread "Reference Handler" daemon [_thread_blocked, id=18396, stack(0x000000e011d00000,0x000000e011e00000)]
  0x000002dbf392cf60 JavaThread "Finalizer" daemon [_thread_blocked, id=9116, stack(0x000000e011e00000,0x000000e011f00000)]
  0x000002dbf393ca80 JavaThread "Signal Dispatcher" daemon [_thread_blocked, id=11420, stack(0x000000e011f00000,0x000000e012000000)]
  0x000002dbf393f5a0 JavaThread "Attach Listener" daemon [_thread_blocked, id=9204, stack(0x000000e012000000,0x000000e012100000)]
  0x000002dbf39442d0 JavaThread "Service Thread" daemon [_thread_blocked, id=17468, stack(0x000000e012100000,0x000000e012200000)]
  0x000002dbf3947160 JavaThread "Monitor Deflation Thread" daemon [_thread_blocked, id=8804, stack(0x000000e012200000,0x000000e012300000)]
  0x000002dbf395a120 JavaThread "C2 CompilerThread0" daemon [_thread_blocked, id=10552, stack(0x000000e012300000,0x000000e012400000)]
  0x000002dbf395faa0 JavaThread "C1 CompilerThread0" daemon [_thread_blocked, id=18104, stack(0x000000e012400000,0x000000e012500000)]
  0x000002dbf3962400 JavaThread "Sweeper thread" daemon [_thread_blocked, id=13892, stack(0x000000e012500000,0x000000e012600000)]
  0x000002dbf3946170 JavaThread "Common-Cleaner" daemon [_thread_blocked, id=7976, stack(0x000000e012600000,0x000000e012700000)]
  0x000002dbf3945c20 JavaThread "Notification Thread" daemon [_thread_blocked, id=17832, stack(0x000000e012700000,0x000000e012800000)]

Other Threads:
=>0x000002dbd6a06430 VMThread "VM Thread" [stack: 0x000000e011c00000,0x000000e011d00000] [id=17732]
  0x000002dbf4480b90 WatcherThread [stack: 0x000000e012800000,0x000000e012900000] [id=404]
  0x000002dbd696ea10 GCTaskThread "GC Thread#0" [stack: 0x000000e011700000,0x000000e011800000] [id=11500]
  0x000002dbf4658760 GCTaskThread "GC Thread#1" [stack: 0x000000e012900000,0x000000e012a00000] [id=18344]
  0x000002dbf45f0de0 GCTaskThread "GC Thread#2" [stack: 0x000000e012a00000,0x000000e012b00000] [id=2900]
  0x000002dbf4758560 GCTaskThread "GC Thread#3" [stack: 0x000000e012b00000,0x000000e012c00000] [id=11804]
  0x000002dbd6978770 ConcurrentGCThread "G1 Main Marker" [stack: 0x000000e011800000,0x000000e011900000] [id=18020]
  0x000002dbd6979170 ConcurrentGCThread "G1 Conc#0" [stack: 0x000000e011900000,0x000000e011a00000] [id=18280]
  0x000002dbd6994d40 ConcurrentGCThread "G1 Refine#0" [stack: 0x000000e011a00000,0x000000e011b00000] [id=9272]
  0x000002dbd6995750 ConcurrentGCThread "G1 Service" [stack: 0x000000e011b00000,0x000000e011c00000] [id=1680]

Threads with active compile tasks:
C2 CompilerThread0      705  669       4       java.nio.DirectByteBufferR::<init> (21 bytes)
C1 CompilerThread0      705  710       3       java.util.regex.Pattern::atom (422 bytes)

VM state: at safepoint (normal execution)

VM Mutex/Monitor currently owned by a thread:  ([mutex/lock_event])
[0x000002dbd693db70] Threads_lock - owner thread: 0x000002dbd6a06430
[0x000002dbd693ee00] Heap_lock - owner thread: 0x000002dbd6941360

Heap address: 0x00000000c1800000, size: 1000 MB, Compressed Oops mode: 32-bit
CDS archive(s) mapped at: [0x0000000800000000-0x0000000800bb0000-0x0000000800bb0000), size 12255232, SharedBaseAddress: 0x0000000800000000, ArchiveRelocationMode: 0.
Compressed class space mapped at: 0x0000000800c00000-0x0000000840c00000, reserved size: 1073741824
Narrow klass base: 0x0000000800000000, Narrow klass shift: 3, Narrow klass range: 0x100000000

GC Precious Log:
 CPUs: 4 total, 4 available
 Memory: 3993M
 Large Page Support: Disabled
 NUMA Support: Disabled
 Compressed Oops: Enabled (32-bit)
 Heap Region Size: 1M
 Heap Min Capacity: 8M
 Heap Initial Capacity: 8M
 Heap Max Capacity: 1000M
 Pre-touch: Disabled
 Parallel Workers: 4
 Concurrent Workers: 1
 Concurrent Refinement Workers: 4
 Periodic GC: Disabled

Heap:
 garbage-first heap   total 8192K, used 2548K [0x00000000c1800000, 0x0000000100000000)
  region size 1024K, 1 young (1024K), 1 survivors (1024K)
 Metaspace       used 7683K, committed 7872K, reserved 1064960K
  class space    used 879K, committed 960K, reserved 1048576K

Heap Regions: E=young(eden), S=young(survivor), O=old, HS=humongous(starts), HC=humongous(continues), CS=collection set, F=free, OA=open archive, CA=closed archive, TAMS=top-at-mark-start (previous, next)
|   0|0x00000000c1800000, 0x00000000c1900000, 0x00000000c1900000|100%| O|  |TAMS 0x00000000c1800000, 0x00000000c1800000| Untracked 
|   1|0x00000000c1900000, 0x00000000c19e7200, 0x00000000c1a00000| 90%| O|  |TAMS 0x00000000c1900000, 0x00000000c1900000| Untracked 
|   2|0x00000000c1a00000, 0x00000000c1a00000, 0x00000000c1b00000|  0%| F|  |TAMS 0x00000000c1a00000, 0x00000000c1a00000| Untracked 
|   3|0x00000000c1b00000, 0x00000000c1b00000, 0x00000000c1c00000|  0%| F|  |TAMS 0x00000000c1b00000, 0x00000000c1b00000| Untracked 
|   4|0x00000000c1c00000, 0x00000000c1c00000, 0x00000000c1d00000|  0%| F|  |TAMS 0x00000000c1c00000, 0x00000000c1c00000| Untracked 
|   5|0x00000000c1d00000, 0x00000000c1d95e38, 0x00000000c1e00000| 58%| S|CS|TAMS 0x00000000c1d00000, 0x00000000c1d00000| Complete 
|   6|0x00000000c1e00000, 0x00000000c1e00000, 0x00000000c1f00000|  0%| F|  |TAMS 0x00000000c1e00000, 0x00000000c1e00000| Untracked 
|   7|0x00000000c1f00000, 0x00000000c1f00000, 0x00000000c2000000|  0%| F|  |TAMS 0x00000000c1f00000, 0x00000000c1f00000| Untracked 

Card table byte_map: [0x000002dbef0d0000,0x000002dbef2d0000] _byte_map_base: 0x000002dbeeac4000

Marking Bits (Prev, Next): (CMBitMap*) 0x000002dbd6970020, (CMBitMap*) 0x000002dbd6970060
 Prev Bits: [0x000002dbef4d0000, 0x000002dbf0470000)
 Next Bits: [0x000002dbf0470000, 0x000002dbf1410000)

Polling page: 0x000002dbd6790000

Metaspace:

Usage:
  Non-class:      6.64 MB used.
      Class:    879.62 KB used.
       Both:      7.50 MB used.

Virtual space:
  Non-class space:       16.00 MB reserved,       6.75 MB ( 42%) committed,  2 nodes.
      Class space:        1.00 GB reserved,     960.00 KB ( <1%) committed,  1 nodes.
              Both:        1.02 GB reserved,       7.69 MB ( <1%) committed. 

Chunk freelists:
   Non-Class:  2.77 MB
       Class:  2.98 MB
        Both:  5.75 MB

MaxMetaspaceSize: 17179869184.00 GB
CompressedClassSpaceSize: 1.00 GB
 - commit_granule_bytes: 65536.
 - commit_granule_words: 8192.
 - virtual_space_node_default_size: 1048576.
 - enlarge_chunks_in_place: 1.
 - new_chunks_are_fully_committed: 0.
 - uncommit_free_chunks: 1.
 - use_allocation_guard: 0.
 - handle_deallocations: 1.


Internal statistics:

num_allocs_failed_limit: 0.
num_arena_births: 52.
num_arena_deaths: 0.
num_vsnodes_births: 3.
num_vsnodes_deaths: 0.
num_space_committed: 123.
num_space_uncommitted: 0.
num_chunks_returned_to_freelist: 0.
num_chunks_taken_from_freelist: 311.
num_chunk_merges: 0.
num_chunk_splits: 220.
num_chunks_enlarged: 169.
num_purges: 0.

CodeHeap 'non-profiled nmethods': size=120000Kb used=224Kb max_used=224Kb free=119775Kb
 bounds [0x000002dbe7380000, 0x000002dbe75f0000, 0x000002dbee8b0000]
CodeHeap 'profiled nmethods': size=120000Kb used=1044Kb max_used=1044Kb free=118955Kb
 bounds [0x000002dbdfe50000, 0x000002dbe00c0000, 0x000002dbe7380000]
CodeHeap 'non-nmethods': size=5760Kb used=1142Kb max_used=1159Kb free=4617Kb
 bounds [0x000002dbdf8b0000, 0x000002dbdfb20000, 0x000002dbdfe50000]
 total_blobs=1129 nmethods=705 adapters=337
 compilation: enabled
              stopped_count=0, restarted_count=0
 full_count=0

Compilation events (20 events):
Event: 0.578 Thread 0x000002dbf395faa0 nmethod 699 0x000002dbdff51b90 code [0x000002dbdff51d60, 0x000002dbdff52258]
Event: 0.578 Thread 0x000002dbf395faa0  700       3       java.nio.file.Files::provider (10 bytes)
Event: 0.578 Thread 0x000002dbf395faa0 nmethod 700 0x000002dbdff52490 code [0x000002dbdff52640, 0x000002dbdff528b8]
Event: 0.579 Thread 0x000002dbf395faa0  701       3       jdk.internal.jrtfs.JrtPath::getFileSystem (5 bytes)
Event: 0.579 Thread 0x000002dbf395faa0 nmethod 701 0x000002dbdff52990 code [0x000002dbdff52b20, 0x000002dbdff52c38]
Event: 0.579 Thread 0x000002dbf395faa0  702       3       java.util.ArrayList::iterator (9 bytes)
Event: 0.579 Thread 0x000002dbf395faa0 nmethod 702 0x000002dbdff52d10 code [0x000002dbdff52ec0, 0x000002dbdff53158]
Event: 0.579 Thread 0x000002dbf395faa0  703       3       java.util.ArrayList$Itr::<init> (26 bytes)
Event: 0.579 Thread 0x000002dbf395faa0 nmethod 703 0x000002dbdff53290 code [0x000002dbdff53440, 0x000002dbdff53618]
Event: 0.579 Thread 0x000002dbf395faa0  704       3       jdk.internal.jimage.ImageReader::ensureOpen (18 bytes)
Event: 0.579 Thread 0x000002dbf395faa0 nmethod 704 0x000002dbdff53710 code [0x000002dbdff538c0, 0x000002dbdff53ae8]
Event: 0.579 Thread 0x000002dbf395faa0  705  s    3       jdk.internal.jimage.ImageReader$SharedImageReader::buildRootDirectory (71 bytes)
Event: 0.580 Thread 0x000002dbf395a120 nmethod 667 0x000002dbe73b6f10 code [0x000002dbe73b70c0, 0x000002dbe73b78f8]
Event: 0.580 Thread 0x000002dbf395a120  668       4       java.nio.MappedByteBuffer::limit (6 bytes)
Event: 0.580 Thread 0x000002dbf395faa0 nmethod 705 0x000002dbdff53b90 code [0x000002dbdff53e20, 0x000002dbdff54908]
Event: 0.580 Thread 0x000002dbf395faa0  707       3       jdk.internal.jrtfs.JrtPath::hashCode (8 bytes)
Event: 0.581 Thread 0x000002dbf395faa0 nmethod 707 0x000002dbdff54c90 code [0x000002dbdff54e40, 0x000002dbdff54f88]
Event: 0.581 Thread 0x000002dbf395faa0  710       3       java.util.regex.Pattern::atom (422 bytes)
Event: 0.581 Thread 0x000002dbf395a120 nmethod 668 0x000002dbe73b7f90 code [0x000002dbe73b8120, 0x000002dbe73b8238]
Event: 0.581 Thread 0x000002dbf395a120  669       4       java.nio.DirectByteBufferR::<init> (21 bytes)

GC Heap History (9 events):
Event: 0.272 GC heap before
{Heap before GC invocations=0 (full 0):
 garbage-first heap   total 8192K, used 3072K [0x00000000c1800000, 0x0000000100000000)
  region size 1024K, 3 young (3072K), 0 survivors (0K)
 Metaspace       used 2478K, committed 2688K, reserved 1056768K
  class space    used 270K, committed 384K, reserved 1048576K
}
Event: 0.276 GC heap after
{Heap after GC invocations=1 (full 0):
 garbage-first heap   total 8192K, used 1100K [0x00000000c1800000, 0x0000000100000000)
  region size 1024K, 1 young (1024K), 1 survivors (1024K)
 Metaspace       used 2478K, committed 2688K, reserved 1056768K
  class space    used 270K, committed 384K, reserved 1048576K
}
Event: 0.348 GC heap before
{Heap before GC invocations=1 (full 0):
 garbage-first heap   total 8192K, used 2124K [0x00000000c1800000, 0x0000000100000000)
  region size 1024K, 2 young (2048K), 1 survivors (1024K)
 Metaspace       used 3896K, committed 4096K, reserved 1056768K
  class space    used 481K, committed 576K, reserved 1048576K
}
Event: 0.352 GC heap after
{Heap after GC invocations=2 (full 0):
 garbage-first heap   total 8192K, used 1625K [0x00000000c1800000, 0x0000000100000000)
  region size 1024K, 1 young (1024K), 1 survivors (1024K)
 Metaspace       used 3896K, committed 4096K, reserved 1056768K
  class space    used 481K, committed 576K, reserved 1048576K
}
Event: 0.453 GC heap before
{Heap before GC invocations=2 (full 0):
 garbage-first heap   total 8192K, used 2649K [0x00000000c1800000, 0x0000000100000000)
  region size 1024K, 2 young (2048K), 1 survivors (1024K)
 Metaspace       used 5951K, committed 6080K, reserved 1064960K
  class space    used 686K, committed 768K, reserved 1048576K
}
Event: 0.455 GC heap after
{Heap after GC invocations=3 (full 0):
 garbage-first heap   total 8192K, used 1984K [0x00000000c1800000, 0x0000000100000000)
  region size 1024K, 1 young (1024K), 1 survivors (1024K)
 Metaspace       used 5951K, committed 6080K, reserved 1064960K
  class space    used 686K, committed 768K, reserved 1048576K
}
Event: 0.519 GC heap before
{Heap before GC invocations=3 (full 0):
 garbage-first heap   total 8192K, used 3008K [0x00000000c1800000, 0x0000000100000000)
  region size 1024K, 2 young (2048K), 1 survivors (1024K)
 Metaspace       used 6983K, committed 7168K, reserved 1064960K
  class space    used 820K, committed 896K, reserved 1048576K
}
Event: 0.521 GC heap after
{Heap after GC invocations=4 (full 0):
 garbage-first heap   total 8192K, used 2314K [0x00000000c1800000, 0x0000000100000000)
  region size 1024K, 1 young (1024K), 1 survivors (1024K)
 Metaspace       used 6983K, committed 7168K, reserved 1064960K
  class space    used 820K, committed 896K, reserved 1048576K
}
Event: 0.583 GC heap before
{Heap before GC invocations=4 (full 0):
 garbage-first heap   total 8192K, used 3338K [0x00000000c1800000, 0x0000000100000000)
  region size 1024K, 2 young (2048K), 1 survivors (1024K)
 Metaspace       used 7683K, committed 7872K, reserved 1064960K
  class space    used 879K, committed 960K, reserved 1048576K
}

Deoptimization events (20 events):
Event: 0.199 Thread 0x000002dbd6941360 Uncommon trap: trap_request=0xffffffde fr.pc=0x000002dbe738c6ec relative=0x000000000000046c
Event: 0.199 Thread 0x000002dbd6941360 Uncommon trap: reason=class_check action=maybe_recompile pc=0x000002dbe738c6ec method=java.util.HashMap.putVal(ILjava/lang/Object;Ljava/lang/Object;ZZ)Ljava/lang/Object; @ 253 c2
Event: 0.199 Thread 0x000002dbd6941360 DEOPT PACKING pc=0x000002dbe738c6ec sp=0x000000e0116fef60
Event: 0.199 Thread 0x000002dbd6941360 DEOPT UNPACKING pc=0x000002dbdf8fd72e sp=0x000000e0116fef10 mode 2
Event: 0.199 Thread 0x000002dbd6941360 Uncommon trap: trap_request=0xffffff45 fr.pc=0x000002dbe738cb80 relative=0x0000000000000900
Event: 0.199 Thread 0x000002dbd6941360 Uncommon trap: reason=unstable_if action=reinterpret pc=0x000002dbe738cb80 method=java.util.HashMap.putVal(ILjava/lang/Object;Ljava/lang/Object;ZZ)Ljava/lang/Object; @ 181 c2
Event: 0.199 Thread 0x000002dbd6941360 DEOPT PACKING pc=0x000002dbe738cb80 sp=0x000000e0116fef60
Event: 0.199 Thread 0x000002dbd6941360 DEOPT UNPACKING pc=0x000002dbdf8fd72e sp=0x000000e0116fef10 mode 2
Event: 0.245 Thread 0x000002dbd6941360 Uncommon trap: trap_request=0xffffff45 fr.pc=0x000002dbe738f404 relative=0x0000000000000064
Event: 0.245 Thread 0x000002dbd6941360 Uncommon trap: reason=unstable_if action=reinterpret pc=0x000002dbe738f404 method=java.nio.Buffer.hasRemaining()Z @ 8 c2
Event: 0.245 Thread 0x000002dbd6941360 DEOPT PACKING pc=0x000002dbe738f404 sp=0x000000e0116fe5f0
Event: 0.245 Thread 0x000002dbd6941360 DEOPT UNPACKING pc=0x000002dbdf8fd72e sp=0x000000e0116fe588 mode 2
Event: 0.261 Thread 0x000002dbd6941360 DEOPT PACKING pc=0x000002dbdfe7cf67 sp=0x000000e0116fd950
Event: 0.261 Thread 0x000002dbd6941360 DEOPT UNPACKING pc=0x000002dbdf8fdece sp=0x000000e0116fcd70 mode 0
Event: 0.293 Thread 0x000002dbd6941360 DEOPT PACKING pc=0x000002dbdfe7afd1 sp=0x000000e0116fadb0
Event: 0.293 Thread 0x000002dbd6941360 DEOPT UNPACKING pc=0x000002dbdf8fdece sp=0x000000e0116fa228 mode 0
Event: 0.511 Thread 0x000002dbd6941360 Uncommon trap: trap_request=0xffffff45 fr.pc=0x000002dbe73a9228 relative=0x0000000000000468
Event: 0.511 Thread 0x000002dbd6941360 Uncommon trap: reason=unstable_if action=reinterpret pc=0x000002dbe73a9228 method=java.lang.StringLatin1.replace([BCC)Ljava/lang/String; @ 19 c2
Event: 0.511 Thread 0x000002dbd6941360 DEOPT PACKING pc=0x000002dbe73a9228 sp=0x000000e0116feee0
Event: 0.511 Thread 0x000002dbd6941360 DEOPT UNPACKING pc=0x000002dbdf8fd72e sp=0x000000e0116fee50 mode 2

Classes unloaded (0 events):
No events

Classes redefined (0 events):
No events

Internal exceptions (20 events):
Event: 0.185 Thread 0x000002dbd6941360 Exception <a 'java/lang/NoSuchMethodError'{0x00000000c1effc10}: 'void java.lang.invoke.DirectMethodHandle$Holder.invokeSpecial(java.lang.Object, java.lang.Object, java.lang.Object)'> (0x00000000c1effc10) 
thrown [t:\workspace\open\src\hotspot\share\interpreter\linkResolver.cpp, line 790]
Event: 0.230 Thread 0x000002dbd6941360 Exception <a 'java/lang/NoSuchMethodError'{0x00000000c1d69fd8}: 'java.lang.Object java.lang.invoke.DirectMethodHandle$Holder.invokeVirtual(java.lang.Object, java.lang.Object, java.lang.Object)'> (0x00000000c1d69fd8) 
thrown [t:\workspace\open\src\hotspot\share\interpreter\linkResolver.cpp, line 790]
Event: 0.233 Thread 0x000002dbd6941360 Exception <a 'java/lang/NoSuchMethodError'{0x00000000c1d75878}: 'int java.lang.invoke.DirectMethodHandle$Holder.invokeInterface(java.lang.Object, java.lang.Object)'> (0x00000000c1d75878) 
thrown [t:\workspace\open\src\hotspot\share\interpreter\linkResolver.cpp, line 790]
Event: 0.257 Thread 0x000002dbd6941360 Exception <a 'sun/nio/fs/WindowsException'{0x00000000c1dc6358}> (0x00000000c1dc6358) 
thrown [t:\workspace\open\src\hotspot\share\prims\jni.cpp, line 579]
Event: 0.258 Thread 0x000002dbd6941360 Exception <a 'sun/nio/fs/WindowsException'{0x00000000c1dc6b88}> (0x00000000c1dc6b88) 
thrown [t:\workspace\open\src\hotspot\share\prims\jni.cpp, line 579]
Event: 0.258 Thread 0x000002dbd6941360 Exception <a 'sun/nio/fs/WindowsException'{0x00000000c1dc7868}> (0x00000000c1dc7868) 
thrown [t:\workspace\open\src\hotspot\share\prims\jni.cpp, line 579]
Event: 0.258 Thread 0x000002dbd6941360 Exception <a 'sun/nio/fs/WindowsException'{0x00000000c1dc7bb8}> (0x00000000c1dc7bb8) 
thrown [t:\workspace\open\src\hotspot\share\prims\jni.cpp, line 579]
Event: 0.260 Thread 0x000002dbd6941360 Exception <a 'java/lang/NoSuchMethodError'{0x00000000c1dccfe0}: 'int java.lang.invoke.DirectMethodHandle$Holder.invokeVirtual(java.lang.Object, java.lang.Object, java.lang.Object)'> (0x00000000c1dccfe0) 
thrown [t:\workspace\open\src\hotspot\share\interpreter\linkResolver.cpp, line 790]
Event: 0.261 Thread 0x000002dbd6941360 Exception <a 'java/lang/NoSuchMethodError'{0x00000000c1dd3b18}: 'void java.lang.invoke.DirectMethodHandle$Holder.invokeInterface(java.lang.Object, java.lang.Object, java.lang.Object)'> (0x00000000c1dd3b18) 
thrown [t:\workspace\open\src\hotspot\share\interpreter\linkResolver.cpp, line 790]
Event: 0.369 Thread 0x000002dbd6941360 Exception <a 'java/lang/NoSuchMethodError'{0x00000000c1f22cb0}: 'int java.lang.invoke.DirectMethodHandle$Holder.invokeStaticInit(java.lang.Object, java.lang.Object)'> (0x00000000c1f22cb0) 
thrown [t:\workspace\open\src\hotspot\share\interpreter\linkResolver.cpp, line 790]
Event: 0.449 Thread 0x000002dbd6941360 Exception <a 'java/lang/NoSuchMethodError'{0x00000000c1fecd98}: 'int java.lang.invoke.DirectMethodHandle$Holder.invokeVirtual(java.lang.Object, java.lang.Object)'> (0x00000000c1fecd98) 
thrown [t:\workspace\open\src\hotspot\share\interpreter\linkResolver.cpp, line 790]
Event: 0.458 Thread 0x000002dbd6941360 Exception <a 'java/lang/NoSuchMethodError'{0x00000000c1f15fa8}: 'java.lang.Object java.lang.invoke.DirectMethodHandle$Holder.newInvokeSpecial(java.lang.Object, java.lang.Object, java.lang.Object, java.lang.Object, java.lang.Object)'> (0x00000000c1f15fa8) 
thrown [t:\workspace\open\src\hotspot\share\interpreter\linkResolver.cpp, line 790]
Event: 0.461 Thread 0x000002dbd6941360 Exception <a 'java/lang/NoSuchMethodError'{0x00000000c1f26170}: 'java.lang.Object java.lang.invoke.DirectMethodHandle$Holder.newInvokeSpecial(java.lang.Object, java.lang.Object, java.lang.Object, java.lang.Object, java.lang.Object, java.lang.Object)'> (0x00000000c1f26170) 
thrown [t:\workspace\open\src\hotspot\share\interpreter\linkResolver.cpp, line 790]
Event: 0.483 Thread 0x000002dbd6941360 Exception <a 'sun/nio/fs/WindowsException'{0x00000000c1f7ca98}> (0x00000000c1f7ca98) 
thrown [t:\workspace\open\src\hotspot\share\prims\jni.cpp, line 579]
Event: 0.483 Thread 0x000002dbd6941360 Exception <a 'sun/nio/fs/WindowsException'{0x00000000c1f7ccc8}> (0x00000000c1f7ccc8) 
thrown [t:\workspace\open\src\hotspot\share\prims\jni.cpp, line 579]
Event: 0.485 Thread 0x000002dbd6941360 Exception <a 'java/lang/NoSuchMethodError'{0x00000000c1f7ea70}: 'java.lang.Object java.lang.invoke.DirectMethodHandle$Holder.invokeStaticInit(java.lang.Object)'> (0x00000000c1f7ea70) 
thrown [t:\workspace\open\src\hotspot\share\interpreter\linkResolver.cpp, line 790]
Event: 0.555 Thread 0x000002dbd6941360 Exception <a 'sun/nio/fs/WindowsException'{0x00000000c1f3fcd8}> (0x00000000c1f3fcd8) 
thrown [t:\workspace\open\src\hotspot\share\prims\jni.cpp, line 579]
Event: 0.555 Thread 0x000002dbd6941360 Exception <a 'sun/nio/fs/WindowsException'{0x00000000c1f40018}> (0x00000000c1f40018) 
thrown [t:\workspace\open\src\hotspot\share\prims\jni.cpp, line 579]
Event: 0.556 Thread 0x000002dbd6941360 Exception <a 'sun/nio/fs/WindowsException'{0x00000000c1f40cc0}> (0x00000000c1f40cc0) 
thrown [t:\workspace\open\src\hotspot\share\prims\jni.cpp, line 579]
Event: 0.556 Thread 0x000002dbd6941360 Exception <a 'sun/nio/fs/WindowsException'{0x00000000c1f41040}> (0x00000000c1f41040) 
thrown [t:\workspace\open\src\hotspot\share\prims\jni.cpp, line 579]

Events (20 events):
Event: 0.560 loading class java/util/stream/AbstractSpinedBuffer
Event: 0.560 loading class java/util/stream/AbstractSpinedBuffer done
Event: 0.560 loading class java/util/stream/SpinedBuffer done
Event: 0.561 loading class java/util/stream/StreamSpliterators
Event: 0.561 loading class java/util/stream/StreamSpliterators done
Event: 0.561 loading class java/util/function/BooleanSupplier
Event: 0.561 loading class java/util/function/BooleanSupplier done
Event: 0.562 loading class jdk/internal/jimage/ImageReader$Resource
Event: 0.562 loading class jdk/internal/jimage/ImageReader$Resource done
Event: 0.562 loading class jdk/internal/jrtfs/JrtFileAttributes
Event: 0.562 loading class jdk/internal/jrtfs/JrtFileAttributes done
Event: 0.562 loading class java/util/Collections$SingletonList
Event: 0.563 loading class java/util/Collections$SingletonList done
Event: 0.571 loading class java/util/LinkedHashMap$LinkedValues
Event: 0.571 loading class java/util/LinkedHashMap$LinkedValues done
Event: 0.571 loading class java/util/LinkedHashMap$LinkedValueIterator
Event: 0.571 loading class java/util/LinkedHashMap$LinkedValueIterator done
Event: 0.571 loading class java/util/regex/Pattern$Bound
Event: 0.572 loading class java/util/regex/Pattern$Bound done
Event: 0.583 Executing  VM operation: G1CollectForAllocation


Dynamic libraries:
0x00007ff694a10000 - 0x00007ff694a18000 	C:\Program Files\Java\jdk-16\bin\javac.exe
0x00007ffac10e0000 - 0x00007ffac12d0000 	C:\WINDOWS\SYSTEM32\ntdll.dll
0x00007ffabf310000 - 0x00007ffabf3c2000 	C:\WINDOWS\System32\KERNEL32.DLL
0x00007ffabe1d0000 - 0x00007ffabe473000 	C:\WINDOWS\System32\KERNELBASE.dll
0x00007ffabe0d0000 - 0x00007ffabe1ca000 	C:\WINDOWS\System32\ucrtbase.dll
0x00007ffa83e50000 - 0x00007ffa83e69000 	C:\Program Files\Java\jdk-16\bin\VCRUNTIME140.dll
0x00007ffaadd60000 - 0x00007ffaadd78000 	C:\Program Files\Java\jdk-16\bin\jli.dll
0x00007ffac0890000 - 0x00007ffac0933000 	C:\WINDOWS\System32\ADVAPI32.dll
0x00007ffabf1c0000 - 0x00007ffabf25e000 	C:\WINDOWS\System32\msvcrt.dll
0x00007ffabfcc0000 - 0x00007ffabfd57000 	C:\WINDOWS\System32\sechost.dll
0x00007ffabf730000 - 0x00007ffabf850000 	C:\WINDOWS\System32\RPCRT4.dll
0x00007ffac0580000 - 0x00007ffac0714000 	C:\WINDOWS\System32\USER32.dll
0x00007ffa9ca80000 - 0x00007ffa9cd05000 	C:\WINDOWS\WinSxS\amd64_microsoft.windows.common-controls_6595b64144ccf1df_6.0.18362.535_none_e6c3b34713100821\COMCTL32.dll
0x00007ffabf160000 - 0x00007ffabf181000 	C:\WINDOWS\System32\win32u.dll
0x00007ffac0860000 - 0x00007ffac0886000 	C:\WINDOWS\System32\GDI32.dll
0x00007ffabf920000 - 0x00007ffabfc56000 	C:\WINDOWS\System32\combase.dll
0x00007ffabecf0000 - 0x00007ffabee84000 	C:\WINDOWS\System32\gdi32full.dll
0x00007ffabef40000 - 0x00007ffabefc0000 	C:\WINDOWS\System32\bcryptPrimitives.dll
0x00007ffabec50000 - 0x00007ffabecee000 	C:\WINDOWS\System32\msvcp_win.dll
0x00007ffab30e0000 - 0x00007ffab30ea000 	C:\WINDOWS\SYSTEM32\VERSION.dll
0x00007ffabffa0000 - 0x00007ffabffce000 	C:\WINDOWS\System32\IMM32.DLL
0x00007ffaa9f40000 - 0x00007ffaa9f4c000 	C:\Program Files\Java\jdk-16\bin\vcruntime140_1.dll
0x00007ffa7a0c0000 - 0x00007ffa7a151000 	C:\Program Files\Java\jdk-16\bin\msvcp140.dll
0x00007ffa5e720000 - 0x00007ffa5f2cb000 	C:\Program Files\Java\jdk-16\bin\server\jvm.dll
0x00007ffabf3d0000 - 0x00007ffabf3d8000 	C:\WINDOWS\System32\PSAPI.DLL
0x00007ffaaa110000 - 0x00007ffaaa119000 	C:\WINDOWS\SYSTEM32\WSOCK32.dll
0x00007ffab7d70000 - 0x00007ffab7d94000 	C:\WINDOWS\SYSTEM32\WINMM.dll
0x00007ffabf640000 - 0x00007ffabf6af000 	C:\WINDOWS\System32\WS2_32.dll
0x00007ffab7d40000 - 0x00007ffab7d6d000 	C:\WINDOWS\SYSTEM32\winmmbase.dll
0x00007ffabf110000 - 0x00007ffabf15a000 	C:\WINDOWS\System32\cfgmgr32.dll
0x00007ffabe010000 - 0x00007ffabe021000 	C:\WINDOWS\System32\kernel.appcore.dll
0x00007ffaa9e00000 - 0x00007ffaa9e0a000 	C:\Program Files\Java\jdk-16\bin\jimage.dll
0x00007ffab9890000 - 0x00007ffab9a84000 	C:\WINDOWS\SYSTEM32\DBGHELP.DLL
0x00007ffa9ffb0000 - 0x00007ffa9ffda000 	C:\WINDOWS\SYSTEM32\dbgcore.DLL
0x00007ffa83b00000 - 0x00007ffa83b25000 	C:\Program Files\Java\jdk-16\bin\java.dll
0x00007ffac0940000 - 0x00007ffac1025000 	C:\WINDOWS\System32\SHELL32.dll
0x00007ffabf590000 - 0x00007ffabf639000 	C:\WINDOWS\System32\shcore.dll
0x00007ffabe480000 - 0x00007ffabebff000 	C:\WINDOWS\System32\windows.storage.dll
0x00007ffabe030000 - 0x00007ffabe04f000 	C:\WINDOWS\System32\profapi.dll
0x00007ffabdfc0000 - 0x00007ffabe00a000 	C:\WINDOWS\System32\powrprof.dll
0x00007ffabdfb0000 - 0x00007ffabdfc0000 	C:\WINDOWS\System32\UMPDC.dll
0x00007ffac0800000 - 0x00007ffac0852000 	C:\WINDOWS\System32\shlwapi.dll
0x00007ffabec30000 - 0x00007ffabec47000 	C:\WINDOWS\System32\cryptsp.dll
0x00007ffa7fbf0000 - 0x00007ffa7fc09000 	C:\Program Files\Java\jdk-16\bin\net.dll
0x00007ffaaee00000 - 0x00007ffaaeef0000 	C:\WINDOWS\SYSTEM32\WINHTTP.dll
0x00007ffabd820000 - 0x00007ffabd887000 	C:\WINDOWS\system32\mswsock.dll
0x00007ffa7a300000 - 0x00007ffa7a313000 	C:\Program Files\Java\jdk-16\bin\nio.dll
0x00007ffa7a2e0000 - 0x00007ffa7a2f8000 	C:\Program Files\Java\jdk-16\bin\zip.dll

dbghelp: loaded successfully - version: 4.0.5 - missing functions: none
symbol engine: initialized successfully - sym options: 0x614 - pdb path: .;C:\Program Files\Java\jdk-16\bin;C:\WINDOWS\SYSTEM32;C:\WINDOWS\WinSxS\amd64_microsoft.windows.common-controls_6595b64144ccf1df_6.0.18362.535_none_e6c3b34713100821;C:\Program Files\Java\jdk-16\bin\server

VM Arguments:
jvm_args: -Dapplication.home=C:\Program Files\Java\jdk-16 --add-modules=ALL-DEFAULT -Xms8m -Djdk.module.main=jdk.compiler 
java_command: jdk.compiler/com.sun.tools.javac.Main -d C:\Users\admin\Documents\NetBeansProjects\travel management system\build\classes -classpath C:\Users\admin\Documents\NetBeansProjects\travel management system\build\classes;C:\Users\admin\Documents\NetBeansProjects\mysql-connector-java-8.0.25\mysql-connector-java-8.0.25.jar -sourcepath C:\Users\admin\Documents\NetBeansProjects\travel management system\src -target 16 -encoding UTF-8 -g -processorpath C:\Users\admin\Documents\NetBeansProjects\mysql-connector-java-8.0.25\mysql-connector-java-8.0.25.jar;C:\Users\admin\Documents\NetBeansProjects\travel management system\build\empty -s C:\Users\admin\Documents\NetBeansProjects\travel management system\build\generated-sources\ap-source-output -source 16 C:\Users\admin\Documents\NetBeansProjects\travel management system\src\travel\management\system\splash.java
java_class_path (initial): <not set>
Launcher Type: SUN_STANDARD

[Global flags]
     intx CICompilerCount                          = 3                                         {product} {ergonomic}
     uint ConcGCThreads                            = 1                                         {product} {ergonomic}
     uint G1ConcRefinementThreads                  = 4                                         {product} {ergonomic}
   size_t G1HeapRegionSize                         = 1048576                                   {product} {ergonomic}
    uintx GCDrainStackTargetSize                   = 64                                        {product} {ergonomic}
   size_t InitialHeapSize                          = 8388608                                   {product} {command line}
   size_t MarkStackSize                            = 4194304                                   {product} {ergonomic}
   size_t MaxHeapSize                              = 1048576000                                {product} {ergonomic}
   size_t MaxNewSize                               = 629145600                                 {product} {ergonomic}
   size_t MinHeapDeltaBytes                        = 1048576                                   {product} {ergonomic}
   size_t MinHeapSize                              = 8388608                                   {product} {command line}
    uintx NonNMethodCodeHeapSize                   = 5832780                                {pd product} {ergonomic}
    uintx NonProfiledCodeHeapSize                  = 122912730                              {pd product} {ergonomic}
    uintx ProfiledCodeHeapSize                     = 122912730                              {pd product} {ergonomic}
    uintx ReservedCodeCacheSize                    = 251658240                              {pd product} {ergonomic}
     bool SegmentedCodeCache                       = true                                      {product} {ergonomic}
   size_t SoftMaxHeapSize                          = 1048576000                             {manageable} {ergonomic}
     bool UseCompressedClassPointers               = true                           {product lp64_product} {ergonomic}
     bool UseCompressedOops                        = true                           {product lp64_product} {ergonomic}
     bool UseG1GC                                  = true                                      {product} {ergonomic}
     bool UseLargePagesIndividualAllocation        = false                                  {pd product} {ergonomic}

Logging:
Log output configuration:
 #0: stdout all=warning uptime,level,tags
 #1: stderr all=off uptime,level,tags

Environment Variables:
PATH=C:\Program Files\Common Files\Oracle\Java\javapath;C:\WINDOWS\system32;C:\WINDOWS;C:\WINDOWS\System32\Wbem;C:\WINDOWS\System32\WindowsPowerShell\v1.0\;C:\WINDOWS\System32\OpenSSH\;C:\Program Files\Microsoft SQL Server\120\Tools\Binn\;C:\Program Files (x86)\Java\jdk1.7.0_76\bin;C:\Users\admin\AppData\Local\Programs\Python\Python38-32;C:\Users\admin\AppData\Local\Programs\Python\Python38-32\Scripts;C:\Program Files (x86)\Intel\Intel(R) Management Engine Components\DAL;C:\Program Files\Intel\Intel(R) Management Engine Components\DAL;C:\WINDOWS\system32\config\systemprofile\.dnx\bin;C:\Program Files\Microsoft DNX\Dnvm\;C:\Program Files\Java\jdk-16\bin;C:\Program Files\MySQL\MySQL Server 5.5\bin;C:\Program Files (x86)\Java\jre7\bin;C:\Program Files\JetBrains\PyCharm Community Edition 2020.1.2\bin;;C:\xampp new\php;C:\Users\admin\AppData\Local\Programs\Microsoft VS Code\bin
USERNAME=admin
OS=Windows_NT
PROCESSOR_IDENTIFIER=Intel64 Family 6 Model 142 Stepping 9, GenuineIntel



---------------  S Y S T E M  ---------------

OS:
 Windows 10 , 64 bit Build 18362 (10.0.18362.329)
OS uptime: 4 days 23:33 hours

CPU: total 4 (initial active 4) (2 cores per cpu, 2 threads per core) family 6 model 142 stepping 9 microcode 0xca, cx8, cmov, fxsr, ht, mmx, 3dnowpref, sse, sse2, sse3, ssse3, sse4.1, sse4.2, popcnt, lzcnt, tsc, tscinvbit, avx, avx2, aes, erms, clmul, bmi1, bmi2, adx, fma, vzeroupper, clflush, clflushopt

Memory: 4k page, system-wide physical 3993M (355M free)
TotalPageFile size 16281M (AvailPageFile size 3M)
current process WorkingSet (physical memory assigned to process): 55M, peak: 55M
current process commit charge ("private bytes"): 88M, peak: 91M

vm_info: Java HotSpot(TM) 64-Bit Server VM (16+36-2231) for windows-amd64 JRE (16+36-2231), built on Feb  8 2021 11:43:10 by "mach5one" with MS VC++ 16.7 (VS2019)

END.
