#
# There is insufficient memory for the Java Runtime Environment to continue.
# Native memory allocation (malloc) failed to allocate 107728 bytes for Chunk::new
# Possible reasons:
#   The system is out of physical RAM or swap space
#   The process is running with CompressedOops enabled, and the Java Heap may be blocking the growth of the native heap
# Possible solutions:
#   Reduce memory load on the system
#   Increase physical memory or swap space
#   Check if swap backing store is full
#   Decrease Java heap size (-Xmx/-Xms)
#   Decrease number of Java threads
#   Decrease Java thread stack sizes (-Xss)
#   Set larger code cache with -XX:ReservedCodeCacheSize=
#   JVM is running with Unscaled Compressed Oops mode in which the Java heap is
#     placed in the first 4GB address space. The Java Heap base address is the
#     maximum limit for the native heap growth. Please use -XX:HeapBaseMinAddress
#     to set the Java Heap base and to place the Java Heap above 4GB virtual address.
# This output file may be truncated or incomplete.
#
#  Out of Memory Error (arena.cpp:195), pid=3964, tid=12204
#
# JRE version: Java(TM) SE Runtime Environment (16.0+36) (build 16+36-2231)
# Java VM: Java HotSpot(TM) 64-Bit Server VM (16+36-2231, mixed mode, sharing, tiered, compressed oops, g1 gc, windows-amd64)
# No core dump will be written. Minidumps are not enabled by default on client versions of Windows
#

---------------  S U M M A R Y ------------

Command Line: -Dapplication.home=C:\Program Files\Java\jdk-16 --add-modules=ALL-DEFAULT -Xms8m -Djdk.module.main=jdk.compiler jdk.compiler/com.sun.tools.javac.Main -d C:\Users\admin\Documents\NetBeansProjects\travel management system\build\classes -classpath C:\Users\admin\Documents\NetBeansProjects\travel management system\build\classes;C:\Users\admin\Documents\NetBeansProjects\mysql-connector-java-8.0.25\mysql-connector-java-8.0.25.jar -sourcepath C:\Users\admin\Documents\NetBeansProjects\travel management system\src -target 16 -encoding UTF-8 -g -processorpath C:\Users\admin\Documents\NetBeansProjects\mysql-connector-java-8.0.25\mysql-connector-java-8.0.25.jar;C:\Users\admin\Documents\NetBeansProjects\travel management system\build\empty -s C:\Users\admin\Documents\NetBeansProjects\travel management system\build\generated-sources\ap-source-output -source 16 C:\Users\admin\Documents\NetBeansProjects\travel management system\src\travel\management\system\splash.java

Host: Intel(R) Core(TM) i3-7020U CPU @ 2.30GHz, 4 cores, 3G,  Windows 10 , 64 bit Build 18362 (10.0.18362.329)
Time: Thu Jun 17 20:42:03 2021 India Standard Time elapsed time: 0.729858 seconds (0d 0h 0m 0s)

---------------  T H R E A D  ---------------

Current thread (0x000001e5b3fe6700):  JavaThread "C2 CompilerThread0" daemon [_thread_in_native, id=12204, stack(0x000000d8bc400000,0x000000d8bc500000)]


Current CompileTask:
C2:    729  616       4       java.nio.DirectByteBuffer::<init> (56 bytes)

Stack: [0x000000d8bc400000,0x000000d8bc500000]
Native frames: (J=compiled Java code, j=interpreted, Vv=VM code, C=native code)
V  [jvm.dll+0x6681da]
V  [jvm.dll+0x7c9d99]
V  [jvm.dll+0x7cb4d3]
V  [jvm.dll+0x7cbb33]
V  [jvm.dll+0x242ee5]
V  [jvm.dll+0xadeca]
V  [jvm.dll+0xae5ac]
V  [jvm.dll+0x35a947]
V  [jvm.dll+0x324df1]
V  [jvm.dll+0x32429a]
V  [jvm.dll+0x215f2c]
V  [jvm.dll+0x215340]
V  [jvm.dll+0x1a1d8b]
V  [jvm.dll+0x225398]
V  [jvm.dll+0x2233dc]
V  [jvm.dll+0x77f9e2]
V  [jvm.dll+0x77952a]
V  [jvm.dll+0x667076]
C  [ucrtbase.dll+0x20e72]
C  [KERNEL32.DLL+0x17bd4]
C  [ntdll.dll+0x6ced1]


---------------  P R O C E S S  ---------------

Threads class SMR info:
_java_thread_list=0x000001e5b4c37e60, length=12, elements={
0x000001e598f251a0, 0x000001e598fecb40, 0x000001e598fee0b0, 0x000001e5b3fdc900,
0x000001e5b3fdd410, 0x000001e5b3fe05d0, 0x000001e5b3fe4b80, 0x000001e5b3fe6700,
0x000001e5b3feb470, 0x000001e5b3fec560, 0x000001e5b40e89f0, 0x000001e5b40ea9d0
}

Java Threads: ( => current thread )
  0x000001e598f251a0 JavaThread "main" [_thread_in_vm, id=17752, stack(0x000000d8bb700000,0x000000d8bb800000)]
  0x000001e598fecb40 JavaThread "Reference Handler" daemon [_thread_blocked, id=15188, stack(0x000000d8bbe00000,0x000000d8bbf00000)]
  0x000001e598fee0b0 JavaThread "Finalizer" daemon [_thread_blocked, id=13740, stack(0x000000d8bbf00000,0x000000d8bc000000)]
  0x000001e5b3fdc900 JavaThread "Signal Dispatcher" daemon [_thread_blocked, id=14228, stack(0x000000d8bc000000,0x000000d8bc100000)]
  0x000001e5b3fdd410 JavaThread "Attach Listener" daemon [_thread_blocked, id=10588, stack(0x000000d8bc100000,0x000000d8bc200000)]
  0x000001e5b3fe05d0 JavaThread "Service Thread" daemon [_thread_blocked, id=17228, stack(0x000000d8bc200000,0x000000d8bc300000)]
  0x000001e5b3fe4b80 JavaThread "Monitor Deflation Thread" daemon [_thread_blocked, id=17736, stack(0x000000d8bc300000,0x000000d8bc400000)]
=>0x000001e5b3fe6700 JavaThread "C2 CompilerThread0" daemon [_thread_in_native, id=12204, stack(0x000000d8bc400000,0x000000d8bc500000)]
  0x000001e5b3feb470 JavaThread "C1 CompilerThread0" daemon [_thread_blocked, id=13020, stack(0x000000d8bc500000,0x000000d8bc600000)]
  0x000001e5b3fec560 JavaThread "Sweeper thread" daemon [_thread_blocked, id=928, stack(0x000000d8bc600000,0x000000d8bc700000)]
  0x000001e5b40e89f0 JavaThread "Common-Cleaner" daemon [_thread_blocked, id=12664, stack(0x000000d8bc700000,0x000000d8bc800000)]
  0x000001e5b40ea9d0 JavaThread "Notification Thread" daemon [_thread_blocked, id=16004, stack(0x000000d8bc800000,0x000000d8bc900000)]

Other Threads:
  0x000001e598fe3810 VMThread "VM Thread" [stack: 0x000000d8bbd00000,0x000000d8bbe00000] [id=17776]
  0x000001e5b4c77330 WatcherThread [stack: 0x000000d8bc900000,0x000000d8bca00000] [id=17980]
  0x000001e598f4e430 GCTaskThread "GC Thread#0" [stack: 0x000000d8bb800000,0x000000d8bb900000] [id=11492]
  0x000001e598f26420 GCTaskThread "GC Thread#1" [stack: 0x000000d8bca00000,0x000000d8bcb00000] [id=18420]
  0x000001e5b4df2200 GCTaskThread "GC Thread#2" [stack: 0x000000d8bcb00000,0x000000d8bcc00000] [id=17532]
  0x000001e5b4df0a30 GCTaskThread "GC Thread#3" [stack: 0x000000d8bcc00000,0x000000d8bcd00000] [id=18048]
  0x000001e598f58190 ConcurrentGCThread "G1 Main Marker" [stack: 0x000000d8bb900000,0x000000d8bba00000] [id=17524]
  0x000001e598f58b90 ConcurrentGCThread "G1 Conc#0" [stack: 0x000000d8bba00000,0x000000d8bbb00000] [id=18016]
  0x000001e598f73750 ConcurrentGCThread "G1 Refine#0" [stack: 0x000000d8bbb00000,0x000000d8bbc00000] [id=14160]
  0x000001e598f74160 ConcurrentGCThread "G1 Service" [stack: 0x000000d8bbc00000,0x000000d8bbd00000] [id=17996]

Threads with active compile tasks:
C2 CompilerThread0      943  616       4       java.nio.DirectByteBuffer::<init> (56 bytes)

VM state: not at safepoint (normal execution)

VM Mutex/Monitor currently owned by a thread:  ([mutex/lock_event])
[0x000001e598f20460] MetaspaceExpand_lock - owner thread: 0x000001e598f251a0

Heap address: 0x00000000c1800000, size: 1000 MB, Compressed Oops mode: 32-bit
CDS archive(s) mapped at: [0x0000000800000000-0x0000000800bb0000-0x0000000800bb0000), size 12255232, SharedBaseAddress: 0x0000000800000000, ArchiveRelocationMode: 0.
Compressed class space mapped at: 0x0000000800c00000-0x0000000840c00000, reserved size: 1073741824
Narrow klass base: 0x0000000800000000, Narrow klass shift: 3, Narrow klass range: 0x100000000

GC Precious Log:
 CPUs: 4 total, 4 available
 Memory: 3993M
 Large Page Support: Disabled
 NUMA Support: Disabled
 Compressed Oops: Enabled (32-bit)
 Heap Region Size: 1M
 Heap Min Capacity: 8M
 Heap Initial Capacity: 8M
 Heap Max Capacity: 1000M
 Pre-touch: Disabled
 Parallel Workers: 4
 Concurrent Workers: 1
 Concurrent Refinement Workers: 4
 Periodic GC: Disabled

Heap:
 garbage-first heap   total 8192K, used 2287K [0x00000000c1800000, 0x0000000100000000)
  region size 1024K, 2 young (2048K), 1 survivors (1024K)
 Metaspace       used 7353K, committed 7424K, reserved 1064960K
  class space    used 849K, committed 896K, reserved 1048576K

Heap Regions: E=young(eden), S=young(survivor), O=old, HS=humongous(starts), HC=humongous(continues), CS=collection set, F=free, OA=open archive, CA=closed archive, TAMS=top-at-mark-start (previous, next)
|   0|0x00000000c1800000, 0x00000000c1900000, 0x00000000c1900000|100%| O|  |TAMS 0x00000000c1800000, 0x00000000c1800000| Untracked 
|   1|0x00000000c1900000, 0x00000000c1983c00, 0x00000000c1a00000| 51%| O|  |TAMS 0x00000000c1900000, 0x00000000c1900000| Untracked 
|   2|0x00000000c1a00000, 0x00000000c1a00000, 0x00000000c1b00000|  0%| F|  |TAMS 0x00000000c1a00000, 0x00000000c1a00000| Untracked 
|   3|0x00000000c1b00000, 0x00000000c1b00000, 0x00000000c1c00000|  0%| F|  |TAMS 0x00000000c1b00000, 0x00000000c1b00000| Untracked 
|   4|0x00000000c1c00000, 0x00000000c1c00000, 0x00000000c1d00000|  0%| F|  |TAMS 0x00000000c1c00000, 0x00000000c1c00000| Untracked 
|   5|0x00000000c1d00000, 0x00000000c1d00000, 0x00000000c1e00000|  0%| F|  |TAMS 0x00000000c1d00000, 0x00000000c1d00000| Untracked 
|   6|0x00000000c1e00000, 0x00000000c1eb8168, 0x00000000c1f00000| 71%| S|CS|TAMS 0x00000000c1e00000, 0x00000000c1e00000| Complete 
|   7|0x00000000c1f00000, 0x00000000c1f248c0, 0x00000000c2000000| 14%| E|  |TAMS 0x00000000c1f00000, 0x00000000c1f00000| Complete 

Card table byte_map: [0x000001e5af880000,0x000001e5afa80000] _byte_map_base: 0x000001e5af274000

Marking Bits (Prev, Next): (CMBitMap*) 0x000001e598f4fa40, (CMBitMap*) 0x000001e598f4fa80
 Prev Bits: [0x000001e5afc80000, 0x000001e5b0c20000)
 Next Bits: [0x000001e5b0c20000, 0x000001e5b1bc0000)

Polling page: 0x000001e5970a0000

Metaspace:

Usage:
  Non-class:      6.35 MB used.
      Class:    849.31 KB used.
       Both:      7.18 MB used.

Virtual space:
  Non-class space:       16.00 MB reserved,       6.38 MB ( 40%) committed,  2 nodes.
      Class space:        1.00 GB reserved,     896.00 KB ( <1%) committed,  1 nodes.
              Both:        1.02 GB reserved,       7.25 MB ( <1%) committed. 

Chunk freelists:
   Non-Class:  2.92 MB
       Class:  3.00 MB
        Both:  5.92 MB

MaxMetaspaceSize: 17179869184.00 GB
CompressedClassSpaceSize: 1.00 GB
 - commit_granule_bytes: 65536.
 - commit_granule_words: 8192.
 - virtual_space_node_default_size: 1048576.
 - enlarge_chunks_in_place: 1.
 - new_chunks_are_fully_committed: 0.
 - uncommit_free_chunks: 1.
 - use_allocation_guard: 0.
 - handle_deallocations: 1.


Internal statistics:

num_allocs_failed_limit: 0.
num_arena_births: 52.
num_arena_deaths: 0.
num_vsnodes_births: 3.
num_vsnodes_deaths: 0.
num_space_committed: 116.
num_space_uncommitted: 0.
num_chunks_returned_to_freelist: 0.
num_chunks_taken_from_freelist: 303.
num_chunk_merges: 0.
num_chunk_splits: 214.
num_chunks_enlarged: 165.
num_purges: 0.

CodeHeap 'non-profiled nmethods': size=120000Kb used=196Kb max_used=196Kb free=119803Kb
 bounds [0x000001e5a8150000, 0x000001e5a83c0000, 0x000001e5af680000]
CodeHeap 'profiled nmethods': size=120000Kb used=922Kb max_used=922Kb free=119077Kb
 bounds [0x000001e5a0c20000, 0x000001e5a0e90000, 0x000001e5a8150000]
CodeHeap 'non-nmethods': size=5760Kb used=1141Kb max_used=1153Kb free=4618Kb
 bounds [0x000001e5a0680000, 0x000001e5a08f0000, 0x000001e5a0c20000]
 total_blobs=1042 nmethods=619 adapters=336
 compilation: enabled
              stopped_count=0, restarted_count=0
 full_count=0

Compilation events (20 events):
Event: 0.589 Thread 0x000001e5b3feb470 nmethod 610 0x000001e5a0d01490 code [0x000001e5a0d01620, 0x000001e5a0d017b8]
Event: 0.589 Thread 0x000001e5b3fe6700  607       4       java.util.zip.ZipFile$Source::addEntry (33 bytes)
Event: 0.590 Thread 0x000001e5b3feb470  611       3       java.lang.StringLatin1::replace (198 bytes)
Event: 0.591 Thread 0x000001e5b3fe6700 nmethod 607 0x000001e5a8180b10 code [0x000001e5a8180ca0, 0x000001e5a8180db8]
Event: 0.591 Thread 0x000001e5b3feb470 nmethod 611 0x000001e5a0d01890 code [0x000001e5a0d01b20, 0x000001e5a0d028a8]
Event: 0.591 Thread 0x000001e5b3feb470  612       3       com.sun.tools.javac.main.Option::matches (43 bytes)
Event: 0.591 Thread 0x000001e5b3feb470 nmethod 612 0x000001e5a0d02d90 code [0x000001e5a0d02f40, 0x000001e5a0d031e8]
Event: 0.596 Thread 0x000001e5b3feb470  613       3       java.lang.ClassLoader::checkPackageAccess (102 bytes)
Event: 0.597 Thread 0x000001e5b3feb470 nmethod 613 0x000001e5a0d03310 code [0x000001e5a0d03600, 0x000001e5a0d044c8]
Event: 0.597 Thread 0x000001e5b3feb470  614       3       java.util.AbstractList::<init> (10 bytes)
Event: 0.597 Thread 0x000001e5b3feb470 nmethod 614 0x000001e5a0d04a90 code [0x000001e5a0d04c40, 0x000001e5a0d04e18]
Event: 0.597 Thread 0x000001e5b3feb470  615       3       jdk.internal.org.objectweb.asm.MethodVisitor::<init> (88 bytes)
Event: 0.598 Thread 0x000001e5b3fe6700  616       4       java.nio.DirectByteBuffer::<init> (56 bytes)
Event: 0.598 Thread 0x000001e5b3feb470 nmethod 615 0x000001e5a0d04f10 code [0x000001e5a0d05160, 0x000001e5a0d05a48]
Event: 0.598 Thread 0x000001e5b3feb470  617       3       java.util.Optional::empty (6 bytes)
Event: 0.598 Thread 0x000001e5b3feb470 nmethod 617 0x000001e5a0d05d10 code [0x000001e5a0d05ea0, 0x000001e5a0d05f98]
Event: 0.618 Thread 0x000001e5b3feb470  621       3       com.sun.tools.javac.util.SharedNameTable$NameImpl::<init> (6 bytes)
Event: 0.618 Thread 0x000001e5b3feb470 nmethod 621 0x000001e5a0d06010 code [0x000001e5a0d061c0, 0x000001e5a0d063d8]
Event: 0.618 Thread 0x000001e5b3feb470  622       3       com.sun.tools.javac.util.Name::<init> (10 bytes)
Event: 0.618 Thread 0x000001e5b3feb470 nmethod 622 0x000001e5a0d06510 code [0x000001e5a0d066c0, 0x000001e5a0d06878]

GC Heap History (8 events):
Event: 0.341 GC heap before
{Heap before GC invocations=0 (full 0):
 garbage-first heap   total 8192K, used 3072K [0x00000000c1800000, 0x0000000100000000)
  region size 1024K, 3 young (3072K), 0 survivors (0K)
 Metaspace       used 2477K, committed 2688K, reserved 1056768K
  class space    used 270K, committed 384K, reserved 1048576K
}
Event: 0.346 GC heap after
{Heap after GC invocations=1 (full 0):
 garbage-first heap   total 8192K, used 1104K [0x00000000c1800000, 0x0000000100000000)
  region size 1024K, 1 young (1024K), 1 survivors (1024K)
 Metaspace       used 2477K, committed 2688K, reserved 1056768K
  class space    used 270K, committed 384K, reserved 1048576K
}
Event: 0.423 GC heap before
{Heap before GC invocations=1 (full 0):
 garbage-first heap   total 8192K, used 2128K [0x00000000c1800000, 0x0000000100000000)
  region size 1024K, 2 young (2048K), 1 survivors (1024K)
 Metaspace       used 3888K, committed 4096K, reserved 1056768K
  class space    used 481K, committed 576K, reserved 1048576K
}
Event: 0.426 GC heap after
{Heap after GC invocations=2 (full 0):
 garbage-first heap   total 8192K, used 1642K [0x00000000c1800000, 0x0000000100000000)
  region size 1024K, 1 young (1024K), 1 survivors (1024K)
 Metaspace       used 3888K, committed 4096K, reserved 1056768K
  class space    used 481K, committed 576K, reserved 1048576K
}
Event: 0.527 GC heap before
{Heap before GC invocations=2 (full 0):
 garbage-first heap   total 8192K, used 2666K [0x00000000c1800000, 0x0000000100000000)
  region size 1024K, 2 young (2048K), 1 survivors (1024K)
 Metaspace       used 5949K, committed 6080K, reserved 1064960K
  class space    used 686K, committed 768K, reserved 1048576K
}
Event: 0.528 GC heap after
{Heap after GC invocations=3 (full 0):
 garbage-first heap   total 8192K, used 1959K [0x00000000c1800000, 0x0000000100000000)
  region size 1024K, 1 young (1024K), 1 survivors (1024K)
 Metaspace       used 5949K, committed 6080K, reserved 1064960K
  class space    used 686K, committed 768K, reserved 1048576K
}
Event: 0.592 GC heap before
{Heap before GC invocations=3 (full 0):
 garbage-first heap   total 8192K, used 2983K [0x00000000c1800000, 0x0000000100000000)
  region size 1024K, 2 young (2048K), 1 survivors (1024K)
 Metaspace       used 6981K, committed 7168K, reserved 1064960K
  class space    used 821K, committed 896K, reserved 1048576K
}
Event: 0.594 GC heap after
{Heap after GC invocations=4 (full 0):
 garbage-first heap   total 8192K, used 2287K [0x00000000c1800000, 0x0000000100000000)
  region size 1024K, 1 young (1024K), 1 survivors (1024K)
 Metaspace       used 6981K, committed 7168K, reserved 1064960K
  class space    used 821K, committed 896K, reserved 1048576K
}

Deoptimization events (20 events):
Event: 0.239 Thread 0x000001e598f251a0 Uncommon trap: trap_request=0xffffffde fr.pc=0x000001e5a815c7ec relative=0x000000000000046c
Event: 0.239 Thread 0x000001e598f251a0 Uncommon trap: reason=class_check action=maybe_recompile pc=0x000001e5a815c7ec method=java.util.HashMap.putVal(ILjava/lang/Object;Ljava/lang/Object;ZZ)Ljava/lang/Object; @ 253 c2
Event: 0.239 Thread 0x000001e598f251a0 DEOPT PACKING pc=0x000001e5a815c7ec sp=0x000000d8bb7fee90
Event: 0.239 Thread 0x000001e598f251a0 DEOPT UNPACKING pc=0x000001e5a06cd72e sp=0x000000d8bb7fee30 mode 2
Event: 0.240 Thread 0x000001e598f251a0 Uncommon trap: trap_request=0xffffff45 fr.pc=0x000001e5a815cc80 relative=0x0000000000000900
Event: 0.240 Thread 0x000001e598f251a0 Uncommon trap: reason=unstable_if action=reinterpret pc=0x000001e5a815cc80 method=java.util.HashMap.putVal(ILjava/lang/Object;Ljava/lang/Object;ZZ)Ljava/lang/Object; @ 181 c2
Event: 0.240 Thread 0x000001e598f251a0 DEOPT PACKING pc=0x000001e5a815cc80 sp=0x000000d8bb7fee90
Event: 0.240 Thread 0x000001e598f251a0 DEOPT UNPACKING pc=0x000001e5a06cd72e sp=0x000000d8bb7fee30 mode 2
Event: 0.314 Thread 0x000001e598f251a0 Uncommon trap: trap_request=0xffffff45 fr.pc=0x000001e5a815f404 relative=0x0000000000000064
Event: 0.314 Thread 0x000001e598f251a0 Uncommon trap: reason=unstable_if action=reinterpret pc=0x000001e5a815f404 method=java.nio.Buffer.hasRemaining()Z @ 8 c2
Event: 0.314 Thread 0x000001e598f251a0 DEOPT PACKING pc=0x000001e5a815f404 sp=0x000000d8bb7fe510
Event: 0.314 Thread 0x000001e598f251a0 DEOPT UNPACKING pc=0x000001e5a06cd72e sp=0x000000d8bb7fe4a8 mode 2
Event: 0.330 Thread 0x000001e598f251a0 DEOPT PACKING pc=0x000001e5a0c4ace7 sp=0x000000d8bb7fd870
Event: 0.330 Thread 0x000001e598f251a0 DEOPT UNPACKING pc=0x000001e5a06cdece sp=0x000000d8bb7fcc90 mode 0
Event: 0.363 Thread 0x000001e598f251a0 DEOPT PACKING pc=0x000001e5a0c48d51 sp=0x000000d8bb7faa90
Event: 0.363 Thread 0x000001e598f251a0 DEOPT UNPACKING pc=0x000001e5a06cdece sp=0x000000d8bb7f9f08 mode 0
Event: 0.584 Thread 0x000001e598f251a0 Uncommon trap: trap_request=0xffffff45 fr.pc=0x000001e5a8176a1c relative=0x000000000000045c
Event: 0.584 Thread 0x000001e598f251a0 Uncommon trap: reason=unstable_if action=reinterpret pc=0x000001e5a8176a1c method=java.lang.StringLatin1.replace([BCC)Ljava/lang/String; @ 19 c2
Event: 0.584 Thread 0x000001e598f251a0 DEOPT PACKING pc=0x000001e5a8176a1c sp=0x000000d8bb7fedf0
Event: 0.584 Thread 0x000001e598f251a0 DEOPT UNPACKING pc=0x000001e5a06cd72e sp=0x000000d8bb7fed70 mode 2

Classes unloaded (0 events):
No events

Classes redefined (0 events):
No events

Internal exceptions (17 events):
Event: 0.179 Thread 0x000001e598f251a0 Exception <a 'java/lang/NoSuchMethodError'{0x00000000c1e91d80}: 'java.lang.Object java.lang.invoke.DirectMethodHandle$Holder.invokeStatic(java.lang.Object)'> (0x00000000c1e91d80) 
thrown [t:\workspace\open\src\hotspot\share\interpreter\linkResolver.cpp, line 790]
Event: 0.225 Thread 0x000001e598f251a0 Exception <a 'java/lang/NoSuchMethodError'{0x00000000c1effad8}: 'void java.lang.invoke.DirectMethodHandle$Holder.invokeSpecial(java.lang.Object, java.lang.Object, java.lang.Object)'> (0x00000000c1effad8) 
thrown [t:\workspace\open\src\hotspot\share\interpreter\linkResolver.cpp, line 790]
Event: 0.297 Thread 0x000001e598f251a0 Exception <a 'java/lang/NoSuchMethodError'{0x00000000c1d69dd8}: 'java.lang.Object java.lang.invoke.DirectMethodHandle$Holder.invokeVirtual(java.lang.Object, java.lang.Object, java.lang.Object)'> (0x00000000c1d69dd8) 
thrown [t:\workspace\open\src\hotspot\share\interpreter\linkResolver.cpp, line 790]
Event: 0.302 Thread 0x000001e598f251a0 Exception <a 'java/lang/NoSuchMethodError'{0x00000000c1d75680}: 'int java.lang.invoke.DirectMethodHandle$Holder.invokeInterface(java.lang.Object, java.lang.Object)'> (0x00000000c1d75680) 
thrown [t:\workspace\open\src\hotspot\share\interpreter\linkResolver.cpp, line 790]
Event: 0.326 Thread 0x000001e598f251a0 Exception <a 'sun/nio/fs/WindowsException'{0x00000000c1dc5e70}> (0x00000000c1dc5e70) 
thrown [t:\workspace\open\src\hotspot\share\prims\jni.cpp, line 579]
Event: 0.326 Thread 0x000001e598f251a0 Exception <a 'sun/nio/fs/WindowsException'{0x00000000c1dc66a0}> (0x00000000c1dc66a0) 
thrown [t:\workspace\open\src\hotspot\share\prims\jni.cpp, line 579]
Event: 0.327 Thread 0x000001e598f251a0 Exception <a 'sun/nio/fs/WindowsException'{0x00000000c1dc7380}> (0x00000000c1dc7380) 
thrown [t:\workspace\open\src\hotspot\share\prims\jni.cpp, line 579]
Event: 0.327 Thread 0x000001e598f251a0 Exception <a 'sun/nio/fs/WindowsException'{0x00000000c1dc76d0}> (0x00000000c1dc76d0) 
thrown [t:\workspace\open\src\hotspot\share\prims\jni.cpp, line 579]
Event: 0.329 Thread 0x000001e598f251a0 Exception <a 'java/lang/NoSuchMethodError'{0x00000000c1dccaf8}: 'int java.lang.invoke.DirectMethodHandle$Holder.invokeVirtual(java.lang.Object, java.lang.Object, java.lang.Object)'> (0x00000000c1dccaf8) 
thrown [t:\workspace\open\src\hotspot\share\interpreter\linkResolver.cpp, line 790]
Event: 0.330 Thread 0x000001e598f251a0 Exception <a 'java/lang/NoSuchMethodError'{0x00000000c1dd3638}: 'void java.lang.invoke.DirectMethodHandle$Holder.invokeInterface(java.lang.Object, java.lang.Object, java.lang.Object)'> (0x00000000c1dd3638) 
thrown [t:\workspace\open\src\hotspot\share\interpreter\linkResolver.cpp, line 790]
Event: 0.445 Thread 0x000001e598f251a0 Exception <a 'java/lang/NoSuchMethodError'{0x00000000c1f22880}: 'int java.lang.invoke.DirectMethodHandle$Holder.invokeStaticInit(java.lang.Object, java.lang.Object)'> (0x00000000c1f22880) 
thrown [t:\workspace\open\src\hotspot\share\interpreter\linkResolver.cpp, line 790]
Event: 0.523 Thread 0x000001e598f251a0 Exception <a 'java/lang/NoSuchMethodError'{0x00000000c1fecb98}: 'int java.lang.invoke.DirectMethodHandle$Holder.invokeVirtual(java.lang.Object, java.lang.Object)'> (0x00000000c1fecb98) 
thrown [t:\workspace\open\src\hotspot\share\interpreter\linkResolver.cpp, line 790]
Event: 0.532 Thread 0x000001e598f251a0 Exception <a 'java/lang/NoSuchMethodError'{0x00000000c1f15d08}: 'java.lang.Object java.lang.invoke.DirectMethodHandle$Holder.newInvokeSpecial(java.lang.Object, java.lang.Object, java.lang.Object, java.lang.Object, java.lang.Object)'> (0x00000000c1f15d08) 
thrown [t:\workspace\open\src\hotspot\share\interpreter\linkResolver.cpp, line 790]
Event: 0.535 Thread 0x000001e598f251a0 Exception <a 'java/lang/NoSuchMethodError'{0x00000000c1f25ed0}: 'java.lang.Object java.lang.invoke.DirectMethodHandle$Holder.newInvokeSpecial(java.lang.Object, java.lang.Object, java.lang.Object, java.lang.Object, java.lang.Object, java.lang.Object)'> (0x00000000c1f25ed0) 
thrown [t:\workspace\open\src\hotspot\share\interpreter\linkResolver.cpp, line 790]
Event: 0.556 Thread 0x000001e598f251a0 Exception <a 'sun/nio/fs/WindowsException'{0x00000000c1f7c718}> (0x00000000c1f7c718) 
thrown [t:\workspace\open\src\hotspot\share\prims\jni.cpp, line 579]
Event: 0.556 Thread 0x000001e598f251a0 Exception <a 'sun/nio/fs/WindowsException'{0x00000000c1f7c948}> (0x00000000c1f7c948) 
thrown [t:\workspace\open\src\hotspot\share\prims\jni.cpp, line 579]
Event: 0.558 Thread 0x000001e598f251a0 Exception <a 'java/lang/NoSuchMethodError'{0x00000000c1f7e6f0}: 'java.lang.Object java.lang.invoke.DirectMethodHandle$Holder.invokeStaticInit(java.lang.Object)'> (0x00000000c1f7e6f0) 
thrown [t:\workspace\open\src\hotspot\share\interpreter\linkResolver.cpp, line 790]

Events (20 events):
Event: 0.599 loading class sun/nio/fs/WindowsSecurityDescriptor
Event: 0.599 loading class sun/nio/fs/WindowsSecurityDescriptor done
Event: 0.599 loading class java/nio/channels/Channels
Event: 0.600 loading class java/nio/channels/Channels done
Event: 0.600 loading class sun/nio/ch/ChannelInputStream
Event: 0.600 loading class sun/nio/ch/ChannelInputStream done
Event: 0.600 loading class sun/nio/ch/NativeThread
Event: 0.600 loading class sun/nio/ch/NativeThread done
Event: 0.600 loading class sun/nio/ch/IOStatus
Event: 0.600 loading class sun/nio/ch/IOStatus done
Event: 0.600 loading class java/nio/channels/SelectableChannel
Event: 0.601 loading class java/nio/channels/SelectableChannel done
Event: 0.601 loading class sun/nio/ch/Util
Event: 0.601 loading class sun/nio/ch/Util done
Event: 0.601 loading class sun/nio/ch/Util$1
Event: 0.601 loading class sun/nio/ch/Util$1 done
Event: 0.601 loading class sun/nio/ch/Util$BufferCache
Event: 0.601 loading class sun/nio/ch/Util$BufferCache done
Event: 0.601 loading class java/nio/DirectByteBuffer$Deallocator
Event: 0.601 loading class java/nio/DirectByteBuffer$Deallocator done


Dynamic libraries:
0x00007ff694a10000 - 0x00007ff694a18000 	C:\Program Files\Java\jdk-16\bin\javac.exe
0x00007ffac10e0000 - 0x00007ffac12d0000 	C:\WINDOWS\SYSTEM32\ntdll.dll
0x00007ffabf310000 - 0x00007ffabf3c2000 	C:\WINDOWS\System32\KERNEL32.DLL
0x00007ffabe1d0000 - 0x00007ffabe473000 	C:\WINDOWS\System32\KERNELBASE.dll
0x00007ffabe0d0000 - 0x00007ffabe1ca000 	C:\WINDOWS\System32\ucrtbase.dll
0x00007ffa83e50000 - 0x00007ffa83e69000 	C:\Program Files\Java\jdk-16\bin\VCRUNTIME140.dll
0x00007ffaadd60000 - 0x00007ffaadd78000 	C:\Program Files\Java\jdk-16\bin\jli.dll
0x00007ffac0890000 - 0x00007ffac0933000 	C:\WINDOWS\System32\ADVAPI32.dll
0x00007ffabf1c0000 - 0x00007ffabf25e000 	C:\WINDOWS\System32\msvcrt.dll
0x00007ffabfcc0000 - 0x00007ffabfd57000 	C:\WINDOWS\System32\sechost.dll
0x00007ffabf730000 - 0x00007ffabf850000 	C:\WINDOWS\System32\RPCRT4.dll
0x00007ffac0580000 - 0x00007ffac0714000 	C:\WINDOWS\System32\USER32.dll
0x00007ffabf160000 - 0x00007ffabf181000 	C:\WINDOWS\System32\win32u.dll
0x00007ffa9ca80000 - 0x00007ffa9cd05000 	C:\WINDOWS\WinSxS\amd64_microsoft.windows.common-controls_6595b64144ccf1df_6.0.18362.535_none_e6c3b34713100821\COMCTL32.dll
0x00007ffac0860000 - 0x00007ffac0886000 	C:\WINDOWS\System32\GDI32.dll
0x00007ffabf920000 - 0x00007ffabfc56000 	C:\WINDOWS\System32\combase.dll
0x00007ffabecf0000 - 0x00007ffabee84000 	C:\WINDOWS\System32\gdi32full.dll
0x00007ffabec50000 - 0x00007ffabecee000 	C:\WINDOWS\System32\msvcp_win.dll
0x00007ffabef40000 - 0x00007ffabefc0000 	C:\WINDOWS\System32\bcryptPrimitives.dll
0x00007ffab30e0000 - 0x00007ffab30ea000 	C:\WINDOWS\SYSTEM32\VERSION.dll
0x00007ffabffa0000 - 0x00007ffabffce000 	C:\WINDOWS\System32\IMM32.DLL
0x00007ffaa9f40000 - 0x00007ffaa9f4c000 	C:\Program Files\Java\jdk-16\bin\vcruntime140_1.dll
0x00007ffa7a0c0000 - 0x00007ffa7a151000 	C:\Program Files\Java\jdk-16\bin\msvcp140.dll
0x00007ffa5e720000 - 0x00007ffa5f2cb000 	C:\Program Files\Java\jdk-16\bin\server\jvm.dll
0x00007ffabf3d0000 - 0x00007ffabf3d8000 	C:\WINDOWS\System32\PSAPI.DLL
0x00007ffaaa110000 - 0x00007ffaaa119000 	C:\WINDOWS\SYSTEM32\WSOCK32.dll
0x00007ffab7d70000 - 0x00007ffab7d94000 	C:\WINDOWS\SYSTEM32\WINMM.dll
0x00007ffabf640000 - 0x00007ffabf6af000 	C:\WINDOWS\System32\WS2_32.dll
0x00007ffab7d40000 - 0x00007ffab7d6d000 	C:\WINDOWS\SYSTEM32\winmmbase.dll
0x00007ffabf110000 - 0x00007ffabf15a000 	C:\WINDOWS\System32\cfgmgr32.dll
0x00007ffabe010000 - 0x00007ffabe021000 	C:\WINDOWS\System32\kernel.appcore.dll
0x00007ffaa9e00000 - 0x00007ffaa9e0a000 	C:\Program Files\Java\jdk-16\bin\jimage.dll
0x00007ffab9890000 - 0x00007ffab9a84000 	C:\WINDOWS\SYSTEM32\DBGHELP.DLL
0x00007ffa9ffb0000 - 0x00007ffa9ffda000 	C:\WINDOWS\SYSTEM32\dbgcore.DLL
0x00007ffa83b00000 - 0x00007ffa83b25000 	C:\Program Files\Java\jdk-16\bin\java.dll
0x00007ffac0940000 - 0x00007ffac1025000 	C:\WINDOWS\System32\SHELL32.dll
0x00007ffabf590000 - 0x00007ffabf639000 	C:\WINDOWS\System32\shcore.dll
0x00007ffabe480000 - 0x00007ffabebff000 	C:\WINDOWS\System32\windows.storage.dll
0x00007ffabe030000 - 0x00007ffabe04f000 	C:\WINDOWS\System32\profapi.dll
0x00007ffabdfc0000 - 0x00007ffabe00a000 	C:\WINDOWS\System32\powrprof.dll
0x00007ffabdfb0000 - 0x00007ffabdfc0000 	C:\WINDOWS\System32\UMPDC.dll
0x00007ffac0800000 - 0x00007ffac0852000 	C:\WINDOWS\System32\shlwapi.dll
0x00007ffabec30000 - 0x00007ffabec47000 	C:\WINDOWS\System32\cryptsp.dll
0x00007ffa7fbf0000 - 0x00007ffa7fc09000 	C:\Program Files\Java\jdk-16\bin\net.dll
0x00007ffaaee00000 - 0x00007ffaaeef0000 	C:\WINDOWS\SYSTEM32\WINHTTP.dll
0x00007ffabd820000 - 0x00007ffabd887000 	C:\WINDOWS\system32\mswsock.dll
0x00007ffa7a300000 - 0x00007ffa7a313000 	C:\Program Files\Java\jdk-16\bin\nio.dll
0x00007ffa7a2e0000 - 0x00007ffa7a2f8000 	C:\Program Files\Java\jdk-16\bin\zip.dll

dbghelp: loaded successfully - version: 4.0.5 - missing functions: none
symbol engine: initialized successfully - sym options: 0x614 - pdb path: .;C:\Program Files\Java\jdk-16\bin;C:\WINDOWS\SYSTEM32;C:\WINDOWS\WinSxS\amd64_microsoft.windows.common-controls_6595b64144ccf1df_6.0.18362.535_none_e6c3b34713100821;C:\Program Files\Java\jdk-16\bin\server

VM Arguments:
jvm_args: -Dapplication.home=C:\Program Files\Java\jdk-16 --add-modules=ALL-DEFAULT -Xms8m -Djdk.module.main=jdk.compiler 
java_command: jdk.compiler/com.sun.tools.javac.Main -d C:\Users\admin\Documents\NetBeansProjects\travel management system\build\classes -classpath C:\Users\admin\Documents\NetBeansProjects\travel management system\build\classes;C:\Users\admin\Documents\NetBeansProjects\mysql-connector-java-8.0.25\mysql-connector-java-8.0.25.jar -sourcepath C:\Users\admin\Documents\NetBeansProjects\travel management system\src -target 16 -encoding UTF-8 -g -processorpath C:\Users\admin\Documents\NetBeansProjects\mysql-connector-java-8.0.25\mysql-connector-java-8.0.25.jar;C:\Users\admin\Documents\NetBeansProjects\travel management system\build\empty -s C:\Users\admin\Documents\NetBeansProjects\travel management system\build\generated-sources\ap-source-output -source 16 C:\Users\admin\Documents\NetBeansProjects\travel management system\src\travel\management\system\splash.java
java_class_path (initial): <not set>
Launcher Type: SUN_STANDARD

[Global flags]
     intx CICompilerCount                          = 3                                         {product} {ergonomic}
     uint ConcGCThreads                            = 1                                         {product} {ergonomic}
     uint G1ConcRefinementThreads                  = 4                                         {product} {ergonomic}
   size_t G1HeapRegionSize                         = 1048576                                   {product} {ergonomic}
    uintx GCDrainStackTargetSize                   = 64                                        {product} {ergonomic}
   size_t InitialHeapSize                          = 8388608                                   {product} {command line}
   size_t MarkStackSize                            = 4194304                                   {product} {ergonomic}
   size_t MaxHeapSize                              = 1048576000                                {product} {ergonomic}
   size_t MaxNewSize                               = 629145600                                 {product} {ergonomic}
   size_t MinHeapDeltaBytes                        = 1048576                                   {product} {ergonomic}
   size_t MinHeapSize                              = 8388608                                   {product} {command line}
    uintx NonNMethodCodeHeapSize                   = 5832780                                {pd product} {ergonomic}
    uintx NonProfiledCodeHeapSize                  = 122912730                              {pd product} {ergonomic}
    uintx ProfiledCodeHeapSize                     = 122912730                              {pd product} {ergonomic}
    uintx ReservedCodeCacheSize                    = 251658240                              {pd product} {ergonomic}
     bool SegmentedCodeCache                       = true                                      {product} {ergonomic}
   size_t SoftMaxHeapSize                          = 1048576000                             {manageable} {ergonomic}
     bool UseCompressedClassPointers               = true                           {product lp64_product} {ergonomic}
     bool UseCompressedOops                        = true                           {product lp64_product} {ergonomic}
     bool UseG1GC                                  = true                                      {product} {ergonomic}
     bool UseLargePagesIndividualAllocation        = false                                  {pd product} {ergonomic}

Logging:
Log output configuration:
 #0: stdout all=warning uptime,level,tags
 #1: stderr all=off uptime,level,tags

Environment Variables:
PATH=C:\Program Files\Common Files\Oracle\Java\javapath;C:\WINDOWS\system32;C:\WINDOWS;C:\WINDOWS\System32\Wbem;C:\WINDOWS\System32\WindowsPowerShell\v1.0\;C:\WINDOWS\System32\OpenSSH\;C:\Program Files\Microsoft SQL Server\120\Tools\Binn\;C:\Program Files (x86)\Java\jdk1.7.0_76\bin;C:\Users\admin\AppData\Local\Programs\Python\Python38-32;C:\Users\admin\AppData\Local\Programs\Python\Python38-32\Scripts;C:\Program Files (x86)\Intel\Intel(R) Management Engine Components\DAL;C:\Program Files\Intel\Intel(R) Management Engine Components\DAL;C:\WINDOWS\system32\config\systemprofile\.dnx\bin;C:\Program Files\Microsoft DNX\Dnvm\;C:\Program Files\Java\jdk-16\bin;C:\Program Files\MySQL\MySQL Server 5.5\bin;C:\Program Files (x86)\Java\jre7\bin;C:\Program Files\JetBrains\PyCharm Community Edition 2020.1.2\bin;;C:\xampp new\php;C:\Users\admin\AppData\Local\Programs\Microsoft VS Code\bin
USERNAME=admin
OS=Windows_NT
PROCESSOR_IDENTIFIER=Intel64 Family 6 Model 142 Stepping 9, GenuineIntel



---------------  S Y S T E M  ---------------

OS:
 Windows 10 , 64 bit Build 18362 (10.0.18362.329)
OS uptime: 4 days 23:32 hours

CPU: total 4 (initial active 4) (2 cores per cpu, 2 threads per core) family 6 model 142 stepping 9 microcode 0xca, cx8, cmov, fxsr, ht, mmx, 3dnowpref, sse, sse2, sse3, ssse3, sse4.1, sse4.2, popcnt, lzcnt, tsc, tscinvbit, avx, avx2, aes, erms, clmul, bmi1, bmi2, adx, fma, vzeroupper, clflush, clflushopt

Memory: 4k page, system-wide physical 3993M (321M free)
TotalPageFile size 16281M (AvailPageFile size 2M)
current process WorkingSet (physical memory assigned to process): 54M, peak: 54M
current process commit charge ("private bytes"): 87M, peak: 87M

vm_info: Java HotSpot(TM) 64-Bit Server VM (16+36-2231) for windows-amd64 JRE (16+36-2231), built on Feb  8 2021 11:43:10 by "mach5one" with MS VC++ 16.7 (VS2019)

END.
