#
# There is insufficient memory for the Java Runtime Environment to continue.
# Native memory allocation (malloc) failed to allocate 131088 bytes for Chunk::new
# Possible reasons:
#   The system is out of physical RAM or swap space
#   The process is running with CompressedOops enabled, and the Java Heap may be blocking the growth of the native heap
# Possible solutions:
#   Reduce memory load on the system
#   Increase physical memory or swap space
#   Check if swap backing store is full
#   Decrease Java heap size (-Xmx/-Xms)
#   Decrease number of Java threads
#   Decrease Java thread stack sizes (-Xss)
#   Set larger code cache with -XX:ReservedCodeCacheSize=
#   JVM is running with Unscaled Compressed Oops mode in which the Java heap is
#     placed in the first 4GB address space. The Java Heap base address is the
#     maximum limit for the native heap growth. Please use -XX:HeapBaseMinAddress
#     to set the Java Heap base and to place the Java Heap above 4GB virtual address.
# This output file may be truncated or incomplete.
#
#  Out of Memory Error (arena.cpp:195), pid=16864, tid=16488
#
# JRE version: Java(TM) SE Runtime Environment (16.0+36) (build 16+36-2231)
# Java VM: Java HotSpot(TM) 64-Bit Server VM (16+36-2231, mixed mode, sharing, tiered, compressed oops, g1 gc, windows-amd64)
# No core dump will be written. Minidumps are not enabled by default on client versions of Windows
#

---------------  S U M M A R Y ------------

Command Line: -Dfile.encoding=UTF-8 travel.management.system.forgot

Host: Intel(R) Core(TM) i3-7020U CPU @ 2.30GHz, 4 cores, 3G,  Windows 10 , 64 bit Build 18362 (10.0.18362.329)
Time: Wed Jun 16 20:33:53 2021 India Standard Time elapsed time: 0.695871 seconds (0d 0h 0m 0s)

---------------  T H R E A D  ---------------

Current thread (0x000002befdba8720):  JavaThread "C2 CompilerThread0" daemon [_thread_in_native, id=16488, stack(0x000000d214b00000,0x000000d214c00000)]


Current CompileTask:
C2:    696  618 % !   4       sun.awt.image.PNGImageDecoder::produceImage @ 960 (1917 bytes)

Stack: [0x000000d214b00000,0x000000d214c00000]
Native frames: (J=compiled Java code, j=interpreted, Vv=VM code, C=native code)
V  [jvm.dll+0x6681da]
V  [jvm.dll+0x7c9d99]
V  [jvm.dll+0x7cb4d3]
V  [jvm.dll+0x7cbb33]
V  [jvm.dll+0x242ee5]
V  [jvm.dll+0xadeca]
V  [jvm.dll+0xae5ac]
V  [jvm.dll+0x68c40f]
V  [jvm.dll+0x214c01]
V  [jvm.dll+0x1a1d8b]
V  [jvm.dll+0x225398]
V  [jvm.dll+0x2233dc]
V  [jvm.dll+0x77f9e2]
V  [jvm.dll+0x77952a]
V  [jvm.dll+0x667076]
C  [ucrtbase.dll+0x20e72]
C  [KERNEL32.DLL+0x17bd4]
C  [ntdll.dll+0x6ced1]


---------------  P R O C E S S  ---------------

Threads class SMR info:
_java_thread_list=0x000002befeac1780, length=16, elements={
0x000002bee2aadc60, 0x000002bee2b6b3c0, 0x000002bee2b6bcd0, 0x000002bee2b79090,
0x000002bee2b79db0, 0x000002bee2b7c6d0, 0x000002bee2b7cfe0, 0x000002befdba8720,
0x000002befdbab750, 0x000002befdbbe8b0, 0x000002befe859f70, 0x000002befe866bf0,
0x000002befea8af90, 0x000002befea8df70, 0x000002befea90f50, 0x000002befeb020e0
}

Java Threads: ( => current thread )
  0x000002bee2aadc60 JavaThread "main" [_thread_blocked, id=14968, stack(0x000000d213e00000,0x000000d213f00000)]
  0x000002bee2b6b3c0 JavaThread "Reference Handler" daemon [_thread_blocked, id=10044, stack(0x000000d214500000,0x000000d214600000)]
  0x000002bee2b6bcd0 JavaThread "Finalizer" daemon [_thread_blocked, id=16592, stack(0x000000d214600000,0x000000d214700000)]
  0x000002bee2b79090 JavaThread "Signal Dispatcher" daemon [_thread_blocked, id=16696, stack(0x000000d214700000,0x000000d214800000)]
  0x000002bee2b79db0 JavaThread "Attach Listener" daemon [_thread_blocked, id=10356, stack(0x000000d214800000,0x000000d214900000)]
  0x000002bee2b7c6d0 JavaThread "Service Thread" daemon [_thread_blocked, id=17376, stack(0x000000d214900000,0x000000d214a00000)]
  0x000002bee2b7cfe0 JavaThread "Monitor Deflation Thread" daemon [_thread_blocked, id=16956, stack(0x000000d214a00000,0x000000d214b00000)]
=>0x000002befdba8720 JavaThread "C2 CompilerThread0" daemon [_thread_in_native, id=16488, stack(0x000000d214b00000,0x000000d214c00000)]
  0x000002befdbab750 JavaThread "C1 CompilerThread0" daemon [_thread_in_vm, id=15428, stack(0x000000d214c00000,0x000000d214d00000)]
  0x000002befdbbe8b0 JavaThread "Sweeper thread" daemon [_thread_blocked, id=16428, stack(0x000000d214d00000,0x000000d214e00000)]
  0x000002befe859f70 JavaThread "Notification Thread" daemon [_thread_blocked, id=12492, stack(0x000000d214e00000,0x000000d214f00000)]
  0x000002befe866bf0 JavaThread "Common-Cleaner" daemon [_thread_blocked, id=2324, stack(0x000000d215000000,0x000000d215100000)]
  0x000002befea8af90 JavaThread "Java2D Disposer" daemon [_thread_blocked, id=16980, stack(0x000000d215100000,0x000000d215200000)]
  0x000002befea8df70 JavaThread "AWT-Shutdown" [_thread_blocked, id=12716, stack(0x000000d215200000,0x000000d215300000)]
  0x000002befea90f50 JavaThread "AWT-Windows" daemon [_thread_in_native, id=16040, stack(0x000000d215300000,0x000000d215400000)]
  0x000002befeb020e0 JavaThread "Image Fetcher 0" daemon [_thread_in_vm, id=15224, stack(0x000000d215400000,0x000000d215500000)]

Other Threads:
  0x000002bee2b66ab0 VMThread "VM Thread" [stack: 0x000000d214400000,0x000000d214500000] [id=896]
  0x000002befe85c8c0 WatcherThread [stack: 0x000000d214f00000,0x000000d215000000] [id=1300]
  0x000002bee2add2b0 GCTaskThread "GC Thread#0" [stack: 0x000000d213f00000,0x000000d214000000] [id=16812]
  0x000002bee2ae6f10 ConcurrentGCThread "G1 Main Marker" [stack: 0x000000d214000000,0x000000d214100000] [id=9564]
  0x000002bee2ae7810 ConcurrentGCThread "G1 Conc#0" [stack: 0x000000d214100000,0x000000d214200000] [id=9636]
  0x000002bee2b3c400 ConcurrentGCThread "G1 Refine#0" [stack: 0x000000d214200000,0x000000d214300000] [id=3568]
  0x000002bee2b3dbc0 ConcurrentGCThread "G1 Service" [stack: 0x000000d214300000,0x000000d214400000] [id=9680]

Threads with active compile tasks:
C2 CompilerThread0      765  618 % !   4       sun.awt.image.PNGImageDecoder::produceImage @ 960 (1917 bytes)
C1 CompilerThread0      765  642   !   3       sun.awt.image.ImageRepresentation::setPixels (1058 bytes)

VM state: not at safepoint (normal execution)

VM Mutex/Monitor currently owned by a thread:  ([mutex/lock_event])
[0x000002bee2aa8200] MetaspaceExpand_lock - owner thread: 0x000002befeb020e0
[0x000002bee2aa98d0] MethodData_lock - owner thread: 0x000002befdbab750

Heap address: 0x00000000c1800000, size: 1000 MB, Compressed Oops mode: 32-bit
CDS archive(s) mapped at: [0x0000000800000000-0x0000000800bb0000-0x0000000800bb0000), size 12255232, SharedBaseAddress: 0x0000000800000000, ArchiveRelocationMode: 0.
Compressed class space mapped at: 0x0000000800c00000-0x0000000840c00000, reserved size: 1073741824
Narrow klass base: 0x0000000800000000, Narrow klass shift: 3, Narrow klass range: 0x100000000

GC Precious Log:
 CPUs: 4 total, 4 available
 Memory: 3993M
 Large Page Support: Disabled
 NUMA Support: Disabled
 Compressed Oops: Enabled (32-bit)
 Heap Region Size: 1M
 Heap Min Capacity: 8M
 Heap Initial Capacity: 64M
 Heap Max Capacity: 1000M
 Pre-touch: Disabled
 Parallel Workers: 4
 Concurrent Workers: 1
 Concurrent Refinement Workers: 4
 Periodic GC: Disabled

Heap:
 garbage-first heap   total 65536K, used 6144K [0x00000000c1800000, 0x0000000100000000)
  region size 1024K, 7 young (7168K), 0 survivors (0K)
 Metaspace       used 4854K, committed 4992K, reserved 1056768K
  class space    used 489K, committed 576K, reserved 1048576K

Heap Regions: E=young(eden), S=young(survivor), O=old, HS=humongous(starts), HC=humongous(continues), CS=collection set, F=free, OA=open archive, CA=closed archive, TAMS=top-at-mark-start (previous, next)
|   0|0x00000000c1800000, 0x00000000c1800000, 0x00000000c1900000|  0%| F|  |TAMS 0x00000000c1800000, 0x00000000c1800000| Untracked 
|   1|0x00000000c1900000, 0x00000000c1900000, 0x00000000c1a00000|  0%| F|  |TAMS 0x00000000c1900000, 0x00000000c1900000| Untracked 
|   2|0x00000000c1a00000, 0x00000000c1a00000, 0x00000000c1b00000|  0%| F|  |TAMS 0x00000000c1a00000, 0x00000000c1a00000| Untracked 
|   3|0x00000000c1b00000, 0x00000000c1b00000, 0x00000000c1c00000|  0%| F|  |TAMS 0x00000000c1b00000, 0x00000000c1b00000| Untracked 
|   4|0x00000000c1c00000, 0x00000000c1c00000, 0x00000000c1d00000|  0%| F|  |TAMS 0x00000000c1c00000, 0x00000000c1c00000| Untracked 
|   5|0x00000000c1d00000, 0x00000000c1d00000, 0x00000000c1e00000|  0%| F|  |TAMS 0x00000000c1d00000, 0x00000000c1d00000| Untracked 
|   6|0x00000000c1e00000, 0x00000000c1e00000, 0x00000000c1f00000|  0%| F|  |TAMS 0x00000000c1e00000, 0x00000000c1e00000| Untracked 
|   7|0x00000000c1f00000, 0x00000000c1f00000, 0x00000000c2000000|  0%| F|  |TAMS 0x00000000c1f00000, 0x00000000c1f00000| Untracked 
|   8|0x00000000c2000000, 0x00000000c2000000, 0x00000000c2100000|  0%| F|  |TAMS 0x00000000c2000000, 0x00000000c2000000| Untracked 
|   9|0x00000000c2100000, 0x00000000c2100000, 0x00000000c2200000|  0%| F|  |TAMS 0x00000000c2100000, 0x00000000c2100000| Untracked 
|  10|0x00000000c2200000, 0x00000000c2200000, 0x00000000c2300000|  0%| F|  |TAMS 0x00000000c2200000, 0x00000000c2200000| Untracked 
|  11|0x00000000c2300000, 0x00000000c2300000, 0x00000000c2400000|  0%| F|  |TAMS 0x00000000c2300000, 0x00000000c2300000| Untracked 
|  12|0x00000000c2400000, 0x00000000c2400000, 0x00000000c2500000|  0%| F|  |TAMS 0x00000000c2400000, 0x00000000c2400000| Untracked 
|  13|0x00000000c2500000, 0x00000000c2500000, 0x00000000c2600000|  0%| F|  |TAMS 0x00000000c2500000, 0x00000000c2500000| Untracked 
|  14|0x00000000c2600000, 0x00000000c2600000, 0x00000000c2700000|  0%| F|  |TAMS 0x00000000c2600000, 0x00000000c2600000| Untracked 
|  15|0x00000000c2700000, 0x00000000c2700000, 0x00000000c2800000|  0%| F|  |TAMS 0x00000000c2700000, 0x00000000c2700000| Untracked 
|  16|0x00000000c2800000, 0x00000000c2800000, 0x00000000c2900000|  0%| F|  |TAMS 0x00000000c2800000, 0x00000000c2800000| Untracked 
|  17|0x00000000c2900000, 0x00000000c2900000, 0x00000000c2a00000|  0%| F|  |TAMS 0x00000000c2900000, 0x00000000c2900000| Untracked 
|  18|0x00000000c2a00000, 0x00000000c2a00000, 0x00000000c2b00000|  0%| F|  |TAMS 0x00000000c2a00000, 0x00000000c2a00000| Untracked 
|  19|0x00000000c2b00000, 0x00000000c2b00000, 0x00000000c2c00000|  0%| F|  |TAMS 0x00000000c2b00000, 0x00000000c2b00000| Untracked 
|  20|0x00000000c2c00000, 0x00000000c2c00000, 0x00000000c2d00000|  0%| F|  |TAMS 0x00000000c2c00000, 0x00000000c2c00000| Untracked 
|  21|0x00000000c2d00000, 0x00000000c2d00000, 0x00000000c2e00000|  0%| F|  |TAMS 0x00000000c2d00000, 0x00000000c2d00000| Untracked 
|  22|0x00000000c2e00000, 0x00000000c2e00000, 0x00000000c2f00000|  0%| F|  |TAMS 0x00000000c2e00000, 0x00000000c2e00000| Untracked 
|  23|0x00000000c2f00000, 0x00000000c2f00000, 0x00000000c3000000|  0%| F|  |TAMS 0x00000000c2f00000, 0x00000000c2f00000| Untracked 
|  24|0x00000000c3000000, 0x00000000c3000000, 0x00000000c3100000|  0%| F|  |TAMS 0x00000000c3000000, 0x00000000c3000000| Untracked 
|  25|0x00000000c3100000, 0x00000000c3100000, 0x00000000c3200000|  0%| F|  |TAMS 0x00000000c3100000, 0x00000000c3100000| Untracked 
|  26|0x00000000c3200000, 0x00000000c3200000, 0x00000000c3300000|  0%| F|  |TAMS 0x00000000c3200000, 0x00000000c3200000| Untracked 
|  27|0x00000000c3300000, 0x00000000c3300000, 0x00000000c3400000|  0%| F|  |TAMS 0x00000000c3300000, 0x00000000c3300000| Untracked 
|  28|0x00000000c3400000, 0x00000000c3400000, 0x00000000c3500000|  0%| F|  |TAMS 0x00000000c3400000, 0x00000000c3400000| Untracked 
|  29|0x00000000c3500000, 0x00000000c3500000, 0x00000000c3600000|  0%| F|  |TAMS 0x00000000c3500000, 0x00000000c3500000| Untracked 
|  30|0x00000000c3600000, 0x00000000c3600000, 0x00000000c3700000|  0%| F|  |TAMS 0x00000000c3600000, 0x00000000c3600000| Untracked 
|  31|0x00000000c3700000, 0x00000000c3700000, 0x00000000c3800000|  0%| F|  |TAMS 0x00000000c3700000, 0x00000000c3700000| Untracked 
|  32|0x00000000c3800000, 0x00000000c3800000, 0x00000000c3900000|  0%| F|  |TAMS 0x00000000c3800000, 0x00000000c3800000| Untracked 
|  33|0x00000000c3900000, 0x00000000c3900000, 0x00000000c3a00000|  0%| F|  |TAMS 0x00000000c3900000, 0x00000000c3900000| Untracked 
|  34|0x00000000c3a00000, 0x00000000c3a00000, 0x00000000c3b00000|  0%| F|  |TAMS 0x00000000c3a00000, 0x00000000c3a00000| Untracked 
|  35|0x00000000c3b00000, 0x00000000c3b00000, 0x00000000c3c00000|  0%| F|  |TAMS 0x00000000c3b00000, 0x00000000c3b00000| Untracked 
|  36|0x00000000c3c00000, 0x00000000c3c00000, 0x00000000c3d00000|  0%| F|  |TAMS 0x00000000c3c00000, 0x00000000c3c00000| Untracked 
|  37|0x00000000c3d00000, 0x00000000c3d00000, 0x00000000c3e00000|  0%| F|  |TAMS 0x00000000c3d00000, 0x00000000c3d00000| Untracked 
|  38|0x00000000c3e00000, 0x00000000c3e00000, 0x00000000c3f00000|  0%| F|  |TAMS 0x00000000c3e00000, 0x00000000c3e00000| Untracked 
|  39|0x00000000c3f00000, 0x00000000c3f00000, 0x00000000c4000000|  0%| F|  |TAMS 0x00000000c3f00000, 0x00000000c3f00000| Untracked 
|  40|0x00000000c4000000, 0x00000000c4000000, 0x00000000c4100000|  0%| F|  |TAMS 0x00000000c4000000, 0x00000000c4000000| Untracked 
|  41|0x00000000c4100000, 0x00000000c4100000, 0x00000000c4200000|  0%| F|  |TAMS 0x00000000c4100000, 0x00000000c4100000| Untracked 
|  42|0x00000000c4200000, 0x00000000c4200000, 0x00000000c4300000|  0%| F|  |TAMS 0x00000000c4200000, 0x00000000c4200000| Untracked 
|  43|0x00000000c4300000, 0x00000000c4300000, 0x00000000c4400000|  0%| F|  |TAMS 0x00000000c4300000, 0x00000000c4300000| Untracked 
|  44|0x00000000c4400000, 0x00000000c4400000, 0x00000000c4500000|  0%| F|  |TAMS 0x00000000c4400000, 0x00000000c4400000| Untracked 
|  45|0x00000000c4500000, 0x00000000c4500000, 0x00000000c4600000|  0%| F|  |TAMS 0x00000000c4500000, 0x00000000c4500000| Untracked 
|  46|0x00000000c4600000, 0x00000000c4600000, 0x00000000c4700000|  0%| F|  |TAMS 0x00000000c4600000, 0x00000000c4600000| Untracked 
|  47|0x00000000c4700000, 0x00000000c4700000, 0x00000000c4800000|  0%| F|  |TAMS 0x00000000c4700000, 0x00000000c4700000| Untracked 
|  48|0x00000000c4800000, 0x00000000c4800000, 0x00000000c4900000|  0%| F|  |TAMS 0x00000000c4800000, 0x00000000c4800000| Untracked 
|  49|0x00000000c4900000, 0x00000000c4900000, 0x00000000c4a00000|  0%| F|  |TAMS 0x00000000c4900000, 0x00000000c4900000| Untracked 
|  50|0x00000000c4a00000, 0x00000000c4a00000, 0x00000000c4b00000|  0%| F|  |TAMS 0x00000000c4a00000, 0x00000000c4a00000| Untracked 
|  51|0x00000000c4b00000, 0x00000000c4b00000, 0x00000000c4c00000|  0%| F|  |TAMS 0x00000000c4b00000, 0x00000000c4b00000| Untracked 
|  52|0x00000000c4c00000, 0x00000000c4c00000, 0x00000000c4d00000|  0%| F|  |TAMS 0x00000000c4c00000, 0x00000000c4c00000| Untracked 
|  53|0x00000000c4d00000, 0x00000000c4d00000, 0x00000000c4e00000|  0%| F|  |TAMS 0x00000000c4d00000, 0x00000000c4d00000| Untracked 
|  54|0x00000000c4e00000, 0x00000000c4e00000, 0x00000000c4f00000|  0%| F|  |TAMS 0x00000000c4e00000, 0x00000000c4e00000| Untracked 
|  55|0x00000000c4f00000, 0x00000000c4f00000, 0x00000000c5000000|  0%| F|  |TAMS 0x00000000c4f00000, 0x00000000c4f00000| Untracked 
|  56|0x00000000c5000000, 0x00000000c5000000, 0x00000000c5100000|  0%| F|  |TAMS 0x00000000c5000000, 0x00000000c5000000| Untracked 
|  57|0x00000000c5100000, 0x00000000c5157e50, 0x00000000c5200000| 34%| E|  |TAMS 0x00000000c5100000, 0x00000000c5100000| Complete 
|  58|0x00000000c5200000, 0x00000000c5300000, 0x00000000c5300000|100%| E|CS|TAMS 0x00000000c5200000, 0x00000000c5200000| Complete 
|  59|0x00000000c5300000, 0x00000000c5400000, 0x00000000c5400000|100%| E|CS|TAMS 0x00000000c5300000, 0x00000000c5300000| Complete 
|  60|0x00000000c5400000, 0x00000000c5500000, 0x00000000c5500000|100%| E|CS|TAMS 0x00000000c5400000, 0x00000000c5400000| Complete 
|  61|0x00000000c5500000, 0x00000000c5600000, 0x00000000c5600000|100%| E|CS|TAMS 0x00000000c5500000, 0x00000000c5500000| Complete 
|  62|0x00000000c5600000, 0x00000000c5700000, 0x00000000c5700000|100%| E|CS|TAMS 0x00000000c5600000, 0x00000000c5600000| Complete 
|  63|0x00000000c5700000, 0x00000000c5800000, 0x00000000c5800000|100%| E|CS|TAMS 0x00000000c5700000, 0x00000000c5700000| Complete 

Card table byte_map: [0x000002bef9410000,0x000002bef9610000] _byte_map_base: 0x000002bef8e04000

Marking Bits (Prev, Next): (CMBitMap*) 0x000002bee2ade7c0, (CMBitMap*) 0x000002bee2ade800
 Prev Bits: [0x000002bef9810000, 0x000002befa7b0000)
 Next Bits: [0x000002befa7b0000, 0x000002befb750000)

Polling page: 0x000002bee2280000

Metaspace:

Usage:
  Non-class:      4.26 MB used.
      Class:    489.09 KB used.
       Both:      4.74 MB used.

Virtual space:
  Non-class space:        8.00 MB reserved,       4.31 MB ( 54%) committed,  1 nodes.
      Class space:        1.00 GB reserved,     576.00 KB ( <1%) committed,  1 nodes.
              Both:        1.01 GB reserved,       4.88 MB ( <1%) committed. 

Chunk freelists:
   Non-Class:  2.89 MB
       Class:  3.25 MB
        Both:  6.14 MB

MaxMetaspaceSize: 17179869184.00 GB
CompressedClassSpaceSize: 1.00 GB
 - commit_granule_bytes: 65536.
 - commit_granule_words: 8192.
 - virtual_space_node_default_size: 1048576.
 - enlarge_chunks_in_place: 1.
 - new_chunks_are_fully_committed: 0.
 - uncommit_free_chunks: 1.
 - use_allocation_guard: 0.
 - handle_deallocations: 1.


Internal statistics:

num_allocs_failed_limit: 0.
num_arena_births: 102.
num_arena_deaths: 0.
num_vsnodes_births: 2.
num_vsnodes_deaths: 0.
num_space_committed: 78.
num_space_uncommitted: 0.
num_chunks_returned_to_freelist: 0.
num_chunks_taken_from_freelist: 120.
num_chunk_merges: 0.
num_chunk_splits: 79.
num_chunks_enlarged: 41.
num_purges: 0.

CodeHeap 'non-profiled nmethods': size=120000Kb used=170Kb max_used=170Kb free=119829Kb
 bounds [0x000002bef1ce0000, 0x000002bef1f50000, 0x000002bef9210000]
CodeHeap 'profiled nmethods': size=120000Kb used=1088Kb max_used=1088Kb free=118911Kb
 bounds [0x000002beea7b0000, 0x000002beeaa20000, 0x000002bef1ce0000]
CodeHeap 'non-nmethods': size=5760Kb used=1223Kb max_used=1237Kb free=4536Kb
 bounds [0x000002beea210000, 0x000002beea480000, 0x000002beea7b0000]
 total_blobs=1164 nmethods=637 adapters=440
 compilation: enabled
              stopped_count=0, restarted_count=0
 full_count=0

Compilation events (20 events):
Event: 0.647 Thread 0x000002befdbab750 nmethod 603 0x000002beea8a6790 code [0x000002beea8a69e0, 0x000002beea8a7138]
Event: 0.647 Thread 0x000002befdbab750  604       3       java.lang.StringLatin1::newString (24 bytes)
Event: 0.647 Thread 0x000002befdbab750 nmethod 604 0x000002beea8a7490 code [0x000002beea8a7660, 0x000002beea8a7988]
Event: 0.647 Thread 0x000002befdbab750  600       3       java.lang.invoke.LambdaForm$NamedFunction::member (26 bytes)
Event: 0.647 Thread 0x000002befdbab750 nmethod 600 0x000002beea8a7a90 code [0x000002beea8a7c20, 0x000002beea8a7d38]
Event: 0.647 Thread 0x000002befdbab750  602       3       java.lang.invoke.InvokerBytecodeGenerator::refKindOpcode (112 bytes)
Event: 0.648 Thread 0x000002befdbab750 nmethod 602 0x000002beea8a7e10 code [0x000002beea8a8080, 0x000002beea8a8958]
Event: 0.648 Thread 0x000002befdbab750  608       3       jdk.internal.org.objectweb.asm.MethodWriter::visitTypeInsn (116 bytes)
Event: 0.649 Thread 0x000002befdbab750 nmethod 608 0x000002beea8a8c10 code [0x000002beea8a8e00, 0x000002beea8a9208]
Event: 0.649 Thread 0x000002befdbab750  609       3       jdk.internal.org.objectweb.asm.Type::getTypeInternal (199 bytes)
Event: 0.650 Thread 0x000002befdbab750 nmethod 609 0x000002beea8a9410 code [0x000002beea8a96e0, 0x000002beea8aa5c8]
Event: 0.658 Thread 0x000002befdba8720 nmethod 601 0x000002bef1d08790 code [0x000002bef1d08940, 0x000002bef1d08e88]
Event: 0.680 Thread 0x000002befdbab750  610       3       java.security.AccessController::executePrivileged (65 bytes)
Event: 0.681 Thread 0x000002befdbab750 nmethod 610 0x000002beea8aaa10 code [0x000002beea8aabe0, 0x000002beea8aaef8]
Event: 0.682 Thread 0x000002befdbab750  611       1       java.lang.Boolean::booleanValue (5 bytes)
Event: 0.682 Thread 0x000002befdbab750 nmethod 611 0x000002bef1d09190 code [0x000002bef1d09320, 0x000002bef1d093f8]
Event: 0.683 Thread 0x000002befdbab750  612 % !   3       sun.awt.image.PNGImageDecoder::produceImage @ 960 (1917 bytes)
Event: 0.692 Thread 0x000002befdbab750 nmethod 612% 0x000002beea8ab090 code [0x000002beea8ab860, 0x000002beea8b1fc8]
Event: 0.692 Thread 0x000002befdbab750  617   !   3       sun.awt.image.ImageDecoder::nextConsumer (69 bytes)
Event: 0.693 Thread 0x000002befdba8720  618 % !   4       sun.awt.image.PNGImageDecoder::produceImage @ 960 (1917 bytes)

GC Heap History (0 events):
No events

Deoptimization events (4 events):
Event: 0.625 Thread 0x000002befeb020e0 Uncommon trap: trap_request=0xffffff45 fr.pc=0x000002bef1d06418 relative=0x0000000000000378
Event: 0.625 Thread 0x000002befeb020e0 Uncommon trap: reason=unstable_if action=reinterpret pc=0x000002bef1d06418 method=java.lang.StringLatin1.newString([BII)Ljava/lang/String; @ 1 c2
Event: 0.625 Thread 0x000002befeb020e0 DEOPT PACKING pc=0x000002bef1d06418 sp=0x000000d2154fe510
Event: 0.625 Thread 0x000002befeb020e0 DEOPT UNPACKING pc=0x000002beea25d72e sp=0x000000d2154fe4f0 mode 2

Classes unloaded (0 events):
No events

Classes redefined (0 events):
No events

Internal exceptions (12 events):
Event: 0.106 Thread 0x000002bee2aadc60 Exception <a 'java/lang/NoSuchMethodError'{0x00000000c564d3e0}: 'void java.lang.invoke.DirectMethodHandle$Holder.invokeSpecial(java.lang.Object, java.lang.Object, java.lang.Object)'> (0x00000000c564d3e0) 
thrown [t:\workspace\open\src\hotspot\share\interpreter\linkResolver.cpp, line 790]
Event: 0.121 Thread 0x000002bee2aadc60 Exception <a 'java/lang/ClassNotFoundException'{0x00000000c566a650}: sun/awt/resources/spi/awtProvider> (0x00000000c566a650) 
thrown [t:\workspace\open\src\hotspot\share\classfile\systemDictionary.cpp, line 256]
Event: 0.239 Thread 0x000002bee2aadc60 Exception <a 'java/io/FileNotFoundException'{0x00000000c56c40b0}> (0x00000000c56c40b0) 
thrown [t:\workspace\open\src\hotspot\share\prims\jni.cpp, line 579]
Event: 0.256 Thread 0x000002bee2aadc60 Exception <a 'java/io/FileNotFoundException'{0x00000000c56f2ef0}> (0x00000000c56f2ef0) 
thrown [t:\workspace\open\src\hotspot\share\prims\jni.cpp, line 579]
Event: 0.257 Thread 0x000002bee2aadc60 Exception <a 'java/lang/NoSuchMethodError'{0x00000000c56f40d8}: 'java.lang.Object java.lang.invoke.DirectMethodHandle$Holder.invokeStatic(java.lang.Object)'> (0x00000000c56f40d8) 
thrown [t:\workspace\open\src\hotspot\share\interpreter\linkResolver.cpp, line 790]
Event: 0.317 Thread 0x000002bee2aadc60 Exception <a 'java/lang/NoSuchMethodError'{0x00000000c5549b90}: 'java.lang.Object java.lang.invoke.DirectMethodHandle$Holder.invokeStaticInit(java.lang.Object)'> (0x00000000c5549b90) 
thrown [t:\workspace\open\src\hotspot\share\interpreter\linkResolver.cpp, line 790]
Event: 0.371 Thread 0x000002bee2aadc60 Exception <a 'java/lang/NoSuchMethodError'{0x00000000c55fd788}: 'java.lang.Object java.lang.invoke.DirectMethodHandle$Holder.newInvokeSpecial(java.lang.Object, java.lang.Object, java.lang.Object, java.lang.Object, java.lang.Object)'> (0x00000000c55fd788) 
thrown [t:\workspace\open\src\hotspot\share\interpreter\linkResolver.cpp, line 790]
Event: 0.374 Thread 0x000002bee2aadc60 Exception <a 'java/lang/NoSuchMethodError'{0x00000000c5409720}: 'java.lang.Object java.lang.invoke.DirectMethodHandle$Holder.invokeStatic(java.lang.Object, int, java.lang.Object, java.lang.Object, java.lang.Object, java.lang.Object)'> (0x00000000c5409720) 
thrown [t:\workspace\open\src\hotspot\share\interpreter\linkResolver.cpp, line 790]
Event: 0.383 Thread 0x000002bee2aadc60 Exception <a 'java/lang/NoSuchMethodError'{0x00000000c542f7e8}: 'java.lang.Object java.lang.invoke.DirectMethodHandle$Holder.invokeStatic(java.lang.Object, int, java.lang.Object)'> (0x00000000c542f7e8) 
thrown [t:\workspace\open\src\hotspot\share\interpreter\linkResolver.cpp, line 790]
Event: 0.423 Thread 0x000002bee2aadc60 Exception <a 'java/lang/ClassNotFoundException'{0x00000000c54e7f48}: com/sun/swing/internal/plaf/metal/resources/spi/metalProvider> (0x00000000c54e7f48) 
thrown [t:\workspace\open\src\hotspot\share\classfile\systemDictionary.cpp, line 256]
Event: 0.424 Thread 0x000002bee2aadc60 Exception <a 'java/lang/ClassNotFoundException'{0x00000000c54ec240}: com/sun/swing/internal/plaf/basic/resources/spi/basicProvider> (0x00000000c54ec240) 
thrown [t:\workspace\open\src\hotspot\share\classfile\systemDictionary.cpp, line 256]
Event: 0.647 Thread 0x000002befeb020e0 Exception <a 'java/lang/NoSuchMethodError'{0x00000000c52c22e8}: 'java.lang.Object java.lang.invoke.DirectMethodHandle$Holder.newInvokeSpecial(java.lang.Object, java.lang.Object, java.lang.Object, int, int, int, int, int)'> (0x00000000c52c22e8) 
thrown [t:\workspace\open\src\hotspot\share\interpreter\linkResolver.cpp, line 790]

Events (20 events):
Event: 0.674 loading class java/awt/image/SampleModel
Event: 0.675 loading class java/awt/image/SampleModel done
Event: 0.675 loading class java/awt/image/ComponentSampleModel done
Event: 0.675 loading class java/awt/image/PixelInterleavedSampleModel done
Event: 0.676 loading class sun/awt/image/ByteInterleavedRaster
Event: 0.676 loading class sun/awt/image/ByteComponentRaster
Event: 0.677 loading class sun/awt/image/ByteComponentRaster done
Event: 0.677 loading class sun/awt/image/ByteInterleavedRaster done
Event: 0.678 loading class java/awt/image/BufferedImage
Event: 0.678 loading class java/awt/image/WritableRenderedImage
Event: 0.678 loading class java/awt/image/RenderedImage
Event: 0.678 loading class java/awt/image/RenderedImage done
Event: 0.678 loading class java/awt/image/WritableRenderedImage done
Event: 0.678 loading class java/awt/image/BufferedImage done
Event: 0.678 loading class java/awt/image/BufferedImage$1
Event: 0.678 loading class java/awt/image/BufferedImage$1 done
Event: 0.678 loading class sun/awt/image/IntegerComponentRaster
Event: 0.678 loading class sun/awt/image/IntegerComponentRaster done
Event: 0.678 loading class sun/awt/image/BytePackedRaster
Event: 0.679 loading class sun/awt/image/BytePackedRaster done


Dynamic libraries:
0x00007ff7aa3c0000 - 0x00007ff7aa3d0000 	C:\Program Files\Java\jdk-16\bin\java.exe
0x00007ffac10e0000 - 0x00007ffac12d0000 	C:\WINDOWS\SYSTEM32\ntdll.dll
0x00007ffabf310000 - 0x00007ffabf3c2000 	C:\WINDOWS\System32\KERNEL32.DLL
0x00007ffabe1d0000 - 0x00007ffabe473000 	C:\WINDOWS\System32\KERNELBASE.dll
0x00007ffabe0d0000 - 0x00007ffabe1ca000 	C:\WINDOWS\System32\ucrtbase.dll
0x00007ffaa7900000 - 0x00007ffaa7919000 	C:\Program Files\Java\jdk-16\bin\VCRUNTIME140.dll
0x00007ffa83e50000 - 0x00007ffa83e68000 	C:\Program Files\Java\jdk-16\bin\jli.dll
0x00007ffac0890000 - 0x00007ffac0933000 	C:\WINDOWS\System32\ADVAPI32.dll
0x00007ffabf1c0000 - 0x00007ffabf25e000 	C:\WINDOWS\System32\msvcrt.dll
0x00007ffabfcc0000 - 0x00007ffabfd57000 	C:\WINDOWS\System32\sechost.dll
0x00007ffabf730000 - 0x00007ffabf850000 	C:\WINDOWS\System32\RPCRT4.dll
0x00007ffac0580000 - 0x00007ffac0714000 	C:\WINDOWS\System32\USER32.dll
0x00007ffa9ca80000 - 0x00007ffa9cd05000 	C:\WINDOWS\WinSxS\amd64_microsoft.windows.common-controls_6595b64144ccf1df_6.0.18362.535_none_e6c3b34713100821\COMCTL32.dll
0x00007ffabf160000 - 0x00007ffabf181000 	C:\WINDOWS\System32\win32u.dll
0x00007ffac0860000 - 0x00007ffac0886000 	C:\WINDOWS\System32\GDI32.dll
0x00007ffabf920000 - 0x00007ffabfc56000 	C:\WINDOWS\System32\combase.dll
0x00007ffabecf0000 - 0x00007ffabee84000 	C:\WINDOWS\System32\gdi32full.dll
0x00007ffabef40000 - 0x00007ffabefc0000 	C:\WINDOWS\System32\bcryptPrimitives.dll
0x00007ffabec50000 - 0x00007ffabecee000 	C:\WINDOWS\System32\msvcp_win.dll
0x00007ffab30e0000 - 0x00007ffab30ea000 	C:\WINDOWS\SYSTEM32\VERSION.dll
0x00007ffabffa0000 - 0x00007ffabffce000 	C:\WINDOWS\System32\IMM32.DLL
0x00007ffaa8550000 - 0x00007ffaa855c000 	C:\Program Files\Java\jdk-16\bin\vcruntime140_1.dll
0x00007ffa7a3d0000 - 0x00007ffa7a461000 	C:\Program Files\Java\jdk-16\bin\msvcp140.dll
0x00007ffa5e390000 - 0x00007ffa5ef3b000 	C:\Program Files\Java\jdk-16\bin\server\jvm.dll
0x00007ffabf3d0000 - 0x00007ffabf3d8000 	C:\WINDOWS\System32\PSAPI.DLL
0x00007ffaa7940000 - 0x00007ffaa7949000 	C:\WINDOWS\SYSTEM32\WSOCK32.dll
0x00007ffab7d70000 - 0x00007ffab7d94000 	C:\WINDOWS\SYSTEM32\WINMM.dll
0x00007ffabf640000 - 0x00007ffabf6af000 	C:\WINDOWS\System32\WS2_32.dll
0x00007ffab7d40000 - 0x00007ffab7d6d000 	C:\WINDOWS\SYSTEM32\winmmbase.dll
0x00007ffabf110000 - 0x00007ffabf15a000 	C:\WINDOWS\System32\cfgmgr32.dll
0x00007ffabe010000 - 0x00007ffabe021000 	C:\WINDOWS\System32\kernel.appcore.dll
0x00007ffaa59d0000 - 0x00007ffaa59da000 	C:\Program Files\Java\jdk-16\bin\jimage.dll
0x00007ffab9890000 - 0x00007ffab9a84000 	C:\WINDOWS\SYSTEM32\DBGHELP.DLL
0x00007ffa9ffb0000 - 0x00007ffa9ffda000 	C:\WINDOWS\SYSTEM32\dbgcore.DLL
0x00007ffa94580000 - 0x00007ffa945a5000 	C:\Program Files\Java\jdk-16\bin\java.dll
0x00007ffac0940000 - 0x00007ffac1025000 	C:\WINDOWS\System32\SHELL32.dll
0x00007ffabf590000 - 0x00007ffabf639000 	C:\WINDOWS\System32\shcore.dll
0x00007ffabe480000 - 0x00007ffabebff000 	C:\WINDOWS\System32\windows.storage.dll
0x00007ffabe030000 - 0x00007ffabe04f000 	C:\WINDOWS\System32\profapi.dll
0x00007ffabdfc0000 - 0x00007ffabe00a000 	C:\WINDOWS\System32\powrprof.dll
0x00007ffabdfb0000 - 0x00007ffabdfc0000 	C:\WINDOWS\System32\UMPDC.dll
0x00007ffac0800000 - 0x00007ffac0852000 	C:\WINDOWS\System32\shlwapi.dll
0x00007ffabec30000 - 0x00007ffabec47000 	C:\WINDOWS\System32\cryptsp.dll
0x00007ffa9f810000 - 0x00007ffa9f829000 	C:\Program Files\Java\jdk-16\bin\net.dll
0x00007ffaaee00000 - 0x00007ffaaeef0000 	C:\WINDOWS\SYSTEM32\WINHTTP.dll
0x00007ffabd820000 - 0x00007ffabd887000 	C:\WINDOWS\system32\mswsock.dll
0x00007ffa9e6c0000 - 0x00007ffa9e6d3000 	C:\Program Files\Java\jdk-16\bin\nio.dll
0x00007ffa9e600000 - 0x00007ffa9e618000 	C:\Program Files\Java\jdk-16\bin\zip.dll
0x00007ffa72780000 - 0x00007ffa72900000 	C:\Program Files\Java\jdk-16\bin\awt.dll
0x00007ffabf850000 - 0x00007ffabf914000 	C:\WINDOWS\System32\OLEAUT32.dll
0x00007ffab7e70000 - 0x00007ffab7eff000 	C:\WINDOWS\SYSTEM32\apphelp.dll
0x00007ffab8fe0000 - 0x00007ffab900d000 	C:\WINDOWS\system32\DWMAPI.DLL
0x00007ffab7fb0000 - 0x00007ffab8049000 	C:\WINDOWS\system32\uxtheme.dll
0x00007ffaa5f30000 - 0x00007ffaa6086000 	C:\WINDOWS\system32\opengl32.dll
0x00007ffaa9820000 - 0x00007ffaa984c000 	C:\WINDOWS\SYSTEM32\GLU32.dll
0x00007ffabcc20000 - 0x00007ffabcc40000 	C:\WINDOWS\SYSTEM32\dxcore.dll
0x00007ffac0440000 - 0x00007ffac0575000 	C:\WINDOWS\System32\MSCTF.dll
0x00007ffabfd70000 - 0x00007ffabfec6000 	C:\WINDOWS\System32\ole32.dll

dbghelp: loaded successfully - version: 4.0.5 - missing functions: none
symbol engine: initialized successfully - sym options: 0x614 - pdb path: .;C:\Program Files\Java\jdk-16\bin;C:\WINDOWS\SYSTEM32;C:\WINDOWS\WinSxS\amd64_microsoft.windows.common-controls_6595b64144ccf1df_6.0.18362.535_none_e6c3b34713100821;C:\Program Files\Java\jdk-16\bin\server

VM Arguments:
jvm_args: -Dfile.encoding=UTF-8 
java_command: travel.management.system.forgot
java_class_path (initial): C:\Users\admin\Documents\NetBeansProjects\mysql-connector-java-8.0.25\mysql-connector-java-8.0.25.jar;C:\Users\admin\Documents\NetBeansProjects\travel management system\build\classes
Launcher Type: SUN_STANDARD

[Global flags]
     intx CICompilerCount                          = 3                                         {product} {ergonomic}
     uint ConcGCThreads                            = 1                                         {product} {ergonomic}
     uint G1ConcRefinementThreads                  = 4                                         {product} {ergonomic}
   size_t G1HeapRegionSize                         = 1048576                                   {product} {ergonomic}
    uintx GCDrainStackTargetSize                   = 64                                        {product} {ergonomic}
   size_t InitialHeapSize                          = 67108864                                  {product} {ergonomic}
   size_t MarkStackSize                            = 4194304                                   {product} {ergonomic}
   size_t MaxHeapSize                              = 1048576000                                {product} {ergonomic}
   size_t MaxNewSize                               = 629145600                                 {product} {ergonomic}
   size_t MinHeapDeltaBytes                        = 1048576                                   {product} {ergonomic}
   size_t MinHeapSize                              = 8388608                                   {product} {ergonomic}
    uintx NonNMethodCodeHeapSize                   = 5832780                                {pd product} {ergonomic}
    uintx NonProfiledCodeHeapSize                  = 122912730                              {pd product} {ergonomic}
    uintx ProfiledCodeHeapSize                     = 122912730                              {pd product} {ergonomic}
    uintx ReservedCodeCacheSize                    = 251658240                              {pd product} {ergonomic}
     bool SegmentedCodeCache                       = true                                      {product} {ergonomic}
   size_t SoftMaxHeapSize                          = 1048576000                             {manageable} {ergonomic}
     bool UseCompressedClassPointers               = true                           {product lp64_product} {ergonomic}
     bool UseCompressedOops                        = true                           {product lp64_product} {ergonomic}
     bool UseG1GC                                  = true                                      {product} {ergonomic}
     bool UseLargePagesIndividualAllocation        = false                                  {pd product} {ergonomic}

Logging:
Log output configuration:
 #0: stdout all=warning uptime,level,tags
 #1: stderr all=off uptime,level,tags

Environment Variables:
PATH=C:\Program Files\Common Files\Oracle\Java\javapath;C:\WINDOWS\system32;C:\WINDOWS;C:\WINDOWS\System32\Wbem;C:\WINDOWS\System32\WindowsPowerShell\v1.0\;C:\WINDOWS\System32\OpenSSH\;C:\Program Files\Microsoft SQL Server\120\Tools\Binn\;C:\Program Files (x86)\Java\jdk1.7.0_76\bin;C:\Users\admin\AppData\Local\Programs\Python\Python38-32;C:\Users\admin\AppData\Local\Programs\Python\Python38-32\Scripts;C:\Program Files (x86)\Intel\Intel(R) Management Engine Components\DAL;C:\Program Files\Intel\Intel(R) Management Engine Components\DAL;C:\WINDOWS\system32\config\systemprofile\.dnx\bin;C:\Program Files\Microsoft DNX\Dnvm\;C:\Program Files\Java\jdk-16\bin;C:\Program Files\MySQL\MySQL Server 5.5\bin;C:\Program Files (x86)\Java\jre7\bin;C:\Program Files\JetBrains\PyCharm Community Edition 2020.1.2\bin;;C:\xampp new\php;C:\Users\admin\AppData\Local\Programs\Microsoft VS Code\bin
USERNAME=admin
OS=Windows_NT
PROCESSOR_IDENTIFIER=Intel64 Family 6 Model 142 Stepping 9, GenuineIntel



---------------  S Y S T E M  ---------------

OS:
 Windows 10 , 64 bit Build 18362 (10.0.18362.329)
OS uptime: 3 days 23:24 hours

CPU: total 4 (initial active 4) (2 cores per cpu, 2 threads per core) family 6 model 142 stepping 9 microcode 0xca, cx8, cmov, fxsr, ht, mmx, 3dnowpref, sse, sse2, sse3, ssse3, sse4.1, sse4.2, popcnt, lzcnt, tsc, tscinvbit, avx, avx2, aes, erms, clmul, bmi1, bmi2, adx, fma, vzeroupper, clflush, clflushopt

Memory: 4k page, system-wide physical 3993M (370M free)
TotalPageFile size 16281M (AvailPageFile size 3M)
current process WorkingSet (physical memory assigned to process): 48M, peak: 48M
current process commit charge ("private bytes"): 143M, peak: 143M

vm_info: Java HotSpot(TM) 64-Bit Server VM (16+36-2231) for windows-amd64 JRE (16+36-2231), built on Feb  8 2021 11:43:10 by "mach5one" with MS VC++ 16.7 (VS2019)

END.
