#
# There is insufficient memory for the Java Runtime Environment to continue.
# Native memory allocation (mmap) failed to map 67108864 bytes for G1 virtual space
# Possible reasons:
#   The system is out of physical RAM or swap space
#   The process is running with CompressedOops enabled, and the Java Heap may be blocking the growth of the native heap
# Possible solutions:
#   Reduce memory load on the system
#   Increase physical memory or swap space
#   Check if swap backing store is full
#   Decrease Java heap size (-Xmx/-Xms)
#   Decrease number of Java threads
#   Decrease Java thread stack sizes (-Xss)
#   Set larger code cache with -XX:ReservedCodeCacheSize=
#   JVM is running with Unscaled Compressed Oops mode in which the Java heap is
#     placed in the first 4GB address space. The Java Heap base address is the
#     maximum limit for the native heap growth. Please use -XX:HeapBaseMinAddress
#     to set the Java Heap base and to place the Java Heap above 4GB virtual address.
# This output file may be truncated or incomplete.
#
#  Out of Memory Error (os_windows.cpp:3466), pid=16452, tid=16524
#
# JRE version:  (16.0+36) (build )
# Java VM: Java HotSpot(TM) 64-Bit Server VM (16+36-2231, mixed mode, sharing, tiered, compressed oops, g1 gc, windows-amd64)
# No core dump will be written. Minidumps are not enabled by default on client versions of Windows
#

---------------  S U M M A R Y ------------

Command Line: -Dfile.encoding=UTF-8 travel.management.system.maindashboard

Host: Intel(R) Core(TM) i3-7020U CPU @ 2.30GHz, 4 cores, 3G,  Windows 10 , 64 bit Build 18362 (10.0.18362.329)
Time: Thu Jul 15 18:04:41 2021 India Standard Time elapsed time: 0.165624 seconds (0d 0h 0m 0s)

---------------  T H R E A D  ---------------

Current thread (0x00000198300c07a0):  JavaThread "Unknown thread" [_thread_in_vm, id=16524, stack(0x0000005eb2700000,0x0000005eb2800000)]

Stack: [0x0000005eb2700000,0x0000005eb2800000]
Native frames: (J=compiled Java code, j=interpreted, Vv=VM code, C=native code)
V  [jvm.dll+0x6681da]
V  [jvm.dll+0x7c9d99]
V  [jvm.dll+0x7cb4d3]
V  [jvm.dll+0x7cbb33]
V  [jvm.dll+0x242ee5]
V  [jvm.dll+0x664f99]
V  [jvm.dll+0x659b85]
V  [jvm.dll+0x2fbfcb]
V  [jvm.dll+0x3031c6]
V  [jvm.dll+0x352a0e]
V  [jvm.dll+0x352c3f]
V  [jvm.dll+0x2d3038]
V  [jvm.dll+0x2d4274]
V  [jvm.dll+0x79c691]
V  [jvm.dll+0x3607b1]
V  [jvm.dll+0x77a370]
V  [jvm.dll+0x3e501f]
V  [jvm.dll+0x3e6af1]
C  [jli.dll+0x52fb]
C  [ucrtbase.dll+0x20e72]
C  [KERNEL32.DLL+0x17bd4]
C  [ntdll.dll+0x6ced1]


---------------  P R O C E S S  ---------------

Threads class SMR info:
_java_thread_list=0x00007ffadac5cbb8, length=0, elements={
}

Java Threads: ( => current thread )

Other Threads:
  0x00000198300f03d0 GCTaskThread "GC Thread#0" [stack: 0x0000005eb2800000,0x0000005eb2900000] [id=16528]
  0x00000198300f9f30 ConcurrentGCThread "G1 Main Marker" [stack: 0x0000005eb2900000,0x0000005eb2a00000] [id=16532]
  0x00000198300fa830 ConcurrentGCThread "G1 Conc#0" [stack: 0x0000005eb2a00000,0x0000005eb2b00000] [id=16536]

[error occurred during error reporting (printing all threads), id 0xc0000005, EXCEPTION_ACCESS_VIOLATION (0xc0000005) at pc=0x00007ffada433ef7]

VM state: not at safepoint (not fully initialized)

VM Mutex/Monitor currently owned by a thread:  ([mutex/lock_event])
[0x000001982fee4d90] Heap_lock - owner thread: 0x00000198300c07a0

Heap address: 0x00000000c1800000, size: 1000 MB, Compressed Oops mode: 32-bit
CDS archive(s) mapped at: [0x0000000000000000-0x0000000000000000-0x0000000000000000), size 0, SharedBaseAddress: 0x0000000800000000, ArchiveRelocationMode: 0.
Narrow klass base: 0x0000000000000000, Narrow klass shift: 0, Narrow klass range: 0x0

GC Precious Log:
<Empty>

Heap:
 garbage-first heap   total 0K, used 0K [0x00000000c1800000, 0x0000000100000000)
  region size 1024K, 0 young (0K), 0 survivors (0K)

[error occurred during error reporting (printing heap information), id 0xc0000005, EXCEPTION_ACCESS_VIOLATION (0xc0000005) at pc=0x00007ffada811edd]

GC Heap History (0 events):
No events

Deoptimization events (0 events):
No events

Classes unloaded (0 events):
No events

Classes redefined (0 events):
No events

Internal exceptions (0 events):
No events

Events (1 events):
Event: 0.008 Loaded shared library C:\Program Files\Java\jdk-16\bin\java.dll


Dynamic libraries:
0x00007ff6a0620000 - 0x00007ff6a0630000 	C:\Program Files\Java\jdk-16\bin\java.exe
0x00007ffb29da0000 - 0x00007ffb29f90000 	C:\WINDOWS\SYSTEM32\ntdll.dll
0x00007ffb283a0000 - 0x00007ffb28452000 	C:\WINDOWS\System32\KERNEL32.DLL
0x00007ffb26fb0000 - 0x00007ffb27253000 	C:\WINDOWS\System32\KERNELBASE.dll
0x00007ffb27260000 - 0x00007ffb2735a000 	C:\WINDOWS\System32\ucrtbase.dll
0x00007ffb1fdb0000 - 0x00007ffb1fdc9000 	C:\Program Files\Java\jdk-16\bin\VCRUNTIME140.dll
0x00007ffb1fdd0000 - 0x00007ffb1fde8000 	C:\Program Files\Java\jdk-16\bin\jli.dll
0x00007ffb29000000 - 0x00007ffb290a3000 	C:\WINDOWS\System32\ADVAPI32.dll
0x00007ffb28460000 - 0x00007ffb284fe000 	C:\WINDOWS\System32\msvcrt.dll
0x00007ffb27e50000 - 0x00007ffb27ee7000 	C:\WINDOWS\System32\sechost.dll
0x00007ffb292e0000 - 0x00007ffb29400000 	C:\WINDOWS\System32\RPCRT4.dll
0x00007ffb29140000 - 0x00007ffb292d4000 	C:\WINDOWS\System32\USER32.dll
0x00007ffb26d30000 - 0x00007ffb26d51000 	C:\WINDOWS\System32\win32u.dll
0x00007ffb04970000 - 0x00007ffb04bf5000 	C:\WINDOWS\WinSxS\amd64_microsoft.windows.common-controls_6595b64144ccf1df_6.0.18362.535_none_e6c3b34713100821\COMCTL32.dll
0x00007ffb29aa0000 - 0x00007ffb29ac6000 	C:\WINDOWS\System32\GDI32.dll
0x00007ffb27ef0000 - 0x00007ffb28226000 	C:\WINDOWS\System32\combase.dll
0x00007ffb27b90000 - 0x00007ffb27d24000 	C:\WINDOWS\System32\gdi32full.dll
0x00007ffb26f10000 - 0x00007ffb26fae000 	C:\WINDOWS\System32\msvcp_win.dll
0x00007ffb27d30000 - 0x00007ffb27db0000 	C:\WINDOWS\System32\bcryptPrimitives.dll
0x00007ffb18eb0000 - 0x00007ffb18eba000 	C:\WINDOWS\SYSTEM32\VERSION.dll
0x00007ffb29110000 - 0x00007ffb2913e000 	C:\WINDOWS\System32\IMM32.DLL
0x00007ffb1fd20000 - 0x00007ffb1fd2c000 	C:\Program Files\Java\jdk-16\bin\vcruntime140_1.dll
0x00007ffb14600000 - 0x00007ffb14691000 	C:\Program Files\Java\jdk-16\bin\msvcp140.dll
0x00007ffada150000 - 0x00007ffadacfb000 	C:\Program Files\Java\jdk-16\bin\server\jvm.dll
0x00007ffb28230000 - 0x00007ffb28238000 	C:\WINDOWS\System32\PSAPI.DLL
0x00007ffb21030000 - 0x00007ffb21054000 	C:\WINDOWS\SYSTEM32\WINMM.dll
0x00007ffb21120000 - 0x00007ffb21129000 	C:\WINDOWS\SYSTEM32\WSOCK32.dll
0x00007ffb28f00000 - 0x00007ffb28f6f000 	C:\WINDOWS\System32\WS2_32.dll
0x00007ffb21000000 - 0x00007ffb2102d000 	C:\WINDOWS\SYSTEM32\winmmbase.dll
0x00007ffb27de0000 - 0x00007ffb27e2a000 	C:\WINDOWS\System32\cfgmgr32.dll
0x00007ffb26d10000 - 0x00007ffb26d21000 	C:\WINDOWS\System32\kernel.appcore.dll
0x00007ffb1fd10000 - 0x00007ffb1fd1a000 	C:\Program Files\Java\jdk-16\bin\jimage.dll
0x00007ffb22550000 - 0x00007ffb22744000 	C:\WINDOWS\SYSTEM32\DBGHELP.DLL
0x00007ffb0e040000 - 0x00007ffb0e06a000 	C:\WINDOWS\SYSTEM32\dbgcore.DLL
0x00007ffb199a0000 - 0x00007ffb199c5000 	C:\Program Files\Java\jdk-16\bin\java.dll

dbghelp: loaded successfully - version: 4.0.5 - missing functions: none
symbol engine: initialized successfully - sym options: 0x614 - pdb path: .;C:\Program Files\Java\jdk-16\bin;C:\WINDOWS\SYSTEM32;C:\WINDOWS\WinSxS\amd64_microsoft.windows.common-controls_6595b64144ccf1df_6.0.18362.535_none_e6c3b34713100821;C:\Program Files\Java\jdk-16\bin\server

VM Arguments:
jvm_args: -Dfile.encoding=UTF-8 
java_command: travel.management.system.maindashboard
java_class_path (initial): C:\Users\admin\Documents\NetBeansProjects\mysql-connector-java-8.0.25\mysql-connector-java-8.0.25.jar;C:\javafx-sdk-16\lib\javafx-swt.jar;C:\javafx-sdk-16\lib\javafx.base.jar;C:\javafx-sdk-16\lib\javafx.controls.jar;C:\javafx-sdk-16\lib\javafx.fxml.jar;C:\javafx-sdk-16\lib\javafx.graphics.jar;C:\javafx-sdk-16\lib\javafx.media.jar;C:\javafx-sdk-16\lib\javafx.swing.jar;C:\javafx-sdk-16\lib\javafx.web.jar;C:\Users\admin\Documents\NetBeansProjects\travel management system\build\classes
Launcher Type: SUN_STANDARD

[Global flags]
     intx CICompilerCount                          = 3                                         {product} {ergonomic}
     uint ConcGCThreads                            = 1                                         {product} {ergonomic}
     uint G1ConcRefinementThreads                  = 4                                         {product} {ergonomic}
   size_t G1HeapRegionSize                         = 1048576                                   {product} {ergonomic}
    uintx GCDrainStackTargetSize                   = 64                                        {product} {ergonomic}
   size_t InitialHeapSize                          = 67108864                                  {product} {ergonomic}
   size_t MarkStackSize                            = 4194304                                   {product} {ergonomic}
   size_t MaxHeapSize                              = 1048576000                                {product} {ergonomic}
   size_t MinHeapDeltaBytes                        = 1048576                                   {product} {ergonomic}
   size_t MinHeapSize                              = 8388608                                   {product} {ergonomic}
    uintx NonNMethodCodeHeapSize                   = 5832780                                {pd product} {ergonomic}
    uintx NonProfiledCodeHeapSize                  = 122912730                              {pd product} {ergonomic}
    uintx ProfiledCodeHeapSize                     = 122912730                              {pd product} {ergonomic}
    uintx ReservedCodeCacheSize                    = 251658240                              {pd product} {ergonomic}
     bool SegmentedCodeCache                       = true                                      {product} {ergonomic}
   size_t SoftMaxHeapSize                          = 1048576000                             {manageable} {ergonomic}
     bool UseCompressedClassPointers               = true                           {product lp64_product} {ergonomic}
     bool UseCompressedOops                        = true                           {product lp64_product} {ergonomic}
     bool UseG1GC                                  = true                                      {product} {ergonomic}
     bool UseLargePagesIndividualAllocation        = false                                  {pd product} {ergonomic}

Logging:
Log output configuration:
 #0: stdout all=warning uptime,level,tags
 #1: stderr all=off uptime,level,tags

Environment Variables:
PATH=C:\Program Files\Common Files\Oracle\Java\javapath;C:\WINDOWS\system32;C:\WINDOWS;C:\WINDOWS\System32\Wbem;C:\WINDOWS\System32\WindowsPowerShell\v1.0\;C:\WINDOWS\System32\OpenSSH\;C:\Program Files\Microsoft SQL Server\120\Tools\Binn\;C:\Program Files (x86)\Java\jdk1.7.0_76\bin;C:\Users\admin\AppData\Local\Programs\Python\Python38-32;C:\Users\admin\AppData\Local\Programs\Python\Python38-32\Scripts;C:\Program Files (x86)\Intel\Intel(R) Management Engine Components\DAL;C:\Program Files\Intel\Intel(R) Management Engine Components\DAL;C:\WINDOWS\system32\config\systemprofile\.dnx\bin;C:\Program Files\Microsoft DNX\Dnvm\;C:\Program Files\Java\jdk-16\bin;C:\Program Files\MySQL\MySQL Server 5.5\bin;C:\Program Files\Git\cmd;C:\Program Files (x86)\Java\jre7\bin;C:\Program Files\JetBrains\PyCharm Community Edition 2020.1.2\bin;;C:\xampp new\php;C:\Users\admin\AppData\Local\Programs\Microsoft VS Code\bin;C:\src\flutter\bin;
USERNAME=admin
OS=Windows_NT
PROCESSOR_IDENTIFIER=Intel64 Family 6 Model 142 Stepping 9, GenuineIntel



---------------  S Y S T E M  ---------------

OS:
 Windows 10 , 64 bit Build 18362 (10.0.18362.329)
OS uptime: 0 days 4:04 hours

CPU: total 4 (initial active 4) (2 cores per cpu, 2 threads per core) family 6 model 142 stepping 9 microcode 0xca, cx8, cmov, fxsr, ht, mmx, 3dnowpref, sse, sse2, sse3, ssse3, sse4.1, sse4.2, popcnt, lzcnt, tsc, tscinvbit, avx, avx2, aes, erms, clmul, bmi1, bmi2, adx, fma, vzeroupper, clflush, clflushopt

Memory: 4k page, system-wide physical 3993M (320M free)
TotalPageFile size 16281M (AvailPageFile size 67M)
current process WorkingSet (physical memory assigned to process): 9M, peak: 9M
current process commit charge ("private bytes"): 51M, peak: 115M

vm_info: Java HotSpot(TM) 64-Bit Server VM (16+36-2231) for windows-amd64 JRE (16+36-2231), built on Feb  8 2021 11:43:10 by "mach5one" with MS VC++ 16.7 (VS2019)

END.
