#
# There is insufficient memory for the Java Runtime Environment to continue.
# Native memory allocation (malloc) failed to allocate 91536 bytes for Chunk::new
# Possible reasons:
#   The system is out of physical RAM or swap space
#   The process is running with CompressedOops enabled, and the Java Heap may be blocking the growth of the native heap
# Possible solutions:
#   Reduce memory load on the system
#   Increase physical memory or swap space
#   Check if swap backing store is full
#   Decrease Java heap size (-Xmx/-Xms)
#   Decrease number of Java threads
#   Decrease Java thread stack sizes (-Xss)
#   Set larger code cache with -XX:ReservedCodeCacheSize=
#   JVM is running with Unscaled Compressed Oops mode in which the Java heap is
#     placed in the first 4GB address space. The Java Heap base address is the
#     maximum limit for the native heap growth. Please use -XX:HeapBaseMinAddress
#     to set the Java Heap base and to place the Java Heap above 4GB virtual address.
# This output file may be truncated or incomplete.
#
#  Out of Memory Error (arena.cpp:195), pid=10516, tid=16084
#
# JRE version: Java(TM) SE Runtime Environment (16.0+36) (build 16+36-2231)
# Java VM: Java HotSpot(TM) 64-Bit Server VM (16+36-2231, mixed mode, sharing, tiered, compressed oops, g1 gc, windows-amd64)
# No core dump will be written. Minidumps are not enabled by default on client versions of Windows
#

---------------  S U M M A R Y ------------

Command Line: -Dapplication.home=C:\Program Files\Java\jdk-16 --add-modules=ALL-DEFAULT -Xms8m -Djdk.module.main=jdk.compiler jdk.compiler/com.sun.tools.javac.Main -d C:\Users\admin\Documents\NetBeansProjects\travel management system\build\classes -classpath C:\Users\admin\Documents\NetBeansProjects\travel management system\build\classes;C:\Users\admin\Documents\NetBeansProjects\mysql-connector-java-8.0.25\mysql-connector-java-8.0.25.jar -sourcepath C:\Users\admin\Documents\NetBeansProjects\travel management system\build\empty -target 16 -encoding UTF-8 -g -processorpath C:\Users\admin\Documents\NetBeansProjects\mysql-connector-java-8.0.25\mysql-connector-java-8.0.25.jar;C:\Users\admin\Documents\NetBeansProjects\travel management system\build\empty -s C:\Users\admin\Documents\NetBeansProjects\travel management system\build\generated-sources\ap-source-output -source 16 C:\Users\admin\Documents\NetBeansProjects\travel management system\src\travel\management\system\splash.java

Host: Intel(R) Core(TM) i3-7020U CPU @ 2.30GHz, 4 cores, 3G,  Windows 10 , 64 bit Build 18362 (10.0.18362.329)
Time: Thu Jun 17 20:42:29 2021 India Standard Time elapsed time: 0.568998 seconds (0d 0h 0m 0s)

---------------  T H R E A D  ---------------

Current thread (0x00000261ef1a2020):  JavaThread "C2 CompilerThread0" daemon [_thread_in_native, id=16084, stack(0x000000cb13a00000,0x000000cb13b00000)]


Current CompileTask:
C2:    569  601       4       jdk.internal.jimage.ImageLocation::decompress (153 bytes)

Stack: [0x000000cb13a00000,0x000000cb13b00000]
Native frames: (J=compiled Java code, j=interpreted, Vv=VM code, C=native code)
V  [jvm.dll+0x6681da]
V  [jvm.dll+0x7c9d99]
V  [jvm.dll+0x7cb4d3]
V  [jvm.dll+0x7cbb33]
V  [jvm.dll+0x242ee5]
V  [jvm.dll+0xadeca]
V  [jvm.dll+0xae5ac]
V  [jvm.dll+0x2a4d0f]
V  [jvm.dll+0x573d69]
V  [jvm.dll+0x21eb45]
V  [jvm.dll+0x217e41]
V  [jvm.dll+0x21523c]
V  [jvm.dll+0x1a1d8b]
V  [jvm.dll+0x225398]
V  [jvm.dll+0x2233dc]
V  [jvm.dll+0x77f9e2]
V  [jvm.dll+0x77952a]
V  [jvm.dll+0x667076]
C  [ucrtbase.dll+0x20e72]
C  [KERNEL32.DLL+0x17bd4]
C  [ntdll.dll+0x6ced1]


---------------  P R O C E S S  ---------------

Threads class SMR info:
_java_thread_list=0x00000261efc36d00, length=12, elements={
0x00000261d40e0b20, 0x00000261d41a5e60, 0x00000261d41a81e0, 0x00000261ef198a30,
0x00000261ef19b350, 0x00000261ef19c400, 0x00000261ef19d4b0, 0x00000261ef1a2020,
0x00000261ef1a7130, 0x00000261ef1afeb0, 0x00000261ef2a0240, 0x00000261efc57d50
}

Java Threads: ( => current thread )
  0x00000261d40e0b20 JavaThread "main" [_thread_in_vm, id=6888, stack(0x000000cb12d00000,0x000000cb12e00000)]
  0x00000261d41a5e60 JavaThread "Reference Handler" daemon [_thread_blocked, id=1516, stack(0x000000cb13400000,0x000000cb13500000)]
  0x00000261d41a81e0 JavaThread "Finalizer" daemon [_thread_blocked, id=13648, stack(0x000000cb13500000,0x000000cb13600000)]
  0x00000261ef198a30 JavaThread "Signal Dispatcher" daemon [_thread_blocked, id=15108, stack(0x000000cb13600000,0x000000cb13700000)]
  0x00000261ef19b350 JavaThread "Attach Listener" daemon [_thread_blocked, id=3844, stack(0x000000cb13700000,0x000000cb13800000)]
  0x00000261ef19c400 JavaThread "Service Thread" daemon [_thread_blocked, id=12056, stack(0x000000cb13800000,0x000000cb13900000)]
  0x00000261ef19d4b0 JavaThread "Monitor Deflation Thread" daemon [_thread_blocked, id=6760, stack(0x000000cb13900000,0x000000cb13a00000)]
=>0x00000261ef1a2020 JavaThread "C2 CompilerThread0" daemon [_thread_in_native, id=16084, stack(0x000000cb13a00000,0x000000cb13b00000)]
  0x00000261ef1a7130 JavaThread "C1 CompilerThread0" daemon [_thread_blocked, id=18360, stack(0x000000cb13b00000,0x000000cb13c00000)]
  0x00000261ef1afeb0 JavaThread "Sweeper thread" daemon [_thread_blocked, id=5208, stack(0x000000cb13c00000,0x000000cb13d00000)]
  0x00000261ef2a0240 JavaThread "Common-Cleaner" daemon [_thread_blocked, id=10696, stack(0x000000cb13d00000,0x000000cb13e00000)]
  0x00000261efc57d50 JavaThread "Notification Thread" daemon [_thread_blocked, id=17768, stack(0x000000cb13e00000,0x000000cb13f00000)]

Other Threads:
  0x00000261d41a0350 VMThread "VM Thread" [stack: 0x000000cb13300000,0x000000cb13400000] [id=18320]
  0x00000261efc6da90 WatcherThread [stack: 0x000000cb13f00000,0x000000cb14000000] [id=18080]
  0x00000261d410dec0 GCTaskThread "GC Thread#0" [stack: 0x000000cb12e00000,0x000000cb12f00000] [id=12392]
  0x00000261eff03200 GCTaskThread "GC Thread#1" [stack: 0x000000cb14000000,0x000000cb14100000] [id=14992]
  0x00000261eff0dd30 GCTaskThread "GC Thread#2" [stack: 0x000000cb14100000,0x000000cb14200000] [id=17752]
  0x00000261efdcba90 GCTaskThread "GC Thread#3" [stack: 0x000000cb14200000,0x000000cb14300000] [id=11492]
  0x00000261d4117b20 ConcurrentGCThread "G1 Main Marker" [stack: 0x000000cb12f00000,0x000000cb13000000] [id=17720]
  0x00000261d4119bd0 ConcurrentGCThread "G1 Conc#0" [stack: 0x000000cb13000000,0x000000cb13100000] [id=13940]
  0x00000261d4132080 ConcurrentGCThread "G1 Refine#0" [stack: 0x000000cb13100000,0x000000cb13200000] [id=18408]
  0x00000261d4132990 ConcurrentGCThread "G1 Service" [stack: 0x000000cb13200000,0x000000cb13300000] [id=15268]

Threads with active compile tasks:
C2 CompilerThread0      601  601       4       jdk.internal.jimage.ImageLocation::decompress (153 bytes)

VM state: not at safepoint (normal execution)

VM Mutex/Monitor currently owned by a thread:  ([mutex/lock_event])
[0x00000261d40dc320] MetaspaceExpand_lock - owner thread: 0x00000261d40e0b20

Heap address: 0x00000000c1800000, size: 1000 MB, Compressed Oops mode: 32-bit
CDS archive(s) mapped at: [0x0000000800000000-0x0000000800bb0000-0x0000000800bb0000), size 12255232, SharedBaseAddress: 0x0000000800000000, ArchiveRelocationMode: 0.
Compressed class space mapped at: 0x0000000800c00000-0x0000000840c00000, reserved size: 1073741824
Narrow klass base: 0x0000000800000000, Narrow klass shift: 3, Narrow klass range: 0x100000000

GC Precious Log:
 CPUs: 4 total, 4 available
 Memory: 3993M
 Large Page Support: Disabled
 NUMA Support: Disabled
 Compressed Oops: Enabled (32-bit)
 Heap Region Size: 1M
 Heap Min Capacity: 8M
 Heap Initial Capacity: 8M
 Heap Max Capacity: 1000M
 Pre-touch: Disabled
 Parallel Workers: 4
 Concurrent Workers: 1
 Concurrent Refinement Workers: 4
 Periodic GC: Disabled

Heap:
 garbage-first heap   total 8192K, used 1947K [0x00000000c1800000, 0x0000000100000000)
  region size 1024K, 2 young (2048K), 1 survivors (1024K)
 Metaspace       used 6976K, committed 7104K, reserved 1064960K
  class space    used 820K, committed 896K, reserved 1048576K

Heap Regions: E=young(eden), S=young(survivor), O=old, HS=humongous(starts), HC=humongous(continues), CS=collection set, F=free, OA=open archive, CA=closed archive, TAMS=top-at-mark-start (previous, next)
|   0|0x00000000c1800000, 0x00000000c1900000, 0x00000000c1900000|100%| O|  |TAMS 0x00000000c1800000, 0x00000000c1800000| Untracked 
|   1|0x00000000c1900000, 0x00000000c1911600, 0x00000000c1a00000|  6%| O|  |TAMS 0x00000000c1900000, 0x00000000c1900000| Untracked 
|   2|0x00000000c1a00000, 0x00000000c1a00000, 0x00000000c1b00000|  0%| F|  |TAMS 0x00000000c1a00000, 0x00000000c1a00000| Untracked 
|   3|0x00000000c1b00000, 0x00000000c1b00000, 0x00000000c1c00000|  0%| F|  |TAMS 0x00000000c1b00000, 0x00000000c1b00000| Untracked 
|   4|0x00000000c1c00000, 0x00000000c1c00000, 0x00000000c1d00000|  0%| F|  |TAMS 0x00000000c1c00000, 0x00000000c1c00000| Untracked 
|   5|0x00000000c1d00000, 0x00000000c1dd58b0, 0x00000000c1e00000| 83%| S|CS|TAMS 0x00000000c1d00000, 0x00000000c1d00000| Complete 
|   6|0x00000000c1e00000, 0x00000000c1e00000, 0x00000000c1f00000|  0%| F|  |TAMS 0x00000000c1e00000, 0x00000000c1e00000| Untracked 
|   7|0x00000000c1f00000, 0x00000000c1ffba18, 0x00000000c2000000| 98%| E|  |TAMS 0x00000000c1f00000, 0x00000000c1f00000| Complete 

Card table byte_map: [0x00000261eaa40000,0x00000261eac40000] _byte_map_base: 0x00000261ea434000

Marking Bits (Prev, Next): (CMBitMap*) 0x00000261d410f3d0, (CMBitMap*) 0x00000261d410f410
 Prev Bits: [0x00000261eae40000, 0x00000261ebde0000)
 Next Bits: [0x00000261ebde0000, 0x00000261ecd80000)

Polling page: 0x00000261d1f40000

Metaspace:

Usage:
  Non-class:      6.01 MB used.
      Class:    820.21 KB used.
       Both:      6.81 MB used.

Virtual space:
  Non-class space:       16.00 MB reserved,       6.06 MB ( 38%) committed,  2 nodes.
      Class space:        1.00 GB reserved,     896.00 KB ( <1%) committed,  1 nodes.
              Both:        1.02 GB reserved,       6.94 MB ( <1%) committed. 

Chunk freelists:
   Non-Class:  3.20 MB
       Class:  3.02 MB
        Both:  6.22 MB

MaxMetaspaceSize: 17179869184.00 GB
CompressedClassSpaceSize: 1.00 GB
 - commit_granule_bytes: 65536.
 - commit_granule_words: 8192.
 - virtual_space_node_default_size: 1048576.
 - enlarge_chunks_in_place: 1.
 - new_chunks_are_fully_committed: 0.
 - uncommit_free_chunks: 1.
 - use_allocation_guard: 0.
 - handle_deallocations: 1.


Internal statistics:

num_allocs_failed_limit: 0.
num_arena_births: 52.
num_arena_deaths: 0.
num_vsnodes_births: 3.
num_vsnodes_deaths: 0.
num_space_committed: 111.
num_space_uncommitted: 0.
num_chunks_returned_to_freelist: 0.
num_chunks_taken_from_freelist: 295.
num_chunk_merges: 0.
num_chunk_splits: 206.
num_chunks_enlarged: 158.
num_purges: 0.

CodeHeap 'non-profiled nmethods': size=120000Kb used=188Kb max_used=188Kb free=119811Kb
 bounds [0x00000261e3310000, 0x00000261e3580000, 0x00000261ea840000]
CodeHeap 'profiled nmethods': size=120000Kb used=913Kb max_used=913Kb free=119086Kb
 bounds [0x00000261dbde0000, 0x00000261dc050000, 0x00000261e3310000]
CodeHeap 'non-nmethods': size=5760Kb used=1138Kb max_used=1152Kb free=4621Kb
 bounds [0x00000261db840000, 0x00000261dbab0000, 0x00000261dbde0000]
 total_blobs=1025 nmethods=607 adapters=331
 compilation: enabled
              stopped_count=0, restarted_count=0
 full_count=0

Compilation events (20 events):
Event: 0.544 Thread 0x00000261ef1a7130 nmethod 591 0x00000261dbebe190 code [0x00000261dbebe340, 0x00000261dbebe668]
Event: 0.544 Thread 0x00000261ef1a7130  592       1       java.util.ArrayList::size (5 bytes)
Event: 0.544 Thread 0x00000261ef1a7130 nmethod 592 0x00000261e333e810 code [0x00000261e333e9a0, 0x00000261e333ea78]
Event: 0.544 Thread 0x00000261ef1a7130  593       1       java.lang.invoke.InfoFromMemberName::getReferenceKind (5 bytes)
Event: 0.544 Thread 0x00000261ef1a7130 nmethod 593 0x00000261e333eb10 code [0x00000261e333eca0, 0x00000261e333ed78]
Event: 0.545 Thread 0x00000261ef1a7130  594       3       java.lang.invoke.MemberName::flagsMods (73 bytes)
Event: 0.546 Thread 0x00000261ef1a7130 nmethod 594 0x00000261dbebe790 code [0x00000261dbebe920, 0x00000261dbebea58]
Event: 0.546 Thread 0x00000261ef1a7130  595       3       java.lang.invoke.MemberName::init (67 bytes)
Event: 0.546 Thread 0x00000261ef1a7130 nmethod 595 0x00000261dbebeb10 code [0x00000261dbebecc0, 0x00000261dbebeef8]
Event: 0.557 Thread 0x00000261ef1a7130  596       3       com.sun.tools.javac.util.Names::fromString (9 bytes)
Event: 0.557 Thread 0x00000261ef1a7130 nmethod 596 0x00000261dbebef90 code [0x00000261dbebf140, 0x00000261dbebf308]
Event: 0.557 Thread 0x00000261ef1a7130  597       3       com.sun.tools.javac.util.Name$Table::fromString (14 bytes)
Event: 0.557 Thread 0x00000261ef1a7130 nmethod 597 0x00000261dbebf410 code [0x00000261dbebf600, 0x00000261dbebf9c8]
Event: 0.557 Thread 0x00000261ef1a7130  598       1       com.sun.tools.javac.util.SharedNameTable$NameImpl::getIndex (5 bytes)
Event: 0.557 Thread 0x00000261ef1a7130 nmethod 598 0x00000261e333ee10 code [0x00000261e333efa0, 0x00000261e333f078]
Event: 0.557 Thread 0x00000261ef1a7130  599       3       java.lang.String::toCharArray (25 bytes)
Event: 0.557 Thread 0x00000261ef1a7130 nmethod 599 0x00000261dbebfb90 code [0x00000261dbebfd60, 0x00000261dbebfff8]
Event: 0.557 Thread 0x00000261ef1a7130  600       3       java.lang.StringLatin1::toChars (16 bytes)
Event: 0.558 Thread 0x00000261ef1a7130 nmethod 600 0x00000261dbec0110 code [0x00000261dbec02c0, 0x00000261dbec04a8]
Event: 0.563 Thread 0x00000261ef1a2020  601       4       jdk.internal.jimage.ImageLocation::decompress (153 bytes)

GC Heap History (6 events):
Event: 0.322 GC heap before
{Heap before GC invocations=0 (full 0):
 garbage-first heap   total 8192K, used 3072K [0x00000000c1800000, 0x0000000100000000)
  region size 1024K, 3 young (3072K), 0 survivors (0K)
 Metaspace       used 2478K, committed 2688K, reserved 1056768K
  class space    used 270K, committed 384K, reserved 1048576K
}
Event: 0.327 GC heap after
{Heap after GC invocations=1 (full 0):
 garbage-first heap   total 8192K, used 1101K [0x00000000c1800000, 0x0000000100000000)
  region size 1024K, 1 young (1024K), 1 survivors (1024K)
 Metaspace       used 2478K, committed 2688K, reserved 1056768K
  class space    used 270K, committed 384K, reserved 1048576K
}
Event: 0.406 GC heap before
{Heap before GC invocations=1 (full 0):
 garbage-first heap   total 8192K, used 2125K [0x00000000c1800000, 0x0000000100000000)
  region size 1024K, 2 young (2048K), 1 survivors (1024K)
 Metaspace       used 3894K, committed 4096K, reserved 1056768K
  class space    used 484K, committed 576K, reserved 1048576K
}
Event: 0.409 GC heap after
{Heap after GC invocations=2 (full 0):
 garbage-first heap   total 8192K, used 1627K [0x00000000c1800000, 0x0000000100000000)
  region size 1024K, 1 young (1024K), 1 survivors (1024K)
 Metaspace       used 3894K, committed 4096K, reserved 1056768K
  class space    used 484K, committed 576K, reserved 1048576K
}
Event: 0.511 GC heap before
{Heap before GC invocations=2 (full 0):
 garbage-first heap   total 8192K, used 2651K [0x00000000c1800000, 0x0000000100000000)
  region size 1024K, 2 young (2048K), 1 survivors (1024K)
 Metaspace       used 5952K, committed 6080K, reserved 1064960K
  class space    used 686K, committed 768K, reserved 1048576K
}
Event: 0.513 GC heap after
{Heap after GC invocations=3 (full 0):
 garbage-first heap   total 8192K, used 1947K [0x00000000c1800000, 0x0000000100000000)
  region size 1024K, 1 young (1024K), 1 survivors (1024K)
 Metaspace       used 5952K, committed 6080K, reserved 1064960K
  class space    used 686K, committed 768K, reserved 1048576K
}

Deoptimization events (16 events):
Event: 0.238 Thread 0x00000261d40e0b20 Uncommon trap: trap_request=0xffffffde fr.pc=0x00000261e331c7ec relative=0x000000000000046c
Event: 0.239 Thread 0x00000261d40e0b20 Uncommon trap: reason=class_check action=maybe_recompile pc=0x00000261e331c7ec method=java.util.HashMap.putVal(ILjava/lang/Object;Ljava/lang/Object;ZZ)Ljava/lang/Object; @ 253 c2
Event: 0.239 Thread 0x00000261d40e0b20 DEOPT PACKING pc=0x00000261e331c7ec sp=0x000000cb12dff0b0
Event: 0.239 Thread 0x00000261d40e0b20 DEOPT UNPACKING pc=0x00000261db88d72e sp=0x000000cb12dff060 mode 2
Event: 0.239 Thread 0x00000261d40e0b20 Uncommon trap: trap_request=0xffffff45 fr.pc=0x00000261e331cc80 relative=0x0000000000000900
Event: 0.239 Thread 0x00000261d40e0b20 Uncommon trap: reason=unstable_if action=reinterpret pc=0x00000261e331cc80 method=java.util.HashMap.putVal(ILjava/lang/Object;Ljava/lang/Object;ZZ)Ljava/lang/Object; @ 181 c2
Event: 0.239 Thread 0x00000261d40e0b20 DEOPT PACKING pc=0x00000261e331cc80 sp=0x000000cb12dff0b0
Event: 0.239 Thread 0x00000261d40e0b20 DEOPT UNPACKING pc=0x00000261db88d72e sp=0x000000cb12dff060 mode 2
Event: 0.292 Thread 0x00000261d40e0b20 Uncommon trap: trap_request=0xffffff45 fr.pc=0x00000261e331f104 relative=0x0000000000000064
Event: 0.292 Thread 0x00000261d40e0b20 Uncommon trap: reason=unstable_if action=reinterpret pc=0x00000261e331f104 method=java.nio.Buffer.hasRemaining()Z @ 8 c2
Event: 0.292 Thread 0x00000261d40e0b20 DEOPT PACKING pc=0x00000261e331f104 sp=0x000000cb12dfe740
Event: 0.292 Thread 0x00000261d40e0b20 DEOPT UNPACKING pc=0x00000261db88d72e sp=0x000000cb12dfe6d8 mode 2
Event: 0.311 Thread 0x00000261d40e0b20 DEOPT PACKING pc=0x00000261dbe0b5e7 sp=0x000000cb12dfdad0
Event: 0.312 Thread 0x00000261d40e0b20 DEOPT UNPACKING pc=0x00000261db88dece sp=0x000000cb12dfcef0 mode 0
Event: 0.345 Thread 0x00000261d40e0b20 DEOPT PACKING pc=0x00000261dbe09251 sp=0x000000cb12dfaf00
Event: 0.345 Thread 0x00000261d40e0b20 DEOPT UNPACKING pc=0x00000261db88dece sp=0x000000cb12dfa378 mode 0

Classes unloaded (0 events):
No events

Classes redefined (0 events):
No events

Internal exceptions (17 events):
Event: 0.164 Thread 0x00000261d40e0b20 Exception <a 'java/lang/NoSuchMethodError'{0x00000000c1e91e48}: 'java.lang.Object java.lang.invoke.DirectMethodHandle$Holder.invokeStatic(java.lang.Object)'> (0x00000000c1e91e48) 
thrown [t:\workspace\open\src\hotspot\share\interpreter\linkResolver.cpp, line 790]
Event: 0.218 Thread 0x00000261d40e0b20 Exception <a 'java/lang/NoSuchMethodError'{0x00000000c1effbf0}: 'void java.lang.invoke.DirectMethodHandle$Holder.invokeSpecial(java.lang.Object, java.lang.Object, java.lang.Object)'> (0x00000000c1effbf0) 
thrown [t:\workspace\open\src\hotspot\share\interpreter\linkResolver.cpp, line 790]
Event: 0.276 Thread 0x00000261d40e0b20 Exception <a 'java/lang/NoSuchMethodError'{0x00000000c1d69fd8}: 'java.lang.Object java.lang.invoke.DirectMethodHandle$Holder.invokeVirtual(java.lang.Object, java.lang.Object, java.lang.Object)'> (0x00000000c1d69fd8) 
thrown [t:\workspace\open\src\hotspot\share\interpreter\linkResolver.cpp, line 790]
Event: 0.279 Thread 0x00000261d40e0b20 Exception <a 'java/lang/NoSuchMethodError'{0x00000000c1d75878}: 'int java.lang.invoke.DirectMethodHandle$Holder.invokeInterface(java.lang.Object, java.lang.Object)'> (0x00000000c1d75878) 
thrown [t:\workspace\open\src\hotspot\share\interpreter\linkResolver.cpp, line 790]
Event: 0.307 Thread 0x00000261d40e0b20 Exception <a 'sun/nio/fs/WindowsException'{0x00000000c1dc5418}> (0x00000000c1dc5418) 
thrown [t:\workspace\open\src\hotspot\share\prims\jni.cpp, line 579]
Event: 0.307 Thread 0x00000261d40e0b20 Exception <a 'sun/nio/fs/WindowsException'{0x00000000c1dc5c48}> (0x00000000c1dc5c48) 
thrown [t:\workspace\open\src\hotspot\share\prims\jni.cpp, line 579]
Event: 0.308 Thread 0x00000261d40e0b20 Exception <a 'sun/nio/fs/WindowsException'{0x00000000c1dc6928}> (0x00000000c1dc6928) 
thrown [t:\workspace\open\src\hotspot\share\prims\jni.cpp, line 579]
Event: 0.308 Thread 0x00000261d40e0b20 Exception <a 'sun/nio/fs/WindowsException'{0x00000000c1dc6c78}> (0x00000000c1dc6c78) 
thrown [t:\workspace\open\src\hotspot\share\prims\jni.cpp, line 579]
Event: 0.310 Thread 0x00000261d40e0b20 Exception <a 'java/lang/NoSuchMethodError'{0x00000000c1dcc0a0}: 'int java.lang.invoke.DirectMethodHandle$Holder.invokeVirtual(java.lang.Object, java.lang.Object, java.lang.Object)'> (0x00000000c1dcc0a0) 
thrown [t:\workspace\open\src\hotspot\share\interpreter\linkResolver.cpp, line 790]
Event: 0.311 Thread 0x00000261d40e0b20 Exception <a 'java/lang/NoSuchMethodError'{0x00000000c1dd2970}: 'void java.lang.invoke.DirectMethodHandle$Holder.invokeInterface(java.lang.Object, java.lang.Object, java.lang.Object)'> (0x00000000c1dd2970) 
thrown [t:\workspace\open\src\hotspot\share\interpreter\linkResolver.cpp, line 790]
Event: 0.427 Thread 0x00000261d40e0b20 Exception <a 'java/lang/NoSuchMethodError'{0x00000000c1f21ca8}: 'int java.lang.invoke.DirectMethodHandle$Holder.invokeStaticInit(java.lang.Object, java.lang.Object)'> (0x00000000c1f21ca8) 
thrown [t:\workspace\open\src\hotspot\share\interpreter\linkResolver.cpp, line 790]
Event: 0.508 Thread 0x00000261d40e0b20 Exception <a 'java/lang/NoSuchMethodError'{0x00000000c1febd90}: 'int java.lang.invoke.DirectMethodHandle$Holder.invokeVirtual(java.lang.Object, java.lang.Object)'> (0x00000000c1febd90) 
thrown [t:\workspace\open\src\hotspot\share\interpreter\linkResolver.cpp, line 790]
Event: 0.516 Thread 0x00000261d40e0b20 Exception <a 'java/lang/NoSuchMethodError'{0x00000000c1f14d50}: 'java.lang.Object java.lang.invoke.DirectMethodHandle$Holder.newInvokeSpecial(java.lang.Object, java.lang.Object, java.lang.Object, java.lang.Object, java.lang.Object)'> (0x00000000c1f14d50) 
thrown [t:\workspace\open\src\hotspot\share\interpreter\linkResolver.cpp, line 790]
Event: 0.519 Thread 0x00000261d40e0b20 Exception <a 'java/lang/NoSuchMethodError'{0x00000000c1f25160}: 'java.lang.Object java.lang.invoke.DirectMethodHandle$Holder.newInvokeSpecial(java.lang.Object, java.lang.Object, java.lang.Object, java.lang.Object, java.lang.Object, java.lang.Object)'> (0x00000000c1f25160) 
thrown [t:\workspace\open\src\hotspot\share\interpreter\linkResolver.cpp, line 790]
Event: 0.541 Thread 0x00000261d40e0b20 Exception <a 'sun/nio/fs/WindowsException'{0x00000000c1f7b808}> (0x00000000c1f7b808) 
thrown [t:\workspace\open\src\hotspot\share\prims\jni.cpp, line 579]
Event: 0.542 Thread 0x00000261d40e0b20 Exception <a 'sun/nio/fs/WindowsException'{0x00000000c1f7ba38}> (0x00000000c1f7ba38) 
thrown [t:\workspace\open\src\hotspot\share\prims\jni.cpp, line 579]
Event: 0.544 Thread 0x00000261d40e0b20 Exception <a 'java/lang/NoSuchMethodError'{0x00000000c1f7da38}: 'java.lang.Object java.lang.invoke.DirectMethodHandle$Holder.invokeStaticInit(java.lang.Object)'> (0x00000000c1f7da38) 
thrown [t:\workspace\open\src\hotspot\share\interpreter\linkResolver.cpp, line 790]

Events (20 events):
Event: 0.479 loading class java/lang/CloneNotSupportedException
Event: 0.479 loading class java/lang/CloneNotSupportedException done
Event: 0.511 Executing  VM operation: G1CollectForAllocation
Event: 0.513 Executing  VM operation: G1CollectForAllocation done
Event: 0.542 loading class jdk/internal/jrtfs/JrtFileSystem
Event: 0.542 loading class jdk/internal/jrtfs/JrtFileSystem done
Event: 0.542 loading class jdk/internal/jrtfs/JrtPath
Event: 0.543 loading class jdk/internal/jrtfs/JrtPath done
Event: 0.543 loading class jdk/internal/jrtfs/SystemImage
Event: 0.543 loading class jdk/internal/jrtfs/SystemImage done
Event: 0.544 loading class java/security/AllPermissionCollection
Event: 0.544 loading class java/security/AllPermissionCollection done
Event: 0.545 loading class jdk/internal/jrtfs/SystemImage$2
Event: 0.545 loading class jdk/internal/jrtfs/SystemImage$2 done
Event: 0.545 loading class jdk/internal/jimage/ImageReader$Directory
Event: 0.545 loading class jdk/internal/jimage/ImageReader$Node
Event: 0.545 loading class jdk/internal/jimage/ImageReader$Node done
Event: 0.545 loading class jdk/internal/jimage/ImageReader$Directory done
Event: 0.545 loading class jdk/internal/jrtfs/SystemImage$1
Event: 0.545 loading class jdk/internal/jrtfs/SystemImage$1 done


Dynamic libraries:
0x00007ff694a10000 - 0x00007ff694a18000 	C:\Program Files\Java\jdk-16\bin\javac.exe
0x00007ffac10e0000 - 0x00007ffac12d0000 	C:\WINDOWS\SYSTEM32\ntdll.dll
0x00007ffabf310000 - 0x00007ffabf3c2000 	C:\WINDOWS\System32\KERNEL32.DLL
0x00007ffabe1d0000 - 0x00007ffabe473000 	C:\WINDOWS\System32\KERNELBASE.dll
0x00007ffabe0d0000 - 0x00007ffabe1ca000 	C:\WINDOWS\System32\ucrtbase.dll
0x00007ffa83e50000 - 0x00007ffa83e69000 	C:\Program Files\Java\jdk-16\bin\VCRUNTIME140.dll
0x00007ffaadd60000 - 0x00007ffaadd78000 	C:\Program Files\Java\jdk-16\bin\jli.dll
0x00007ffac0890000 - 0x00007ffac0933000 	C:\WINDOWS\System32\ADVAPI32.dll
0x00007ffabf1c0000 - 0x00007ffabf25e000 	C:\WINDOWS\System32\msvcrt.dll
0x00007ffabfcc0000 - 0x00007ffabfd57000 	C:\WINDOWS\System32\sechost.dll
0x00007ffabf730000 - 0x00007ffabf850000 	C:\WINDOWS\System32\RPCRT4.dll
0x00007ffac0580000 - 0x00007ffac0714000 	C:\WINDOWS\System32\USER32.dll
0x00007ffabf160000 - 0x00007ffabf181000 	C:\WINDOWS\System32\win32u.dll
0x00007ffa9ca80000 - 0x00007ffa9cd05000 	C:\WINDOWS\WinSxS\amd64_microsoft.windows.common-controls_6595b64144ccf1df_6.0.18362.535_none_e6c3b34713100821\COMCTL32.dll
0x00007ffac0860000 - 0x00007ffac0886000 	C:\WINDOWS\System32\GDI32.dll
0x00007ffabf920000 - 0x00007ffabfc56000 	C:\WINDOWS\System32\combase.dll
0x00007ffabecf0000 - 0x00007ffabee84000 	C:\WINDOWS\System32\gdi32full.dll
0x00007ffabec50000 - 0x00007ffabecee000 	C:\WINDOWS\System32\msvcp_win.dll
0x00007ffabef40000 - 0x00007ffabefc0000 	C:\WINDOWS\System32\bcryptPrimitives.dll
0x00007ffab30e0000 - 0x00007ffab30ea000 	C:\WINDOWS\SYSTEM32\VERSION.dll
0x00007ffabffa0000 - 0x00007ffabffce000 	C:\WINDOWS\System32\IMM32.DLL
0x00007ffaa9f40000 - 0x00007ffaa9f4c000 	C:\Program Files\Java\jdk-16\bin\vcruntime140_1.dll
0x00007ffa7a0c0000 - 0x00007ffa7a151000 	C:\Program Files\Java\jdk-16\bin\msvcp140.dll
0x00007ffa5e720000 - 0x00007ffa5f2cb000 	C:\Program Files\Java\jdk-16\bin\server\jvm.dll
0x00007ffabf3d0000 - 0x00007ffabf3d8000 	C:\WINDOWS\System32\PSAPI.DLL
0x00007ffaaa110000 - 0x00007ffaaa119000 	C:\WINDOWS\SYSTEM32\WSOCK32.dll
0x00007ffab7d70000 - 0x00007ffab7d94000 	C:\WINDOWS\SYSTEM32\WINMM.dll
0x00007ffabf640000 - 0x00007ffabf6af000 	C:\WINDOWS\System32\WS2_32.dll
0x00007ffab7d40000 - 0x00007ffab7d6d000 	C:\WINDOWS\SYSTEM32\WINMMBASE.dll
0x00007ffabf110000 - 0x00007ffabf15a000 	C:\WINDOWS\System32\cfgmgr32.dll
0x00007ffabe010000 - 0x00007ffabe021000 	C:\WINDOWS\System32\kernel.appcore.dll
0x00007ffaa9e00000 - 0x00007ffaa9e0a000 	C:\Program Files\Java\jdk-16\bin\jimage.dll
0x00007ffab9890000 - 0x00007ffab9a84000 	C:\WINDOWS\SYSTEM32\DBGHELP.DLL
0x00007ffa9ffb0000 - 0x00007ffa9ffda000 	C:\WINDOWS\SYSTEM32\dbgcore.DLL
0x00007ffa83b00000 - 0x00007ffa83b25000 	C:\Program Files\Java\jdk-16\bin\java.dll
0x00007ffac0940000 - 0x00007ffac1025000 	C:\WINDOWS\System32\SHELL32.dll
0x00007ffabf590000 - 0x00007ffabf639000 	C:\WINDOWS\System32\shcore.dll
0x00007ffabe480000 - 0x00007ffabebff000 	C:\WINDOWS\System32\windows.storage.dll
0x00007ffabe030000 - 0x00007ffabe04f000 	C:\WINDOWS\System32\profapi.dll
0x00007ffabdfc0000 - 0x00007ffabe00a000 	C:\WINDOWS\System32\powrprof.dll
0x00007ffabdfb0000 - 0x00007ffabdfc0000 	C:\WINDOWS\System32\UMPDC.dll
0x00007ffac0800000 - 0x00007ffac0852000 	C:\WINDOWS\System32\shlwapi.dll
0x00007ffabec30000 - 0x00007ffabec47000 	C:\WINDOWS\System32\cryptsp.dll
0x00007ffa7fbf0000 - 0x00007ffa7fc09000 	C:\Program Files\Java\jdk-16\bin\net.dll
0x00007ffaaee00000 - 0x00007ffaaeef0000 	C:\WINDOWS\SYSTEM32\WINHTTP.dll
0x00007ffabd820000 - 0x00007ffabd887000 	C:\WINDOWS\system32\mswsock.dll
0x00007ffa7a300000 - 0x00007ffa7a313000 	C:\Program Files\Java\jdk-16\bin\nio.dll
0x00007ffa7a2e0000 - 0x00007ffa7a2f8000 	C:\Program Files\Java\jdk-16\bin\zip.dll

dbghelp: loaded successfully - version: 4.0.5 - missing functions: none
symbol engine: initialized successfully - sym options: 0x614 - pdb path: .;C:\Program Files\Java\jdk-16\bin;C:\WINDOWS\SYSTEM32;C:\WINDOWS\WinSxS\amd64_microsoft.windows.common-controls_6595b64144ccf1df_6.0.18362.535_none_e6c3b34713100821;C:\Program Files\Java\jdk-16\bin\server

VM Arguments:
jvm_args: -Dapplication.home=C:\Program Files\Java\jdk-16 --add-modules=ALL-DEFAULT -Xms8m -Djdk.module.main=jdk.compiler 
java_command: jdk.compiler/com.sun.tools.javac.Main -d C:\Users\admin\Documents\NetBeansProjects\travel management system\build\classes -classpath C:\Users\admin\Documents\NetBeansProjects\travel management system\build\classes;C:\Users\admin\Documents\NetBeansProjects\mysql-connector-java-8.0.25\mysql-connector-java-8.0.25.jar -sourcepath C:\Users\admin\Documents\NetBeansProjects\travel management system\build\empty -target 16 -encoding UTF-8 -g -processorpath C:\Users\admin\Documents\NetBeansProjects\mysql-connector-java-8.0.25\mysql-connector-java-8.0.25.jar;C:\Users\admin\Documents\NetBeansProjects\travel management system\build\empty -s C:\Users\admin\Documents\NetBeansProjects\travel management system\build\generated-sources\ap-source-output -source 16 C:\Users\admin\Documents\NetBeansProjects\travel management system\src\travel\management\system\splash.java
java_class_path (initial): <not set>
Launcher Type: SUN_STANDARD

[Global flags]
     intx CICompilerCount                          = 3                                         {product} {ergonomic}
     uint ConcGCThreads                            = 1                                         {product} {ergonomic}
     uint G1ConcRefinementThreads                  = 4                                         {product} {ergonomic}
   size_t G1HeapRegionSize                         = 1048576                                   {product} {ergonomic}
    uintx GCDrainStackTargetSize                   = 64                                        {product} {ergonomic}
   size_t InitialHeapSize                          = 8388608                                   {product} {command line}
   size_t MarkStackSize                            = 4194304                                   {product} {ergonomic}
   size_t MaxHeapSize                              = 1048576000                                {product} {ergonomic}
   size_t MaxNewSize                               = 629145600                                 {product} {ergonomic}
   size_t MinHeapDeltaBytes                        = 1048576                                   {product} {ergonomic}
   size_t MinHeapSize                              = 8388608                                   {product} {command line}
    uintx NonNMethodCodeHeapSize                   = 5832780                                {pd product} {ergonomic}
    uintx NonProfiledCodeHeapSize                  = 122912730                              {pd product} {ergonomic}
    uintx ProfiledCodeHeapSize                     = 122912730                              {pd product} {ergonomic}
    uintx ReservedCodeCacheSize                    = 251658240                              {pd product} {ergonomic}
     bool SegmentedCodeCache                       = true                                      {product} {ergonomic}
   size_t SoftMaxHeapSize                          = 1048576000                             {manageable} {ergonomic}
     bool UseCompressedClassPointers               = true                           {product lp64_product} {ergonomic}
     bool UseCompressedOops                        = true                           {product lp64_product} {ergonomic}
     bool UseG1GC                                  = true                                      {product} {ergonomic}
     bool UseLargePagesIndividualAllocation        = false                                  {pd product} {ergonomic}

Logging:
Log output configuration:
 #0: stdout all=warning uptime,level,tags
 #1: stderr all=off uptime,level,tags

Environment Variables:
PATH=C:\Program Files\Common Files\Oracle\Java\javapath;C:\WINDOWS\system32;C:\WINDOWS;C:\WINDOWS\System32\Wbem;C:\WINDOWS\System32\WindowsPowerShell\v1.0\;C:\WINDOWS\System32\OpenSSH\;C:\Program Files\Microsoft SQL Server\120\Tools\Binn\;C:\Program Files (x86)\Java\jdk1.7.0_76\bin;C:\Users\admin\AppData\Local\Programs\Python\Python38-32;C:\Users\admin\AppData\Local\Programs\Python\Python38-32\Scripts;C:\Program Files (x86)\Intel\Intel(R) Management Engine Components\DAL;C:\Program Files\Intel\Intel(R) Management Engine Components\DAL;C:\WINDOWS\system32\config\systemprofile\.dnx\bin;C:\Program Files\Microsoft DNX\Dnvm\;C:\Program Files\Java\jdk-16\bin;C:\Program Files\MySQL\MySQL Server 5.5\bin;C:\Program Files (x86)\Java\jre7\bin;C:\Program Files\JetBrains\PyCharm Community Edition 2020.1.2\bin;;C:\xampp new\php;C:\Users\admin\AppData\Local\Programs\Microsoft VS Code\bin
USERNAME=admin
OS=Windows_NT
PROCESSOR_IDENTIFIER=Intel64 Family 6 Model 142 Stepping 9, GenuineIntel



---------------  S Y S T E M  ---------------

OS:
 Windows 10 , 64 bit Build 18362 (10.0.18362.329)
OS uptime: 4 days 23:33 hours

CPU: total 4 (initial active 4) (2 cores per cpu, 2 threads per core) family 6 model 142 stepping 9 microcode 0xca, cx8, cmov, fxsr, ht, mmx, 3dnowpref, sse, sse2, sse3, ssse3, sse4.1, sse4.2, popcnt, lzcnt, tsc, tscinvbit, avx, avx2, aes, erms, clmul, bmi1, bmi2, adx, fma, vzeroupper, clflush, clflushopt

Memory: 4k page, system-wide physical 3993M (345M free)
TotalPageFile size 16281M (AvailPageFile size 5M)
current process WorkingSet (physical memory assigned to process): 52M, peak: 52M
current process commit charge ("private bytes"): 87M, peak: 87M

vm_info: Java HotSpot(TM) 64-Bit Server VM (16+36-2231) for windows-amd64 JRE (16+36-2231), built on Feb  8 2021 11:43:10 by "mach5one" with MS VC++ 16.7 (VS2019)

END.
